Phase 1: Initialization (Sandbox: /raid4/courses/eda2025f/eda25f17/AIG-Minimization/temp/run_iziaqh)
[Config] Total Limit: 1800s | Iteration Limit: 180s
[Main] Detected .truth file. Starting ABC Synthesis...
[ABC] Starting Optimization...
[ABC] Constructing network: 5 inputs, 1 outputs.
[ABC] Optimization successful.
[Main] Starting eSLIM Iterative Minimization...
[Iterative] Starting loop. Total Budget: 1800s, Step Budget: 180s
[Fallback] Copied /raid4/courses/eda2025f/eda25f17/AIG-Minimization/temp/run_iziaqh/current_best.aig.abc_tmp.aig to /raid4/courses/eda2025f/eda25f17/AIG-Minimization/temp/run_iziaqh/current_best.aig
[Iterative] Initial Size: 30 AND gates.
[Iterative] Iteration 1 (Limit: 180s)...
[C++] Executing eSLIM: PYTHONPATH=$PYTHONPATH:third_party/eslim/src .venv/bin/python3 third_party/eslim/src/reduce.py /raid4/courses/eda2025f/eda25f17/AIG-Minimization/temp/run_iziaqh/current_best.aig /raid4/courses/eda2025f/eda25f17/AIG-Minimization/temp/run_iziaqh/current_best.aig.iter_tmp.aig 180 --aig --aig-out /raid4/courses/eda2025f/eda25f17/AIG-Minimization/temp/run_iziaqh/current_best.aig.iter_tmp.aig --gs 2 --syn-mode sat
INFO:root:Used seed: 6289863717913286674
INFO:root:Available time used up. Nof considered subcircuits: 1034
INFO:root:Initial #gates: 30; Final #gates: 10
Initial Depth:     7
Initial Nof gates: 30
Total time: 180.51272702217102
Initial #gates: 30; current #gates: 10
Initial depth: 7; current depth: 6
[C++] eSLIM optimization complete. Saved to /raid4/courses/eda2025f/eda25f17/AIG-Minimization/temp/run_iziaqh/current_best.aig.iter_tmp.aig
[Iterative] Size change: 30 -> 10
[Iterative] Improvement found! Updating best result.
[Fallback] Copied /raid4/courses/eda2025f/eda25f17/AIG-Minimization/temp/run_iziaqh/current_best.aig.iter_tmp.aig to /raid4/courses/eda2025f/eda25f17/AIG-Minimization/temp/run_iziaqh/current_best.aig
[Iterative] Iteration 2 (Limit: 180s)...
[C++] Executing eSLIM: PYTHONPATH=$PYTHONPATH:third_party/eslim/src .venv/bin/python3 third_party/eslim/src/reduce.py /raid4/courses/eda2025f/eda25f17/AIG-Minimization/temp/run_iziaqh/current_best.aig /raid4/courses/eda2025f/eda25f17/AIG-Minimization/temp/run_iziaqh/current_best.aig.iter_tmp.aig 180 --aig --aig-out /raid4/courses/eda2025f/eda25f17/AIG-Minimization/temp/run_iziaqh/current_best.aig.iter_tmp.aig --gs 2 --syn-mode sat
INFO:root:Used seed: 5911070287323535520
INFO:root:Available time used up. Nof considered subcircuits: 890
INFO:root:Initial #gates: 10; Final #gates: 10
Initial Depth:     6
Initial Nof gates: 10
Total time: 180.05743169784546
Initial #gates: 10; current #gates: 10
Initial depth: 6; current depth: 5
[C++] eSLIM optimization complete. Saved to /raid4/courses/eda2025f/eda25f17/AIG-Minimization/temp/run_iziaqh/current_best.aig.iter_tmp.aig
[Iterative] Size change: 10 -> 10
[Iterative] No improvement (Converged). Stopping.
[Iterative] Final Result: 10 AND gates.
--- Iteration 1 / 5 ---
[Step 1 (Simplifier)] Running... (Max: 1439s)
<Simplifier>(Tue Dec 16 10:24:15 2025) INFO: Processing benchmark tmp_sim_9383_in/tmp_sim_9383.bench.
[Check] Verification FAILED!
--- ABC Output ---

======== ABC command line "read /raid4/courses/eda2025f/eda25f17/AIG-Minimization/temp/run_iziaqh/golden.aig; cec /raid4/courses/eda2025f/eda25f17/AIG-Minimization/temp/run_iziaqh/temp_next.aig"
Networks have different number of primary inputs.
Miter computation has failed.
------------------
   [FAIL] Verification Failed. Discarding result.
[Step 2 (eSLIM)] Running... (Max: 1436s)
[Config] Total Limit: 1436s | Iteration Limit: 180s
[Main] Detected .aig file. Starting eSLIM Iterative Minimization...
[Iterative] Starting loop. Total Budget: 1436s, Step Budget: 180s
[Fallback] Copied /raid4/courses/eda2025f/eda25f17/AIG-Minimization/temp/run_iziaqh/current_best.aig to /raid4/courses/eda2025f/eda25f17/AIG-Minimization/temp/run_iziaqh/temp_next.aig
[Iterative] Initial Size: 10 AND gates.
[Iterative] Iteration 1 (Limit: 180s)...
[C++] Executing eSLIM: PYTHONPATH=$PYTHONPATH:third_party/eslim/src .venv/bin/python3 third_party/eslim/src/reduce.py /raid4/courses/eda2025f/eda25f17/AIG-Minimization/temp/run_iziaqh/temp_next.aig /raid4/courses/eda2025f/eda25f17/AIG-Minimization/temp/run_iziaqh/temp_next.aig.iter_tmp.aig 180 --aig --aig-out /raid4/courses/eda2025f/eda25f17/AIG-Minimization/temp/run_iziaqh/temp_next.aig.iter_tmp.aig --gs 2 --syn-mode sat
INFO:root:Used seed: 3225417313567051644
INFO:root:Available time used up. Nof considered subcircuits: 743
INFO:root:Initial #gates: 10; Final #gates: 10
Initial Depth:     6
Initial Nof gates: 10
Total time: 180.05908799171448
Initial #gates: 10; current #gates: 10
Initial depth: 6; current depth: 6
[C++] eSLIM optimization complete. Saved to /raid4/courses/eda2025f/eda25f17/AIG-Minimization/temp/run_iziaqh/temp_next.aig.iter_tmp.aig
[Iterative] Size change: 10 -> 10
[Iterative] No improvement (Converged). Stopping.
[Iterative] Final Result: 10 AND gates.
[Check] Equivalent.
   [Pass] Verified.
[Step 3 (Teammate B)] Binary missing (skipping)...
--- Iteration 2 / 5 ---
[Step 1 (Simplifier)] Running... (Max: 1256s)
<Simplifier>(Tue Dec 16 10:27:18 2025) INFO: Processing benchmark tmp_sim_9383_in.
Can't open file, path is incorrect.
Aborted (core dumped)
[Warning] Simplifier failed. Copying input to output.
[Check] Equivalent.
   [Pass] Verified.
[Step 2 (eSLIM)] Running... (Max: 1254s)
[Config] Total Limit: 1254s | Iteration Limit: 180s
[Main] Detected .aig file. Starting eSLIM Iterative Minimization...
[Iterative] Starting loop. Total Budget: 1254s, Step Budget: 180s
[Fallback] Copied /raid4/courses/eda2025f/eda25f17/AIG-Minimization/temp/run_iziaqh/current_best.aig to /raid4/courses/eda2025f/eda25f17/AIG-Minimization/temp/run_iziaqh/temp_next.aig
[Iterative] Initial Size: 10 AND gates.
[Iterative] Iteration 1 (Limit: 180s)...
[C++] Executing eSLIM: PYTHONPATH=$PYTHONPATH:third_party/eslim/src .venv/bin/python3 third_party/eslim/src/reduce.py /raid4/courses/eda2025f/eda25f17/AIG-Minimization/temp/run_iziaqh/temp_next.aig /raid4/courses/eda2025f/eda25f17/AIG-Minimization/temp/run_iziaqh/temp_next.aig.iter_tmp.aig 180 --aig --aig-out /raid4/courses/eda2025f/eda25f17/AIG-Minimization/temp/run_iziaqh/temp_next.aig.iter_tmp.aig --gs 2 --syn-mode sat
INFO:root:Used seed: 241040386280450622
INFO:root:Available time used up. Nof considered subcircuits: 709
INFO:root:Initial #gates: 10; Final #gates: 10
Initial Depth:     6
Initial Nof gates: 10
Total time: 180.76320910453796
Initial #gates: 10; current #gates: 10
Initial depth: 6; current depth: 6
[C++] eSLIM optimization complete. Saved to /raid4/courses/eda2025f/eda25f17/AIG-Minimization/temp/run_iziaqh/temp_next.aig.iter_tmp.aig
[Iterative] Size change: 10 -> 10
[Iterative] No improvement (Converged). Stopping.
[Iterative] Final Result: 10 AND gates.
[Check] Equivalent.
   [Pass] Verified.
[Step 3 (Teammate B)] Binary missing (skipping)...
--- Iteration 3 / 5 ---
[Step 1 (Simplifier)] Running... (Max: 1073s)
<Simplifier>(Tue Dec 16 10:30:21 2025) INFO: Processing benchmark tmp_sim_9383_in.
Can't open file, path is incorrect.
Aborted (core dumped)
[Warning] Simplifier failed. Copying input to output.
[Check] Equivalent.
   [Pass] Verified.
[Step 2 (eSLIM)] Running... (Max: 1071s)
[Config] Total Limit: 1071s | Iteration Limit: 180s
[Main] Detected .aig file. Starting eSLIM Iterative Minimization...
[Iterative] Starting loop. Total Budget: 1071s, Step Budget: 180s
[Fallback] Copied /raid4/courses/eda2025f/eda25f17/AIG-Minimization/temp/run_iziaqh/current_best.aig to /raid4/courses/eda2025f/eda25f17/AIG-Minimization/temp/run_iziaqh/temp_next.aig
[Iterative] Initial Size: 10 AND gates.
[Iterative] Iteration 1 (Limit: 180s)...
[C++] Executing eSLIM: PYTHONPATH=$PYTHONPATH:third_party/eslim/src .venv/bin/python3 third_party/eslim/src/reduce.py /raid4/courses/eda2025f/eda25f17/AIG-Minimization/temp/run_iziaqh/temp_next.aig /raid4/courses/eda2025f/eda25f17/AIG-Minimization/temp/run_iziaqh/temp_next.aig.iter_tmp.aig 180 --aig --aig-out /raid4/courses/eda2025f/eda25f17/AIG-Minimization/temp/run_iziaqh/temp_next.aig.iter_tmp.aig --gs 2 --syn-mode sat
INFO:root:Used seed: 8797033175231874501
INFO:root:Available time used up. Nof considered subcircuits: 1049
INFO:root:Initial #gates: 10; Final #gates: 10
Initial Depth:     6
Initial Nof gates: 10
Total time: 180.38440346717834
Initial #gates: 10; current #gates: 10
Initial depth: 6; current depth: 6
[C++] eSLIM optimization complete. Saved to /raid4/courses/eda2025f/eda25f17/AIG-Minimization/temp/run_iziaqh/temp_next.aig.iter_tmp.aig
[Iterative] Size change: 10 -> 10
[Iterative] No improvement (Converged). Stopping.
[Iterative] Final Result: 10 AND gates.
[Check] Equivalent.
   [Pass] Verified.
[Step 3 (Teammate B)] Binary missing (skipping)...
--- Iteration 4 / 5 ---
[Step 1 (Simplifier)] Running... (Max: 890s)
<Simplifier>(Tue Dec 16 10:33:24 2025) INFO: Processing benchmark tmp_sim_9383_in.
Can't open file, path is incorrect.
Aborted (core dumped)
[Warning] Simplifier failed. Copying input to output.
[Check] Equivalent.
   [Pass] Verified.
[Step 2 (eSLIM)] Running... (Max: 888s)
[Config] Total Limit: 888s | Iteration Limit: 180s
[Main] Detected .aig file. Starting eSLIM Iterative Minimization...
[Iterative] Starting loop. Total Budget: 888s, Step Budget: 180s
[Fallback] Copied /raid4/courses/eda2025f/eda25f17/AIG-Minimization/temp/run_iziaqh/current_best.aig to /raid4/courses/eda2025f/eda25f17/AIG-Minimization/temp/run_iziaqh/temp_next.aig
[Iterative] Initial Size: 10 AND gates.
[Iterative] Iteration 1 (Limit: 180s)...
[C++] Executing eSLIM: PYTHONPATH=$PYTHONPATH:third_party/eslim/src .venv/bin/python3 third_party/eslim/src/reduce.py /raid4/courses/eda2025f/eda25f17/AIG-Minimization/temp/run_iziaqh/temp_next.aig /raid4/courses/eda2025f/eda25f17/AIG-Minimization/temp/run_iziaqh/temp_next.aig.iter_tmp.aig 180 --aig --aig-out /raid4/courses/eda2025f/eda25f17/AIG-Minimization/temp/run_iziaqh/temp_next.aig.iter_tmp.aig --gs 2 --syn-mode sat
INFO:root:Used seed: 7113132678474548271
INFO:root:Available time used up. Nof considered subcircuits: 994
INFO:root:Initial #gates: 10; Final #gates: 10
Initial Depth:     6
Initial Nof gates: 10
Total time: 180.23221063613892
Initial #gates: 10; current #gates: 10
Initial depth: 6; current depth: 6
[C++] eSLIM optimization complete. Saved to /raid4/courses/eda2025f/eda25f17/AIG-Minimization/temp/run_iziaqh/temp_next.aig.iter_tmp.aig
[Iterative] Size change: 10 -> 10
[Iterative] No improvement (Converged). Stopping.
[Iterative] Final Result: 10 AND gates.
[Check] Equivalent.
   [Pass] Verified.
[Step 3 (Teammate B)] Binary missing (skipping)...
--- Iteration 5 / 5 ---
[Step 1 (Simplifier)] Running... (Max: 708s)
<Simplifier>(Tue Dec 16 10:36:26 2025) INFO: Processing benchmark tmp_sim_9383_in.
Can't open file, path is incorrect.
Aborted (core dumped)
[Warning] Simplifier failed. Copying input to output.
[Check] Equivalent.
   [Pass] Verified.
[Step 2 (eSLIM)] Running... (Max: 706s)
[Config] Total Limit: 706s | Iteration Limit: 180s
[Main] Detected .aig file. Starting eSLIM Iterative Minimization...
[Iterative] Starting loop. Total Budget: 706s, Step Budget: 180s
[Fallback] Copied /raid4/courses/eda2025f/eda25f17/AIG-Minimization/temp/run_iziaqh/current_best.aig to /raid4/courses/eda2025f/eda25f17/AIG-Minimization/temp/run_iziaqh/temp_next.aig
[Iterative] Initial Size: 10 AND gates.
[Iterative] Iteration 1 (Limit: 180s)...
[C++] Executing eSLIM: PYTHONPATH=$PYTHONPATH:third_party/eslim/src .venv/bin/python3 third_party/eslim/src/reduce.py /raid4/courses/eda2025f/eda25f17/AIG-Minimization/temp/run_iziaqh/temp_next.aig /raid4/courses/eda2025f/eda25f17/AIG-Minimization/temp/run_iziaqh/temp_next.aig.iter_tmp.aig 180 --aig --aig-out /raid4/courses/eda2025f/eda25f17/AIG-Minimization/temp/run_iziaqh/temp_next.aig.iter_tmp.aig --gs 2 --syn-mode sat
INFO:root:Used seed: 7743571331095879790
INFO:root:Available time used up. Nof considered subcircuits: 817
INFO:root:Initial #gates: 10; Final #gates: 10
Initial Depth:     6
Initial Nof gates: 10
Total time: 180.61351346969604
Initial #gates: 10; current #gates: 10
Initial depth: 6; current depth: 6
[C++] eSLIM optimization complete. Saved to /raid4/courses/eda2025f/eda25f17/AIG-Minimization/temp/run_iziaqh/temp_next.aig.iter_tmp.aig
[Iterative] Size change: 10 -> 10
[Iterative] No improvement (Converged). Stopping.
[Iterative] Final Result: 10 AND gates.
[Check] Equivalent.
   [Pass] Verified.
[Step 3 (Teammate B)] Binary missing (skipping)...
[Success] Optimization loop completed.

[System] Saved best result to: ./results/2022/ex10.aig
