Phase 1: Initialization (Sandbox: /raid4/courses/eda2025f/eda25f17/AIG-Minimization/temp/run_bLOeSA)
[Config] Total Limit: 1800s | Iteration Limit: 180s
[Main] Detected .truth file. Starting ABC Synthesis...
[ABC] Starting Optimization...
[ABC] Constructing network: 16 inputs, 16 outputs.
[ABC] Optimization successful.
[Main] Starting eSLIM Iterative Minimization...
[Iterative] Starting loop. Total Budget: 1800s, Step Budget: 180s
[Fallback] Copied /raid4/courses/eda2025f/eda25f17/AIG-Minimization/temp/run_bLOeSA/current_best.aig.abc_tmp.aig to /raid4/courses/eda2025f/eda25f17/AIG-Minimization/temp/run_bLOeSA/current_best.aig
[Iterative] Initial Size: 233572 AND gates.
[Iterative] Iteration 1 (Limit: 180s)...
[C++] Executing eSLIM: PYTHONPATH=$PYTHONPATH:third_party/eslim/src .venv/bin/python3 third_party/eslim/src/reduce.py /raid4/courses/eda2025f/eda25f17/AIG-Minimization/temp/run_bLOeSA/current_best.aig /raid4/courses/eda2025f/eda25f17/AIG-Minimization/temp/run_bLOeSA/current_best.aig.iter_tmp.aig 180 --aig --aig-out /raid4/courses/eda2025f/eda25f17/AIG-Minimization/temp/run_bLOeSA/current_best.aig.iter_tmp.aig --gs 2 --syn-mode sat
INFO:root:Used seed: 8124594588022163181
INFO:root:Available time used up. Nof considered subcircuits: 8
INFO:root:Initial #gates: 233572; Final #gates: 233562
Initial Depth:     32
Initial Nof gates: 233572
Total time: 258.02644515037537
Initial #gates: 233572; current #gates: 233562
Initial depth: 32; current depth: 36
[C++] eSLIM optimization complete. Saved to /raid4/courses/eda2025f/eda25f17/AIG-Minimization/temp/run_bLOeSA/current_best.aig.iter_tmp.aig
[Iterative] Size change: 233572 -> 233562
[Iterative] Improvement found! Updating best result.
[Fallback] Copied /raid4/courses/eda2025f/eda25f17/AIG-Minimization/temp/run_bLOeSA/current_best.aig.iter_tmp.aig to /raid4/courses/eda2025f/eda25f17/AIG-Minimization/temp/run_bLOeSA/current_best.aig
[Iterative] Iteration 2 (Limit: 180s)...
[C++] Executing eSLIM: PYTHONPATH=$PYTHONPATH:third_party/eslim/src .venv/bin/python3 third_party/eslim/src/reduce.py /raid4/courses/eda2025f/eda25f17/AIG-Minimization/temp/run_bLOeSA/current_best.aig /raid4/courses/eda2025f/eda25f17/AIG-Minimization/temp/run_bLOeSA/current_best.aig.iter_tmp.aig 180 --aig --aig-out /raid4/courses/eda2025f/eda25f17/AIG-Minimization/temp/run_bLOeSA/current_best.aig.iter_tmp.aig --gs 2 --syn-mode sat
INFO:root:Used seed: 1610801130904159771
INFO:root:Available time used up. Nof considered subcircuits: 15
INFO:root:Initial #gates: 233562; Final #gates: 233559
Initial Depth:     36
Initial Nof gates: 233562
Total time: 195.07708835601807
Initial #gates: 233562; current #gates: 233559
Initial depth: 36; current depth: 38
[C++] eSLIM optimization complete. Saved to /raid4/courses/eda2025f/eda25f17/AIG-Minimization/temp/run_bLOeSA/current_best.aig.iter_tmp.aig
[Iterative] Size change: 233562 -> 233559
[Iterative] Improvement found! Updating best result.
[Fallback] Copied /raid4/courses/eda2025f/eda25f17/AIG-Minimization/temp/run_bLOeSA/current_best.aig.iter_tmp.aig to /raid4/courses/eda2025f/eda25f17/AIG-Minimization/temp/run_bLOeSA/current_best.aig
[Iterative] Iteration 3 (Limit: 180s)...
[C++] Executing eSLIM: PYTHONPATH=$PYTHONPATH:third_party/eslim/src .venv/bin/python3 third_party/eslim/src/reduce.py /raid4/courses/eda2025f/eda25f17/AIG-Minimization/temp/run_bLOeSA/current_best.aig /raid4/courses/eda2025f/eda25f17/AIG-Minimization/temp/run_bLOeSA/current_best.aig.iter_tmp.aig 180 --aig --aig-out /raid4/courses/eda2025f/eda25f17/AIG-Minimization/temp/run_bLOeSA/current_best.aig.iter_tmp.aig --gs 2 --syn-mode sat
INFO:root:Used seed: 6912251832993289446
INFO:root:Available time used up. Nof considered subcircuits: 13
INFO:root:Initial #gates: 233559; Final #gates: 233551
Initial Depth:     38
Initial Nof gates: 233559
Total time: 184.25242257118225
Initial #gates: 233559; current #gates: 233551
Initial depth: 38; current depth: 39
[C++] eSLIM optimization complete. Saved to /raid4/courses/eda2025f/eda25f17/AIG-Minimization/temp/run_bLOeSA/current_best.aig.iter_tmp.aig
[Iterative] Size change: 233559 -> 233551
[Iterative] Improvement found! Updating best result.
[Fallback] Copied /raid4/courses/eda2025f/eda25f17/AIG-Minimization/temp/run_bLOeSA/current_best.aig.iter_tmp.aig to /raid4/courses/eda2025f/eda25f17/AIG-Minimization/temp/run_bLOeSA/current_best.aig
[Iterative] Iteration 4 (Limit: 180s)...
[C++] Executing eSLIM: PYTHONPATH=$PYTHONPATH:third_party/eslim/src .venv/bin/python3 third_party/eslim/src/reduce.py /raid4/courses/eda2025f/eda25f17/AIG-Minimization/temp/run_bLOeSA/current_best.aig /raid4/courses/eda2025f/eda25f17/AIG-Minimization/temp/run_bLOeSA/current_best.aig.iter_tmp.aig 180 --aig --aig-out /raid4/courses/eda2025f/eda25f17/AIG-Minimization/temp/run_bLOeSA/current_best.aig.iter_tmp.aig --gs 2 --syn-mode sat
INFO:root:Used seed: 8554336923929947832
INFO:root:Available time used up. Nof considered subcircuits: 12
INFO:root:Initial #gates: 233551; Final #gates: 233544
Initial Depth:     39
Initial Nof gates: 233551
Total time: 186.72995615005493
Initial #gates: 233551; current #gates: 233544
Initial depth: 39; current depth: 39
[C++] eSLIM optimization complete. Saved to /raid4/courses/eda2025f/eda25f17/AIG-Minimization/temp/run_bLOeSA/current_best.aig.iter_tmp.aig
[Iterative] Size change: 233551 -> 233544
[Iterative] Improvement found! Updating best result.
[Fallback] Copied /raid4/courses/eda2025f/eda25f17/AIG-Minimization/temp/run_bLOeSA/current_best.aig.iter_tmp.aig to /raid4/courses/eda2025f/eda25f17/AIG-Minimization/temp/run_bLOeSA/current_best.aig
[Iterative] Iteration 5 (Limit: 180s)...
[C++] Executing eSLIM: PYTHONPATH=$PYTHONPATH:third_party/eslim/src .venv/bin/python3 third_party/eslim/src/reduce.py /raid4/courses/eda2025f/eda25f17/AIG-Minimization/temp/run_bLOeSA/current_best.aig /raid4/courses/eda2025f/eda25f17/AIG-Minimization/temp/run_bLOeSA/current_best.aig.iter_tmp.aig 180 --aig --aig-out /raid4/courses/eda2025f/eda25f17/AIG-Minimization/temp/run_bLOeSA/current_best.aig.iter_tmp.aig --gs 2 --syn-mode sat
INFO:root:Used seed: 8828123342989553582
INFO:root:Available time used up. Nof considered subcircuits: 8
INFO:root:Initial #gates: 233544; Final #gates: 233536
Initial Depth:     39
Initial Nof gates: 233544
Total time: 186.61541485786438
Initial #gates: 233544; current #gates: 233536
Initial depth: 39; current depth: 39
[C++] eSLIM optimization complete. Saved to /raid4/courses/eda2025f/eda25f17/AIG-Minimization/temp/run_bLOeSA/current_best.aig.iter_tmp.aig
[Iterative] Size change: 233544 -> 233536
[Iterative] Improvement found! Updating best result.
[Fallback] Copied /raid4/courses/eda2025f/eda25f17/AIG-Minimization/temp/run_bLOeSA/current_best.aig.iter_tmp.aig to /raid4/courses/eda2025f/eda25f17/AIG-Minimization/temp/run_bLOeSA/current_best.aig
[Iterative] Iteration 6 (Limit: 180s)...
[C++] Executing eSLIM: PYTHONPATH=$PYTHONPATH:third_party/eslim/src .venv/bin/python3 third_party/eslim/src/reduce.py /raid4/courses/eda2025f/eda25f17/AIG-Minimization/temp/run_bLOeSA/current_best.aig /raid4/courses/eda2025f/eda25f17/AIG-Minimization/temp/run_bLOeSA/current_best.aig.iter_tmp.aig 180 --aig --aig-out /raid4/courses/eda2025f/eda25f17/AIG-Minimization/temp/run_bLOeSA/current_best.aig.iter_tmp.aig --gs 2 --syn-mode sat
INFO:root:Used seed: 7355676060042987732
INFO:root:Available time used up. Nof considered subcircuits: 14
INFO:root:Initial #gates: 233536; Final #gates: 233523
Initial Depth:     39
Initial Nof gates: 233536
Total time: 209.36383509635925
Initial #gates: 233536; current #gates: 233523
Initial depth: 39; current depth: 39
[C++] eSLIM optimization complete. Saved to /raid4/courses/eda2025f/eda25f17/AIG-Minimization/temp/run_bLOeSA/current_best.aig.iter_tmp.aig
[Iterative] Size change: 233536 -> 233522
[Iterative] Improvement found! Updating best result.
[Fallback] Copied /raid4/courses/eda2025f/eda25f17/AIG-Minimization/temp/run_bLOeSA/current_best.aig.iter_tmp.aig to /raid4/courses/eda2025f/eda25f17/AIG-Minimization/temp/run_bLOeSA/current_best.aig
[Iterative] Iteration 7 (Limit: 180s)...
[C++] Executing eSLIM: PYTHONPATH=$PYTHONPATH:third_party/eslim/src .venv/bin/python3 third_party/eslim/src/reduce.py /raid4/courses/eda2025f/eda25f17/AIG-Minimization/temp/run_bLOeSA/current_best.aig /raid4/courses/eda2025f/eda25f17/AIG-Minimization/temp/run_bLOeSA/current_best.aig.iter_tmp.aig 180 --aig --aig-out /raid4/courses/eda2025f/eda25f17/AIG-Minimization/temp/run_bLOeSA/current_best.aig.iter_tmp.aig --gs 2 --syn-mode sat
INFO:root:Used seed: 8357121086074953646
INFO:root:Available time used up. Nof considered subcircuits: 11
INFO:root:Initial #gates: 233522; Final #gates: 233511
Initial Depth:     39
Initial Nof gates: 233522
Total time: 210.43814325332642
Initial #gates: 233522; current #gates: 233511
Initial depth: 39; current depth: 39
[C++] eSLIM optimization complete. Saved to /raid4/courses/eda2025f/eda25f17/AIG-Minimization/temp/run_bLOeSA/current_best.aig.iter_tmp.aig
[Iterative] Size change: 233522 -> 233511
[Iterative] Improvement found! Updating best result.
[Fallback] Copied /raid4/courses/eda2025f/eda25f17/AIG-Minimization/temp/run_bLOeSA/current_best.aig.iter_tmp.aig to /raid4/courses/eda2025f/eda25f17/AIG-Minimization/temp/run_bLOeSA/current_best.aig
[Iterative] Iteration 8 (Limit: 180s)...
[C++] Executing eSLIM: PYTHONPATH=$PYTHONPATH:third_party/eslim/src .venv/bin/python3 third_party/eslim/src/reduce.py /raid4/courses/eda2025f/eda25f17/AIG-Minimization/temp/run_bLOeSA/current_best.aig /raid4/courses/eda2025f/eda25f17/AIG-Minimization/temp/run_bLOeSA/current_best.aig.iter_tmp.aig 180 --aig --aig-out /raid4/courses/eda2025f/eda25f17/AIG-Minimization/temp/run_bLOeSA/current_best.aig.iter_tmp.aig --gs 2 --syn-mode sat
INFO:root:Used seed: 6278022399514178946
INFO:root:Available time used up. Nof considered subcircuits: 14
INFO:root:Initial #gates: 233511; Final #gates: 233504
Initial Depth:     39
Initial Nof gates: 233511
Total time: 190.79385256767273
Initial #gates: 233511; current #gates: 233504
Initial depth: 39; current depth: 42
[C++] eSLIM optimization complete. Saved to /raid4/courses/eda2025f/eda25f17/AIG-Minimization/temp/run_bLOeSA/current_best.aig.iter_tmp.aig
[Iterative] Size change: 233511 -> 233504
[Iterative] Improvement found! Updating best result.
[Fallback] Copied /raid4/courses/eda2025f/eda25f17/AIG-Minimization/temp/run_bLOeSA/current_best.aig.iter_tmp.aig to /raid4/courses/eda2025f/eda25f17/AIG-Minimization/temp/run_bLOeSA/current_best.aig
[Iterative] Iteration 9 (Limit: 124s)...
[C++] Executing eSLIM: PYTHONPATH=$PYTHONPATH:third_party/eslim/src .venv/bin/python3 third_party/eslim/src/reduce.py /raid4/courses/eda2025f/eda25f17/AIG-Minimization/temp/run_bLOeSA/current_best.aig /raid4/courses/eda2025f/eda25f17/AIG-Minimization/temp/run_bLOeSA/current_best.aig.iter_tmp.aig 124 --aig --aig-out /raid4/courses/eda2025f/eda25f17/AIG-Minimization/temp/run_bLOeSA/current_best.aig.iter_tmp.aig --gs 2 --syn-mode sat
INFO:root:Used seed: 3114776648586307599
INFO:root:Available time used up. Nof considered subcircuits: 8
INFO:root:Initial #gates: 233504; Final #gates: 233498
Initial Depth:     42
Initial Nof gates: 233504
Total time: 134.11389636993408
Initial #gates: 233504; current #gates: 233498
Initial depth: 42; current depth: 42
[C++] eSLIM optimization complete. Saved to /raid4/courses/eda2025f/eda25f17/AIG-Minimization/temp/run_bLOeSA/current_best.aig.iter_tmp.aig
[Iterative] Size change: 233504 -> 233498
[Iterative] Improvement found! Updating best result.
[Fallback] Copied /raid4/courses/eda2025f/eda25f17/AIG-Minimization/temp/run_bLOeSA/current_best.aig.iter_tmp.aig to /raid4/courses/eda2025f/eda25f17/AIG-Minimization/temp/run_bLOeSA/current_best.aig
[Iterative] Total time limit reached.
[Iterative] Final Result: 233498 AND gates.
--- Iteration 1 / 5 ---
[Timeout] Global time limit reached.

[System] Saved best result to: ./results/2022/ex27.aig
