Phase 1: Initialization (Sandbox: /raid4/courses/eda2025f/eda25f17/AIG-Minimization/temp/run_HHGqqx)
[Config] Total Limit: 1800s | Iteration Limit: 180s
[Main] Detected .truth file. Starting ABC Synthesis...
[ABC] Starting Optimization...
[ABC] Constructing network: 9 inputs, 1 outputs.
[ABC] Optimization successful.
[Main] Starting eSLIM Iterative Minimization...
[Iterative] Starting loop. Total Budget: 1800s, Step Budget: 180s
[Fallback] Copied /raid4/courses/eda2025f/eda25f17/AIG-Minimization/temp/run_HHGqqx/current_best.aig.abc_tmp.aig to /raid4/courses/eda2025f/eda25f17/AIG-Minimization/temp/run_HHGqqx/current_best.aig
[Iterative] Initial Size: 540 AND gates.
[Iterative] Iteration 1 (Limit: 180s)...
[C++] Executing eSLIM: PYTHONPATH=$PYTHONPATH:third_party/eslim/src .venv/bin/python3 third_party/eslim/src/reduce.py /raid4/courses/eda2025f/eda25f17/AIG-Minimization/temp/run_HHGqqx/current_best.aig /raid4/courses/eda2025f/eda25f17/AIG-Minimization/temp/run_HHGqqx/current_best.aig.iter_tmp.aig 180 --aig --aig-out /raid4/courses/eda2025f/eda25f17/AIG-Minimization/temp/run_HHGqqx/current_best.aig.iter_tmp.aig --gs 2 --syn-mode sat
INFO:root:Used seed: 385436987338202139
INFO:root:Available time used up. Nof considered subcircuits: 471
INFO:root:Initial #gates: 540; Final #gates: 80
Initial Depth:     17
Initial Nof gates: 540
Total time: 180.07484912872314
Initial #gates: 540; current #gates: 80
Initial depth: 17; current depth: 22
[C++] eSLIM optimization complete. Saved to /raid4/courses/eda2025f/eda25f17/AIG-Minimization/temp/run_HHGqqx/current_best.aig.iter_tmp.aig
[Iterative] Size change: 540 -> 80
[Iterative] Improvement found! Updating best result.
[Fallback] Copied /raid4/courses/eda2025f/eda25f17/AIG-Minimization/temp/run_HHGqqx/current_best.aig.iter_tmp.aig to /raid4/courses/eda2025f/eda25f17/AIG-Minimization/temp/run_HHGqqx/current_best.aig
[Iterative] Iteration 2 (Limit: 180s)...
[C++] Executing eSLIM: PYTHONPATH=$PYTHONPATH:third_party/eslim/src .venv/bin/python3 third_party/eslim/src/reduce.py /raid4/courses/eda2025f/eda25f17/AIG-Minimization/temp/run_HHGqqx/current_best.aig /raid4/courses/eda2025f/eda25f17/AIG-Minimization/temp/run_HHGqqx/current_best.aig.iter_tmp.aig 180 --aig --aig-out /raid4/courses/eda2025f/eda25f17/AIG-Minimization/temp/run_HHGqqx/current_best.aig.iter_tmp.aig --gs 2 --syn-mode sat
INFO:root:Used seed: 8075301740618948727
INFO:root:Available time used up. Nof considered subcircuits: 232
INFO:root:Initial #gates: 80; Final #gates: 66
Initial Depth:     22
Initial Nof gates: 80
Total time: 180.69821333885193
Initial #gates: 80; current #gates: 66
Initial depth: 22; current depth: 17
[C++] eSLIM optimization complete. Saved to /raid4/courses/eda2025f/eda25f17/AIG-Minimization/temp/run_HHGqqx/current_best.aig.iter_tmp.aig
[Iterative] Size change: 80 -> 66
[Iterative] Improvement found! Updating best result.
[Fallback] Copied /raid4/courses/eda2025f/eda25f17/AIG-Minimization/temp/run_HHGqqx/current_best.aig.iter_tmp.aig to /raid4/courses/eda2025f/eda25f17/AIG-Minimization/temp/run_HHGqqx/current_best.aig
[Iterative] Iteration 3 (Limit: 180s)...
[C++] Executing eSLIM: PYTHONPATH=$PYTHONPATH:third_party/eslim/src .venv/bin/python3 third_party/eslim/src/reduce.py /raid4/courses/eda2025f/eda25f17/AIG-Minimization/temp/run_HHGqqx/current_best.aig /raid4/courses/eda2025f/eda25f17/AIG-Minimization/temp/run_HHGqqx/current_best.aig.iter_tmp.aig 180 --aig --aig-out /raid4/courses/eda2025f/eda25f17/AIG-Minimization/temp/run_HHGqqx/current_best.aig.iter_tmp.aig --gs 2 --syn-mode sat
INFO:root:Used seed: 6047231846064674633
INFO:root:Available time used up. Nof considered subcircuits: 261
INFO:root:Initial #gates: 66; Final #gates: 53
Initial Depth:     17
Initial Nof gates: 66
Total time: 180.14919257164001
Initial #gates: 66; current #gates: 53
Initial depth: 17; current depth: 16
[C++] eSLIM optimization complete. Saved to /raid4/courses/eda2025f/eda25f17/AIG-Minimization/temp/run_HHGqqx/current_best.aig.iter_tmp.aig
[Iterative] Size change: 66 -> 53
[Iterative] Improvement found! Updating best result.
[Fallback] Copied /raid4/courses/eda2025f/eda25f17/AIG-Minimization/temp/run_HHGqqx/current_best.aig.iter_tmp.aig to /raid4/courses/eda2025f/eda25f17/AIG-Minimization/temp/run_HHGqqx/current_best.aig
[Iterative] Iteration 4 (Limit: 180s)...
[C++] Executing eSLIM: PYTHONPATH=$PYTHONPATH:third_party/eslim/src .venv/bin/python3 third_party/eslim/src/reduce.py /raid4/courses/eda2025f/eda25f17/AIG-Minimization/temp/run_HHGqqx/current_best.aig /raid4/courses/eda2025f/eda25f17/AIG-Minimization/temp/run_HHGqqx/current_best.aig.iter_tmp.aig 180 --aig --aig-out /raid4/courses/eda2025f/eda25f17/AIG-Minimization/temp/run_HHGqqx/current_best.aig.iter_tmp.aig --gs 2 --syn-mode sat
INFO:root:Used seed: 1489642368886321001
INFO:root:Available time used up. Nof considered subcircuits: 246
INFO:root:Initial #gates: 53; Final #gates: 53
Initial Depth:     16
Initial Nof gates: 53
Total time: 180.19278478622437
Initial #gates: 53; current #gates: 53
Initial depth: 16; current depth: 18
[C++] eSLIM optimization complete. Saved to /raid4/courses/eda2025f/eda25f17/AIG-Minimization/temp/run_HHGqqx/current_best.aig.iter_tmp.aig
[Iterative] Size change: 53 -> 53
[Iterative] No improvement (Converged). Stopping.
[Iterative] Final Result: 53 AND gates.
--- Iteration 1 / 5 ---
[Step 1 (Simplifier)] Running... (Max: 1078s)
<Simplifier>(Tue Dec 16 11:00:17 2025) INFO: Processing benchmark tmp_sim_9383_in/tmp_sim_9383.bench.
[Check] Equivalent.
   [Pass] Verified.
[Step 2 (eSLIM)] Running... (Max: 1076s)
[Config] Total Limit: 1076s | Iteration Limit: 180s
[Main] Detected .aig file. Starting eSLIM Iterative Minimization...
[Iterative] Starting loop. Total Budget: 1076s, Step Budget: 180s
[Fallback] Copied /raid4/courses/eda2025f/eda25f17/AIG-Minimization/temp/run_HHGqqx/current_best.aig to /raid4/courses/eda2025f/eda25f17/AIG-Minimization/temp/run_HHGqqx/temp_next.aig
[Iterative] Initial Size: 55 AND gates.
[Iterative] Iteration 1 (Limit: 180s)...
[C++] Executing eSLIM: PYTHONPATH=$PYTHONPATH:third_party/eslim/src .venv/bin/python3 third_party/eslim/src/reduce.py /raid4/courses/eda2025f/eda25f17/AIG-Minimization/temp/run_HHGqqx/temp_next.aig /raid4/courses/eda2025f/eda25f17/AIG-Minimization/temp/run_HHGqqx/temp_next.aig.iter_tmp.aig 180 --aig --aig-out /raid4/courses/eda2025f/eda25f17/AIG-Minimization/temp/run_HHGqqx/temp_next.aig.iter_tmp.aig --gs 2 --syn-mode sat
INFO:root:Used seed: 125260816391642395
INFO:root:Available time used up. Nof considered subcircuits: 289
INFO:root:Initial #gates: 55; Final #gates: 49
Initial Depth:     19
Initial Nof gates: 55
Total time: 180.07323551177979
Initial #gates: 55; current #gates: 49
Initial depth: 19; current depth: 17
[C++] eSLIM optimization complete. Saved to /raid4/courses/eda2025f/eda25f17/AIG-Minimization/temp/run_HHGqqx/temp_next.aig.iter_tmp.aig
[Iterative] Size change: 55 -> 49
[Iterative] Improvement found! Updating best result.
[Fallback] Copied /raid4/courses/eda2025f/eda25f17/AIG-Minimization/temp/run_HHGqqx/temp_next.aig.iter_tmp.aig to /raid4/courses/eda2025f/eda25f17/AIG-Minimization/temp/run_HHGqqx/temp_next.aig
[Iterative] Iteration 2 (Limit: 180s)...
[C++] Executing eSLIM: PYTHONPATH=$PYTHONPATH:third_party/eslim/src .venv/bin/python3 third_party/eslim/src/reduce.py /raid4/courses/eda2025f/eda25f17/AIG-Minimization/temp/run_HHGqqx/temp_next.aig /raid4/courses/eda2025f/eda25f17/AIG-Minimization/temp/run_HHGqqx/temp_next.aig.iter_tmp.aig 180 --aig --aig-out /raid4/courses/eda2025f/eda25f17/AIG-Minimization/temp/run_HHGqqx/temp_next.aig.iter_tmp.aig --gs 2 --syn-mode sat
INFO:root:Used seed: 8165145072726145259
INFO:root:Available time used up. Nof considered subcircuits: 272
INFO:root:Initial #gates: 49; Final #gates: 41
Initial Depth:     17
Initial Nof gates: 49
Total time: 180.07211351394653
Initial #gates: 49; current #gates: 41
Initial depth: 17; current depth: 18
[C++] eSLIM optimization complete. Saved to /raid4/courses/eda2025f/eda25f17/AIG-Minimization/temp/run_HHGqqx/temp_next.aig.iter_tmp.aig
[Iterative] Size change: 49 -> 41
[Iterative] Improvement found! Updating best result.
[Fallback] Copied /raid4/courses/eda2025f/eda25f17/AIG-Minimization/temp/run_HHGqqx/temp_next.aig.iter_tmp.aig to /raid4/courses/eda2025f/eda25f17/AIG-Minimization/temp/run_HHGqqx/temp_next.aig
[Iterative] Iteration 3 (Limit: 180s)...
[C++] Executing eSLIM: PYTHONPATH=$PYTHONPATH:third_party/eslim/src .venv/bin/python3 third_party/eslim/src/reduce.py /raid4/courses/eda2025f/eda25f17/AIG-Minimization/temp/run_HHGqqx/temp_next.aig /raid4/courses/eda2025f/eda25f17/AIG-Minimization/temp/run_HHGqqx/temp_next.aig.iter_tmp.aig 180 --aig --aig-out /raid4/courses/eda2025f/eda25f17/AIG-Minimization/temp/run_HHGqqx/temp_next.aig.iter_tmp.aig --gs 2 --syn-mode sat
INFO:root:Used seed: 9041947833550256394
INFO:root:Available time used up. Nof considered subcircuits: 234
INFO:root:Initial #gates: 41; Final #gates: 41
Initial Depth:     18
Initial Nof gates: 41
Total time: 180.13495230674744
Initial #gates: 41; current #gates: 41
Initial depth: 18; current depth: 17
[C++] eSLIM optimization complete. Saved to /raid4/courses/eda2025f/eda25f17/AIG-Minimization/temp/run_HHGqqx/temp_next.aig.iter_tmp.aig
[Iterative] Size change: 41 -> 41
[Iterative] No improvement (Converged). Stopping.
[Iterative] Final Result: 41 AND gates.
[Check] Equivalent.
   [Pass] Verified.
[Step 3 (Teammate B)] Binary missing (skipping)...
--- Iteration 2 / 5 ---
[Step 1 (Simplifier)] Running... (Max: 535s)
<Simplifier>(Tue Dec 16 11:09:20 2025) INFO: Processing benchmark tmp_sim_9383_in/tmp_sim_9383.bench.
[Check] Verification FAILED!
--- ABC Output ---

======== ABC command line "read /raid4/courses/eda2025f/eda25f17/AIG-Minimization/temp/run_HHGqqx/golden.aig; cec /raid4/courses/eda2025f/eda25f17/AIG-Minimization/temp/run_HHGqqx/temp_next.aig"
Networks have different number of primary inputs.
Miter computation has failed.
------------------
   [FAIL] Verification Failed. Discarding result.
[Step 2 (eSLIM)] Running... (Max: 533s)
[Config] Total Limit: 533s | Iteration Limit: 180s
[Main] Detected .aig file. Starting eSLIM Iterative Minimization...
[Iterative] Starting loop. Total Budget: 533s, Step Budget: 180s
[Fallback] Copied /raid4/courses/eda2025f/eda25f17/AIG-Minimization/temp/run_HHGqqx/current_best.aig to /raid4/courses/eda2025f/eda25f17/AIG-Minimization/temp/run_HHGqqx/temp_next.aig
[Iterative] Initial Size: 41 AND gates.
[Iterative] Iteration 1 (Limit: 180s)...
[C++] Executing eSLIM: PYTHONPATH=$PYTHONPATH:third_party/eslim/src .venv/bin/python3 third_party/eslim/src/reduce.py /raid4/courses/eda2025f/eda25f17/AIG-Minimization/temp/run_HHGqqx/temp_next.aig /raid4/courses/eda2025f/eda25f17/AIG-Minimization/temp/run_HHGqqx/temp_next.aig.iter_tmp.aig 180 --aig --aig-out /raid4/courses/eda2025f/eda25f17/AIG-Minimization/temp/run_HHGqqx/temp_next.aig.iter_tmp.aig --gs 2 --syn-mode sat
INFO:root:Used seed: 1329284682567008409
INFO:root:Available time used up. Nof considered subcircuits: 308
INFO:root:Initial #gates: 41; Final #gates: 41
Initial Depth:     18
Initial Nof gates: 41
Total time: 180.90261054039001
Initial #gates: 41; current #gates: 41
Initial depth: 18; current depth: 17
[C++] eSLIM optimization complete. Saved to /raid4/courses/eda2025f/eda25f17/AIG-Minimization/temp/run_HHGqqx/temp_next.aig.iter_tmp.aig
[Iterative] Size change: 41 -> 41
[Iterative] No improvement (Converged). Stopping.
[Iterative] Final Result: 41 AND gates.
[Check] Equivalent.
   [Pass] Verified.
[Step 3 (Teammate B)] Binary missing (skipping)...
--- Iteration 3 / 5 ---
[Step 1 (Simplifier)] Running... (Max: 352s)
<Simplifier>(Tue Dec 16 11:12:23 2025) INFO: Processing benchmark tmp_sim_9383_in/tmp_sim_9383.bench.
[Check] Verification FAILED!
--- ABC Output ---

======== ABC command line "read /raid4/courses/eda2025f/eda25f17/AIG-Minimization/temp/run_HHGqqx/golden.aig; cec /raid4/courses/eda2025f/eda25f17/AIG-Minimization/temp/run_HHGqqx/temp_next.aig"
Networks have different number of primary inputs.
Miter computation has failed.
------------------
   [FAIL] Verification Failed. Discarding result.
[Step 2 (eSLIM)] Running... (Max: 349s)
[Config] Total Limit: 349s | Iteration Limit: 180s
[Main] Detected .aig file. Starting eSLIM Iterative Minimization...
[Iterative] Starting loop. Total Budget: 349s, Step Budget: 180s
[Fallback] Copied /raid4/courses/eda2025f/eda25f17/AIG-Minimization/temp/run_HHGqqx/current_best.aig to /raid4/courses/eda2025f/eda25f17/AIG-Minimization/temp/run_HHGqqx/temp_next.aig
[Iterative] Initial Size: 41 AND gates.
[Iterative] Iteration 1 (Limit: 180s)...
[C++] Executing eSLIM: PYTHONPATH=$PYTHONPATH:third_party/eslim/src .venv/bin/python3 third_party/eslim/src/reduce.py /raid4/courses/eda2025f/eda25f17/AIG-Minimization/temp/run_HHGqqx/temp_next.aig /raid4/courses/eda2025f/eda25f17/AIG-Minimization/temp/run_HHGqqx/temp_next.aig.iter_tmp.aig 180 --aig --aig-out /raid4/courses/eda2025f/eda25f17/AIG-Minimization/temp/run_HHGqqx/temp_next.aig.iter_tmp.aig --gs 2 --syn-mode sat
INFO:root:Used seed: 6754494610014028209
INFO:root:Available time used up. Nof considered subcircuits: 372
INFO:root:Initial #gates: 41; Final #gates: 41
Initial Depth:     18
Initial Nof gates: 41
Total time: 180.26004195213318
Initial #gates: 41; current #gates: 41
Initial depth: 18; current depth: 16
[C++] eSLIM optimization complete. Saved to /raid4/courses/eda2025f/eda25f17/AIG-Minimization/temp/run_HHGqqx/temp_next.aig.iter_tmp.aig
[Iterative] Size change: 41 -> 41
[Iterative] No improvement (Converged). Stopping.
[Iterative] Final Result: 41 AND gates.
[Check] Equivalent.
   [Pass] Verified.
[Step 3 (Teammate B)] Binary missing (skipping)...
--- Iteration 4 / 5 ---
[Step 1 (Simplifier)] Running... (Max: 169s)
<Simplifier>(Tue Dec 16 11:15:26 2025) INFO: Processing benchmark tmp_sim_9383_in/tmp_sim_9383.bench.
[Warning] Simplifier failed. Copying input to output.
[Check] Equivalent.
   [Pass] Verified.
[Step 2 (eSLIM)] Running... (Max: 166s)
[Config] Total Limit: 166s | Iteration Limit: 180s
[Main] Detected .aig file. Starting eSLIM Iterative Minimization...
[Iterative] Starting loop. Total Budget: 166s, Step Budget: 180s
[Fallback] Copied /raid4/courses/eda2025f/eda25f17/AIG-Minimization/temp/run_HHGqqx/current_best.aig to /raid4/courses/eda2025f/eda25f17/AIG-Minimization/temp/run_HHGqqx/temp_next.aig
[Iterative] Initial Size: 41 AND gates.
[Iterative] Iteration 1 (Limit: 166s)...
[C++] Executing eSLIM: PYTHONPATH=$PYTHONPATH:third_party/eslim/src .venv/bin/python3 third_party/eslim/src/reduce.py /raid4/courses/eda2025f/eda25f17/AIG-Minimization/temp/run_HHGqqx/temp_next.aig /raid4/courses/eda2025f/eda25f17/AIG-Minimization/temp/run_HHGqqx/temp_next.aig.iter_tmp.aig 166 --aig --aig-out /raid4/courses/eda2025f/eda25f17/AIG-Minimization/temp/run_HHGqqx/temp_next.aig.iter_tmp.aig --gs 2 --syn-mode sat
INFO:root:Used seed: 4822038243532365554
INFO:root:Available time used up. Nof considered subcircuits: 343
INFO:root:Initial #gates: 41; Final #gates: 41
Initial Depth:     18
Initial Nof gates: 41
Total time: 166.0260875225067
Initial #gates: 41; current #gates: 41
Initial depth: 18; current depth: 17
[C++] eSLIM optimization complete. Saved to /raid4/courses/eda2025f/eda25f17/AIG-Minimization/temp/run_HHGqqx/temp_next.aig.iter_tmp.aig
[Iterative] Size change: 41 -> 41
[Iterative] No improvement (Converged). Stopping.
[Iterative] Final Result: 41 AND gates.
[Check] Equivalent.
   [Pass] Verified.
[Timeout] Time limit reached before Step 3 (Teammate B).

[System] Saved best result to: ./results/2022/ex29.aig
