Phase 1: Initialization (Sandbox: /raid4/courses/eda2025f/eda25f17/AIG-Minimization/temp/run_Prund3)
[Config] Total Limit: 1800s | Iteration Limit: 180s
[Main] Detected .truth file. Starting ABC Synthesis...
[ABC] Starting Optimization...
[ABC] Constructing network: 9 inputs, 18 outputs.
[ABC] Optimization successful.
[Main] Starting eSLIM Iterative Minimization...
[Iterative] Starting loop. Total Budget: 1800s, Step Budget: 180s
[Fallback] Copied /raid4/courses/eda2025f/eda25f17/AIG-Minimization/temp/run_Prund3/current_best.aig.abc_tmp.aig to /raid4/courses/eda2025f/eda25f17/AIG-Minimization/temp/run_Prund3/current_best.aig
[Iterative] Initial Size: 2818 AND gates.
[Iterative] Iteration 1 (Limit: 180s)...
[C++] Executing eSLIM: PYTHONPATH=$PYTHONPATH:third_party/eslim/src .venv/bin/python3 third_party/eslim/src/reduce.py /raid4/courses/eda2025f/eda25f17/AIG-Minimization/temp/run_Prund3/current_best.aig /raid4/courses/eda2025f/eda25f17/AIG-Minimization/temp/run_Prund3/current_best.aig.iter_tmp.aig 180 --aig --aig-out /raid4/courses/eda2025f/eda25f17/AIG-Minimization/temp/run_Prund3/current_best.aig.iter_tmp.aig --gs 2 --syn-mode sat
INFO:root:Used seed: 6235382155936385822
INFO:root:Available time used up. Nof considered subcircuits: 699
INFO:root:Initial #gates: 2818; Final #gates: 2584
Initial Depth:     16
Initial Nof gates: 2818
Total time: 180.05106472969055
Initial #gates: 2818; current #gates: 2584
Initial depth: 16; current depth: 72
[C++] eSLIM optimization complete. Saved to /raid4/courses/eda2025f/eda25f17/AIG-Minimization/temp/run_Prund3/current_best.aig.iter_tmp.aig
[Iterative] Size change: 2818 -> 2578
[Iterative] Improvement found! Updating best result.
[Fallback] Copied /raid4/courses/eda2025f/eda25f17/AIG-Minimization/temp/run_Prund3/current_best.aig.iter_tmp.aig to /raid4/courses/eda2025f/eda25f17/AIG-Minimization/temp/run_Prund3/current_best.aig
[Iterative] Iteration 2 (Limit: 180s)...
[C++] Executing eSLIM: PYTHONPATH=$PYTHONPATH:third_party/eslim/src .venv/bin/python3 third_party/eslim/src/reduce.py /raid4/courses/eda2025f/eda25f17/AIG-Minimization/temp/run_Prund3/current_best.aig /raid4/courses/eda2025f/eda25f17/AIG-Minimization/temp/run_Prund3/current_best.aig.iter_tmp.aig 180 --aig --aig-out /raid4/courses/eda2025f/eda25f17/AIG-Minimization/temp/run_Prund3/current_best.aig.iter_tmp.aig --gs 2 --syn-mode sat
INFO:root:Used seed: 1947738985266862545
INFO:root:Available time used up. Nof considered subcircuits: 616
INFO:root:Initial #gates: 2578; Final #gates: 2409
Initial Depth:     72
Initial Nof gates: 2578
Total time: 180.23088192939758
Initial #gates: 2578; current #gates: 2409
Initial depth: 72; current depth: 101
[C++] eSLIM optimization complete. Saved to /raid4/courses/eda2025f/eda25f17/AIG-Minimization/temp/run_Prund3/current_best.aig.iter_tmp.aig
[Iterative] Size change: 2578 -> 2407
[Iterative] Improvement found! Updating best result.
[Fallback] Copied /raid4/courses/eda2025f/eda25f17/AIG-Minimization/temp/run_Prund3/current_best.aig.iter_tmp.aig to /raid4/courses/eda2025f/eda25f17/AIG-Minimization/temp/run_Prund3/current_best.aig
[Iterative] Iteration 3 (Limit: 180s)...
[C++] Executing eSLIM: PYTHONPATH=$PYTHONPATH:third_party/eslim/src .venv/bin/python3 third_party/eslim/src/reduce.py /raid4/courses/eda2025f/eda25f17/AIG-Minimization/temp/run_Prund3/current_best.aig /raid4/courses/eda2025f/eda25f17/AIG-Minimization/temp/run_Prund3/current_best.aig.iter_tmp.aig 180 --aig --aig-out /raid4/courses/eda2025f/eda25f17/AIG-Minimization/temp/run_Prund3/current_best.aig.iter_tmp.aig --gs 2 --syn-mode sat
INFO:root:Used seed: 1966567948668901813
INFO:root:Available time used up. Nof considered subcircuits: 505
INFO:root:Initial #gates: 2407; Final #gates: 2309
Initial Depth:     101
Initial Nof gates: 2407
Total time: 180.86639833450317
Initial #gates: 2407; current #gates: 2309
Initial depth: 101; current depth: 84
[C++] eSLIM optimization complete. Saved to /raid4/courses/eda2025f/eda25f17/AIG-Minimization/temp/run_Prund3/current_best.aig.iter_tmp.aig
[Iterative] Size change: 2407 -> 2309
[Iterative] Improvement found! Updating best result.
[Fallback] Copied /raid4/courses/eda2025f/eda25f17/AIG-Minimization/temp/run_Prund3/current_best.aig.iter_tmp.aig to /raid4/courses/eda2025f/eda25f17/AIG-Minimization/temp/run_Prund3/current_best.aig
[Iterative] Iteration 4 (Limit: 180s)...
[C++] Executing eSLIM: PYTHONPATH=$PYTHONPATH:third_party/eslim/src .venv/bin/python3 third_party/eslim/src/reduce.py /raid4/courses/eda2025f/eda25f17/AIG-Minimization/temp/run_Prund3/current_best.aig /raid4/courses/eda2025f/eda25f17/AIG-Minimization/temp/run_Prund3/current_best.aig.iter_tmp.aig 180 --aig --aig-out /raid4/courses/eda2025f/eda25f17/AIG-Minimization/temp/run_Prund3/current_best.aig.iter_tmp.aig --gs 2 --syn-mode sat
INFO:root:Used seed: 5335300492216905645
INFO:root:Available time used up. Nof considered subcircuits: 500
INFO:root:Initial #gates: 2309; Final #gates: 2240
Initial Depth:     84
Initial Nof gates: 2309
Total time: 180.41912460327148
Initial #gates: 2309; current #gates: 2240
Initial depth: 84; current depth: 96
[C++] eSLIM optimization complete. Saved to /raid4/courses/eda2025f/eda25f17/AIG-Minimization/temp/run_Prund3/current_best.aig.iter_tmp.aig
[Iterative] Size change: 2309 -> 2239
[Iterative] Improvement found! Updating best result.
[Fallback] Copied /raid4/courses/eda2025f/eda25f17/AIG-Minimization/temp/run_Prund3/current_best.aig.iter_tmp.aig to /raid4/courses/eda2025f/eda25f17/AIG-Minimization/temp/run_Prund3/current_best.aig
[Iterative] Iteration 5 (Limit: 180s)...
[C++] Executing eSLIM: PYTHONPATH=$PYTHONPATH:third_party/eslim/src .venv/bin/python3 third_party/eslim/src/reduce.py /raid4/courses/eda2025f/eda25f17/AIG-Minimization/temp/run_Prund3/current_best.aig /raid4/courses/eda2025f/eda25f17/AIG-Minimization/temp/run_Prund3/current_best.aig.iter_tmp.aig 180 --aig --aig-out /raid4/courses/eda2025f/eda25f17/AIG-Minimization/temp/run_Prund3/current_best.aig.iter_tmp.aig --gs 2 --syn-mode sat
INFO:root:Used seed: 9176278155427763693
INFO:root:Available time used up. Nof considered subcircuits: 460
INFO:root:Initial #gates: 2239; Final #gates: 2201
Initial Depth:     96
Initial Nof gates: 2239
Total time: 180.35635209083557
Initial #gates: 2239; current #gates: 2201
Initial depth: 96; current depth: 110
[C++] eSLIM optimization complete. Saved to /raid4/courses/eda2025f/eda25f17/AIG-Minimization/temp/run_Prund3/current_best.aig.iter_tmp.aig
[Iterative] Size change: 2239 -> 2200
[Iterative] Improvement found! Updating best result.
[Fallback] Copied /raid4/courses/eda2025f/eda25f17/AIG-Minimization/temp/run_Prund3/current_best.aig.iter_tmp.aig to /raid4/courses/eda2025f/eda25f17/AIG-Minimization/temp/run_Prund3/current_best.aig
[Iterative] Iteration 6 (Limit: 180s)...
[C++] Executing eSLIM: PYTHONPATH=$PYTHONPATH:third_party/eslim/src .venv/bin/python3 third_party/eslim/src/reduce.py /raid4/courses/eda2025f/eda25f17/AIG-Minimization/temp/run_Prund3/current_best.aig /raid4/courses/eda2025f/eda25f17/AIG-Minimization/temp/run_Prund3/current_best.aig.iter_tmp.aig 180 --aig --aig-out /raid4/courses/eda2025f/eda25f17/AIG-Minimization/temp/run_Prund3/current_best.aig.iter_tmp.aig --gs 2 --syn-mode sat
INFO:root:Used seed: 288556083402175360
INFO:root:Available time used up. Nof considered subcircuits: 465
INFO:root:Initial #gates: 2200; Final #gates: 2167
Initial Depth:     110
Initial Nof gates: 2200
Total time: 180.49419260025024
Initial #gates: 2200; current #gates: 2167
Initial depth: 110; current depth: 126
[C++] eSLIM optimization complete. Saved to /raid4/courses/eda2025f/eda25f17/AIG-Minimization/temp/run_Prund3/current_best.aig.iter_tmp.aig
[Iterative] Size change: 2200 -> 2166
[Iterative] Improvement found! Updating best result.
[Fallback] Copied /raid4/courses/eda2025f/eda25f17/AIG-Minimization/temp/run_Prund3/current_best.aig.iter_tmp.aig to /raid4/courses/eda2025f/eda25f17/AIG-Minimization/temp/run_Prund3/current_best.aig
[Iterative] Iteration 7 (Limit: 180s)...
[C++] Executing eSLIM: PYTHONPATH=$PYTHONPATH:third_party/eslim/src .venv/bin/python3 third_party/eslim/src/reduce.py /raid4/courses/eda2025f/eda25f17/AIG-Minimization/temp/run_Prund3/current_best.aig /raid4/courses/eda2025f/eda25f17/AIG-Minimization/temp/run_Prund3/current_best.aig.iter_tmp.aig 180 --aig --aig-out /raid4/courses/eda2025f/eda25f17/AIG-Minimization/temp/run_Prund3/current_best.aig.iter_tmp.aig --gs 2 --syn-mode sat
INFO:root:Used seed: 2149638916292339415
INFO:root:Available time used up. Nof considered subcircuits: 481
INFO:root:Initial #gates: 2166; Final #gates: 2131
Initial Depth:     125
Initial Nof gates: 2166
Total time: 180.27948379516602
Initial #gates: 2166; current #gates: 2131
Initial depth: 125; current depth: 119
[C++] eSLIM optimization complete. Saved to /raid4/courses/eda2025f/eda25f17/AIG-Minimization/temp/run_Prund3/current_best.aig.iter_tmp.aig
[Iterative] Size change: 2166 -> 2131
[Iterative] Improvement found! Updating best result.
[Fallback] Copied /raid4/courses/eda2025f/eda25f17/AIG-Minimization/temp/run_Prund3/current_best.aig.iter_tmp.aig to /raid4/courses/eda2025f/eda25f17/AIG-Minimization/temp/run_Prund3/current_best.aig
[Iterative] Iteration 8 (Limit: 180s)...
[C++] Executing eSLIM: PYTHONPATH=$PYTHONPATH:third_party/eslim/src .venv/bin/python3 third_party/eslim/src/reduce.py /raid4/courses/eda2025f/eda25f17/AIG-Minimization/temp/run_Prund3/current_best.aig /raid4/courses/eda2025f/eda25f17/AIG-Minimization/temp/run_Prund3/current_best.aig.iter_tmp.aig 180 --aig --aig-out /raid4/courses/eda2025f/eda25f17/AIG-Minimization/temp/run_Prund3/current_best.aig.iter_tmp.aig --gs 2 --syn-mode sat
INFO:root:Used seed: 7540957202616642229
INFO:root:Available time used up. Nof considered subcircuits: 458
INFO:root:Initial #gates: 2131; Final #gates: 2092
Initial Depth:     119
Initial Nof gates: 2131
Total time: 180.03037023544312
Initial #gates: 2131; current #gates: 2092
Initial depth: 119; current depth: 99
[C++] eSLIM optimization complete. Saved to /raid4/courses/eda2025f/eda25f17/AIG-Minimization/temp/run_Prund3/current_best.aig.iter_tmp.aig
[Iterative] Size change: 2131 -> 2092
[Iterative] Improvement found! Updating best result.
[Fallback] Copied /raid4/courses/eda2025f/eda25f17/AIG-Minimization/temp/run_Prund3/current_best.aig.iter_tmp.aig to /raid4/courses/eda2025f/eda25f17/AIG-Minimization/temp/run_Prund3/current_best.aig
[Iterative] Iteration 9 (Limit: 180s)...
[C++] Executing eSLIM: PYTHONPATH=$PYTHONPATH:third_party/eslim/src .venv/bin/python3 third_party/eslim/src/reduce.py /raid4/courses/eda2025f/eda25f17/AIG-Minimization/temp/run_Prund3/current_best.aig /raid4/courses/eda2025f/eda25f17/AIG-Minimization/temp/run_Prund3/current_best.aig.iter_tmp.aig 180 --aig --aig-out /raid4/courses/eda2025f/eda25f17/AIG-Minimization/temp/run_Prund3/current_best.aig.iter_tmp.aig --gs 2 --syn-mode sat
INFO:root:Used seed: 1682928278331493151
INFO:root:Available time used up. Nof considered subcircuits: 480
INFO:root:Initial #gates: 2092; Final #gates: 2066
Initial Depth:     99
Initial Nof gates: 2092
Total time: 180.13924837112427
Initial #gates: 2092; current #gates: 2066
Initial depth: 99; current depth: 106
[C++] eSLIM optimization complete. Saved to /raid4/courses/eda2025f/eda25f17/AIG-Minimization/temp/run_Prund3/current_best.aig.iter_tmp.aig
[Iterative] Size change: 2092 -> 2066
[Iterative] Improvement found! Updating best result.
[Fallback] Copied /raid4/courses/eda2025f/eda25f17/AIG-Minimization/temp/run_Prund3/current_best.aig.iter_tmp.aig to /raid4/courses/eda2025f/eda25f17/AIG-Minimization/temp/run_Prund3/current_best.aig
[Iterative] Iteration 10 (Limit: 176s)...
[C++] Executing eSLIM: PYTHONPATH=$PYTHONPATH:third_party/eslim/src .venv/bin/python3 third_party/eslim/src/reduce.py /raid4/courses/eda2025f/eda25f17/AIG-Minimization/temp/run_Prund3/current_best.aig /raid4/courses/eda2025f/eda25f17/AIG-Minimization/temp/run_Prund3/current_best.aig.iter_tmp.aig 176 --aig --aig-out /raid4/courses/eda2025f/eda25f17/AIG-Minimization/temp/run_Prund3/current_best.aig.iter_tmp.aig --gs 2 --syn-mode sat
INFO:root:Used seed: 3048114575044650116
INFO:root:Available time used up. Nof considered subcircuits: 430
INFO:root:Initial #gates: 2066; Final #gates: 2039
Initial Depth:     106
Initial Nof gates: 2066
Total time: 176.78463459014893
Initial #gates: 2066; current #gates: 2039
Initial depth: 106; current depth: 95
[C++] eSLIM optimization complete. Saved to /raid4/courses/eda2025f/eda25f17/AIG-Minimization/temp/run_Prund3/current_best.aig.iter_tmp.aig
[Iterative] Size change: 2066 -> 2039
[Iterative] Improvement found! Updating best result.
[Fallback] Copied /raid4/courses/eda2025f/eda25f17/AIG-Minimization/temp/run_Prund3/current_best.aig.iter_tmp.aig to /raid4/courses/eda2025f/eda25f17/AIG-Minimization/temp/run_Prund3/current_best.aig
[Iterative] Total time limit reached.
[Iterative] Final Result: 2039 AND gates.
--- Iteration 1 / 5 ---
[Timeout] Global time limit reached.

[System] Saved best result to: ./results/2022/ex31.aig
