Phase 1: Initialization (Sandbox: /raid4/courses/eda2025f/eda25f17/AIG-Minimization/temp/run_9uxIPK)
[Config] Total Limit: 1800s | Iteration Limit: 180s
[Main] Detected .truth file. Starting ABC Synthesis...
[ABC] Starting Optimization...
[ABC] Constructing network: 8 inputs, 2 outputs.
[ABC] Optimization successful.
[Main] Starting eSLIM Iterative Minimization...
[Iterative] Starting loop. Total Budget: 1800s, Step Budget: 180s
[Fallback] Copied /raid4/courses/eda2025f/eda25f17/AIG-Minimization/temp/run_9uxIPK/current_best.aig.abc_tmp.aig to /raid4/courses/eda2025f/eda25f17/AIG-Minimization/temp/run_9uxIPK/current_best.aig
[Iterative] Initial Size: 229 AND gates.
[Iterative] Iteration 1 (Limit: 180s)...
[C++] Executing eSLIM: PYTHONPATH=$PYTHONPATH:third_party/eslim/src .venv/bin/python3 third_party/eslim/src/reduce.py /raid4/courses/eda2025f/eda25f17/AIG-Minimization/temp/run_9uxIPK/current_best.aig /raid4/courses/eda2025f/eda25f17/AIG-Minimization/temp/run_9uxIPK/current_best.aig.iter_tmp.aig 180 --aig --aig-out /raid4/courses/eda2025f/eda25f17/AIG-Minimization/temp/run_9uxIPK/current_best.aig.iter_tmp.aig --gs 2 --syn-mode sat
INFO:root:Used seed: 5228003646643355725
INFO:root:Available time used up. Nof considered subcircuits: 678
INFO:root:Initial #gates: 229; Final #gates: 19
Initial Depth:     14
Initial Nof gates: 229
Total time: 180.07163977622986
Initial #gates: 229; current #gates: 19
Initial depth: 14; current depth: 9
[C++] eSLIM optimization complete. Saved to /raid4/courses/eda2025f/eda25f17/AIG-Minimization/temp/run_9uxIPK/current_best.aig.iter_tmp.aig
[Iterative] Size change: 229 -> 19
[Iterative] Improvement found! Updating best result.
[Fallback] Copied /raid4/courses/eda2025f/eda25f17/AIG-Minimization/temp/run_9uxIPK/current_best.aig.iter_tmp.aig to /raid4/courses/eda2025f/eda25f17/AIG-Minimization/temp/run_9uxIPK/current_best.aig
[Iterative] Iteration 2 (Limit: 180s)...
[C++] Executing eSLIM: PYTHONPATH=$PYTHONPATH:third_party/eslim/src .venv/bin/python3 third_party/eslim/src/reduce.py /raid4/courses/eda2025f/eda25f17/AIG-Minimization/temp/run_9uxIPK/current_best.aig /raid4/courses/eda2025f/eda25f17/AIG-Minimization/temp/run_9uxIPK/current_best.aig.iter_tmp.aig 180 --aig --aig-out /raid4/courses/eda2025f/eda25f17/AIG-Minimization/temp/run_9uxIPK/current_best.aig.iter_tmp.aig --gs 2 --syn-mode sat
INFO:root:Used seed: 5985290272677536493
INFO:root:Available time used up. Nof considered subcircuits: 598
INFO:root:Initial #gates: 19; Final #gates: 19
Initial Depth:     9
Initial Nof gates: 19
Total time: 180.5844829082489
Initial #gates: 19; current #gates: 19
Initial depth: 9; current depth: 9
[C++] eSLIM optimization complete. Saved to /raid4/courses/eda2025f/eda25f17/AIG-Minimization/temp/run_9uxIPK/current_best.aig.iter_tmp.aig
[Iterative] Size change: 19 -> 19
[Iterative] No improvement (Converged). Stopping.
[Iterative] Final Result: 19 AND gates.
--- Iteration 1 / 5 ---
[Step 1 (Simplifier)] Running... (Max: 1439s)
<Simplifier>(Tue Dec 16 11:22:40 2025) INFO: Processing benchmark tmp_sim_9383_in/tmp_sim_9383.bench.
[Check] Verification FAILED!
--- ABC Output ---

======== ABC command line "read /raid4/courses/eda2025f/eda25f17/AIG-Minimization/temp/run_9uxIPK/golden.aig; cec /raid4/courses/eda2025f/eda25f17/AIG-Minimization/temp/run_9uxIPK/temp_next.aig"
Networks are NOT EQUIVALENT.  Time =     0.01 sec
Verification failed for at least 2 outputs:  po0 po1
Output po0: Value in Network1 = 0. Value in Network2 = 1.
Input pattern:  pi3=0 pi4=0 pi0=1 pi1=0 pi5=0 pi7=0 pi2=0 pi6=0
------------------
   [FAIL] Verification Failed. Discarding result.
[Step 2 (eSLIM)] Running... (Max: 1436s)
[Config] Total Limit: 1436s | Iteration Limit: 180s
[Main] Detected .aig file. Starting eSLIM Iterative Minimization...
[Iterative] Starting loop. Total Budget: 1436s, Step Budget: 180s
[Fallback] Copied /raid4/courses/eda2025f/eda25f17/AIG-Minimization/temp/run_9uxIPK/current_best.aig to /raid4/courses/eda2025f/eda25f17/AIG-Minimization/temp/run_9uxIPK/temp_next.aig
[Iterative] Initial Size: 19 AND gates.
[Iterative] Iteration 1 (Limit: 180s)...
[C++] Executing eSLIM: PYTHONPATH=$PYTHONPATH:third_party/eslim/src .venv/bin/python3 third_party/eslim/src/reduce.py /raid4/courses/eda2025f/eda25f17/AIG-Minimization/temp/run_9uxIPK/temp_next.aig /raid4/courses/eda2025f/eda25f17/AIG-Minimization/temp/run_9uxIPK/temp_next.aig.iter_tmp.aig 180 --aig --aig-out /raid4/courses/eda2025f/eda25f17/AIG-Minimization/temp/run_9uxIPK/temp_next.aig.iter_tmp.aig --gs 2 --syn-mode sat
INFO:root:Used seed: 4964577106421670323
INFO:root:Available time used up. Nof considered subcircuits: 700
INFO:root:Initial #gates: 19; Final #gates: 19
Initial Depth:     9
Initial Nof gates: 19
Total time: 180.5230541229248
Initial #gates: 19; current #gates: 19
Initial depth: 9; current depth: 8
[C++] eSLIM optimization complete. Saved to /raid4/courses/eda2025f/eda25f17/AIG-Minimization/temp/run_9uxIPK/temp_next.aig.iter_tmp.aig
[Iterative] Size change: 19 -> 19
[Iterative] No improvement (Converged). Stopping.
[Iterative] Final Result: 19 AND gates.
[Check] Equivalent.
   [Pass] Verified.
[Step 3 (Teammate B)] Binary missing (skipping)...
--- Iteration 2 / 5 ---
[Step 1 (Simplifier)] Running... (Max: 1256s)
<Simplifier>(Tue Dec 16 11:25:43 2025) INFO: Processing benchmark tmp_sim_9383_in/tmp_sim_9383.bench.
[Check] Verification FAILED!
--- ABC Output ---

======== ABC command line "read /raid4/courses/eda2025f/eda25f17/AIG-Minimization/temp/run_9uxIPK/golden.aig; cec /raid4/courses/eda2025f/eda25f17/AIG-Minimization/temp/run_9uxIPK/temp_next.aig"
Networks are NOT EQUIVALENT.  Time =     0.01 sec
Verification failed for at least 2 outputs:  po0 po1
Output po0: Value in Network1 = 0. Value in Network2 = 1.
Input pattern:  pi3=0 pi4=0 pi0=1 pi1=0 pi5=0 pi7=0 pi2=0 pi6=0
------------------
   [FAIL] Verification Failed. Discarding result.
[Step 2 (eSLIM)] Running... (Max: 1253s)
[Config] Total Limit: 1253s | Iteration Limit: 180s
[Main] Detected .aig file. Starting eSLIM Iterative Minimization...
[Iterative] Starting loop. Total Budget: 1253s, Step Budget: 180s
[Fallback] Copied /raid4/courses/eda2025f/eda25f17/AIG-Minimization/temp/run_9uxIPK/current_best.aig to /raid4/courses/eda2025f/eda25f17/AIG-Minimization/temp/run_9uxIPK/temp_next.aig
[Iterative] Initial Size: 19 AND gates.
[Iterative] Iteration 1 (Limit: 180s)...
[C++] Executing eSLIM: PYTHONPATH=$PYTHONPATH:third_party/eslim/src .venv/bin/python3 third_party/eslim/src/reduce.py /raid4/courses/eda2025f/eda25f17/AIG-Minimization/temp/run_9uxIPK/temp_next.aig /raid4/courses/eda2025f/eda25f17/AIG-Minimization/temp/run_9uxIPK/temp_next.aig.iter_tmp.aig 180 --aig --aig-out /raid4/courses/eda2025f/eda25f17/AIG-Minimization/temp/run_9uxIPK/temp_next.aig.iter_tmp.aig --gs 2 --syn-mode sat
INFO:root:Used seed: 6847606258036769408
INFO:root:Available time used up. Nof considered subcircuits: 661
INFO:root:Initial #gates: 19; Final #gates: 19
Initial Depth:     9
Initial Nof gates: 19
Total time: 180.59141445159912
Initial #gates: 19; current #gates: 19
Initial depth: 9; current depth: 9
[C++] eSLIM optimization complete. Saved to /raid4/courses/eda2025f/eda25f17/AIG-Minimization/temp/run_9uxIPK/temp_next.aig.iter_tmp.aig
[Iterative] Size change: 19 -> 19
[Iterative] No improvement (Converged). Stopping.
[Iterative] Final Result: 19 AND gates.
[Check] Equivalent.
   [Pass] Verified.
[Step 3 (Teammate B)] Binary missing (skipping)...
--- Iteration 3 / 5 ---
[Step 1 (Simplifier)] Running... (Max: 1072s)
<Simplifier>(Tue Dec 16 11:28:47 2025) INFO: Processing benchmark tmp_sim_9383_in/tmp_sim_9383.bench.
[Check] Verification FAILED!
--- ABC Output ---

======== ABC command line "read /raid4/courses/eda2025f/eda25f17/AIG-Minimization/temp/run_9uxIPK/golden.aig; cec /raid4/courses/eda2025f/eda25f17/AIG-Minimization/temp/run_9uxIPK/temp_next.aig"
Networks are NOT EQUIVALENT.  Time =     0.01 sec
Verification failed for at least 2 outputs:  po0 po1
Output po0: Value in Network1 = 0. Value in Network2 = 1.
Input pattern:  pi3=0 pi4=0 pi0=1 pi1=0 pi5=0 pi7=0 pi2=0 pi6=0
------------------
   [FAIL] Verification Failed. Discarding result.
[Step 2 (eSLIM)] Running... (Max: 1070s)
[Config] Total Limit: 1070s | Iteration Limit: 180s
[Main] Detected .aig file. Starting eSLIM Iterative Minimization...
[Iterative] Starting loop. Total Budget: 1070s, Step Budget: 180s
[Fallback] Copied /raid4/courses/eda2025f/eda25f17/AIG-Minimization/temp/run_9uxIPK/current_best.aig to /raid4/courses/eda2025f/eda25f17/AIG-Minimization/temp/run_9uxIPK/temp_next.aig
[Iterative] Initial Size: 19 AND gates.
[Iterative] Iteration 1 (Limit: 180s)...
[C++] Executing eSLIM: PYTHONPATH=$PYTHONPATH:third_party/eslim/src .venv/bin/python3 third_party/eslim/src/reduce.py /raid4/courses/eda2025f/eda25f17/AIG-Minimization/temp/run_9uxIPK/temp_next.aig /raid4/courses/eda2025f/eda25f17/AIG-Minimization/temp/run_9uxIPK/temp_next.aig.iter_tmp.aig 180 --aig --aig-out /raid4/courses/eda2025f/eda25f17/AIG-Minimization/temp/run_9uxIPK/temp_next.aig.iter_tmp.aig --gs 2 --syn-mode sat
INFO:root:Used seed: 8024656782626303308
INFO:root:Available time used up. Nof considered subcircuits: 733
INFO:root:Initial #gates: 19; Final #gates: 19
Initial Depth:     9
Initial Nof gates: 19
Total time: 180.01360321044922
Initial #gates: 19; current #gates: 19
Initial depth: 9; current depth: 9
[C++] eSLIM optimization complete. Saved to /raid4/courses/eda2025f/eda25f17/AIG-Minimization/temp/run_9uxIPK/temp_next.aig.iter_tmp.aig
[Iterative] Size change: 19 -> 19
[Iterative] No improvement (Converged). Stopping.
[Iterative] Final Result: 19 AND gates.
[Check] Equivalent.
   [Pass] Verified.
[Step 3 (Teammate B)] Binary missing (skipping)...
--- Iteration 4 / 5 ---
[Step 1 (Simplifier)] Running... (Max: 889s)
<Simplifier>(Tue Dec 16 11:31:49 2025) INFO: Processing benchmark tmp_sim_9383_in/tmp_sim_9383.bench.
[Check] Verification FAILED!
--- ABC Output ---

======== ABC command line "read /raid4/courses/eda2025f/eda25f17/AIG-Minimization/temp/run_9uxIPK/golden.aig; cec /raid4/courses/eda2025f/eda25f17/AIG-Minimization/temp/run_9uxIPK/temp_next.aig"
Networks are NOT EQUIVALENT.  Time =     0.01 sec
Verification failed for at least 2 outputs:  po0 po1
Output po0: Value in Network1 = 0. Value in Network2 = 1.
Input pattern:  pi3=0 pi4=0 pi0=1 pi1=0 pi5=0 pi7=0 pi2=0 pi6=0
------------------
   [FAIL] Verification Failed. Discarding result.
[Step 2 (eSLIM)] Running... (Max: 887s)
[Config] Total Limit: 887s | Iteration Limit: 180s
[Main] Detected .aig file. Starting eSLIM Iterative Minimization...
[Iterative] Starting loop. Total Budget: 887s, Step Budget: 180s
[Fallback] Copied /raid4/courses/eda2025f/eda25f17/AIG-Minimization/temp/run_9uxIPK/current_best.aig to /raid4/courses/eda2025f/eda25f17/AIG-Minimization/temp/run_9uxIPK/temp_next.aig
[Iterative] Initial Size: 19 AND gates.
[Iterative] Iteration 1 (Limit: 180s)...
[C++] Executing eSLIM: PYTHONPATH=$PYTHONPATH:third_party/eslim/src .venv/bin/python3 third_party/eslim/src/reduce.py /raid4/courses/eda2025f/eda25f17/AIG-Minimization/temp/run_9uxIPK/temp_next.aig /raid4/courses/eda2025f/eda25f17/AIG-Minimization/temp/run_9uxIPK/temp_next.aig.iter_tmp.aig 180 --aig --aig-out /raid4/courses/eda2025f/eda25f17/AIG-Minimization/temp/run_9uxIPK/temp_next.aig.iter_tmp.aig --gs 2 --syn-mode sat
INFO:root:Used seed: 3448359475528880571
INFO:root:Available time used up. Nof considered subcircuits: 786
INFO:root:Initial #gates: 19; Final #gates: 19
Initial Depth:     9
Initial Nof gates: 19
Total time: 180.21064376831055
Initial #gates: 19; current #gates: 19
Initial depth: 9; current depth: 8
[C++] eSLIM optimization complete. Saved to /raid4/courses/eda2025f/eda25f17/AIG-Minimization/temp/run_9uxIPK/temp_next.aig.iter_tmp.aig
[Iterative] Size change: 19 -> 19
[Iterative] No improvement (Converged). Stopping.
[Iterative] Final Result: 19 AND gates.
[Check] Equivalent.
   [Pass] Verified.
[Step 3 (Teammate B)] Binary missing (skipping)...
--- Iteration 5 / 5 ---
[Step 1 (Simplifier)] Running... (Max: 707s)
<Simplifier>(Tue Dec 16 11:34:52 2025) INFO: Processing benchmark tmp_sim_9383_in/tmp_sim_9383.bench.
[Check] Verification FAILED!
--- ABC Output ---

======== ABC command line "read /raid4/courses/eda2025f/eda25f17/AIG-Minimization/temp/run_9uxIPK/golden.aig; cec /raid4/courses/eda2025f/eda25f17/AIG-Minimization/temp/run_9uxIPK/temp_next.aig"
Networks are NOT EQUIVALENT.  Time =     0.01 sec
Verification failed for at least 2 outputs:  po0 po1
Output po0: Value in Network1 = 0. Value in Network2 = 1.
Input pattern:  pi3=0 pi4=0 pi0=1 pi1=0 pi5=0 pi7=0 pi2=0 pi6=0
------------------
   [FAIL] Verification Failed. Discarding result.
[Step 2 (eSLIM)] Running... (Max: 705s)
[Config] Total Limit: 705s | Iteration Limit: 180s
[Main] Detected .aig file. Starting eSLIM Iterative Minimization...
[Iterative] Starting loop. Total Budget: 705s, Step Budget: 180s
[Fallback] Copied /raid4/courses/eda2025f/eda25f17/AIG-Minimization/temp/run_9uxIPK/current_best.aig to /raid4/courses/eda2025f/eda25f17/AIG-Minimization/temp/run_9uxIPK/temp_next.aig
[Iterative] Initial Size: 19 AND gates.
[Iterative] Iteration 1 (Limit: 180s)...
[C++] Executing eSLIM: PYTHONPATH=$PYTHONPATH:third_party/eslim/src .venv/bin/python3 third_party/eslim/src/reduce.py /raid4/courses/eda2025f/eda25f17/AIG-Minimization/temp/run_9uxIPK/temp_next.aig /raid4/courses/eda2025f/eda25f17/AIG-Minimization/temp/run_9uxIPK/temp_next.aig.iter_tmp.aig 180 --aig --aig-out /raid4/courses/eda2025f/eda25f17/AIG-Minimization/temp/run_9uxIPK/temp_next.aig.iter_tmp.aig --gs 2 --syn-mode sat
INFO:root:Used seed: 8756854921431437025
INFO:root:Available time used up. Nof considered subcircuits: 813
INFO:root:Initial #gates: 19; Final #gates: 19
Initial Depth:     9
Initial Nof gates: 19
Total time: 180.21854186058044
Initial #gates: 19; current #gates: 19
Initial depth: 9; current depth: 9
[C++] eSLIM optimization complete. Saved to /raid4/courses/eda2025f/eda25f17/AIG-Minimization/temp/run_9uxIPK/temp_next.aig.iter_tmp.aig
[Iterative] Size change: 19 -> 19
[Iterative] No improvement (Converged). Stopping.
[Iterative] Final Result: 19 AND gates.
[Check] Equivalent.
   [Pass] Verified.
[Step 3 (Teammate B)] Binary missing (skipping)...
[Success] Optimization loop completed.

[System] Saved best result to: ./results/2022/ex50.aig
