Phase 1: Initialization
[Config] Total Limit: 1800s | Iteration Limit: 180s
[Main] Detected .truth file. Starting ABC Synthesis...
[ABC] Starting Optimization...
[ABC] Constructing network: 12 inputs, 3 outputs.
[ABC] Optimization successful.
[Main] Starting eSLIM Iterative Minimization...
[Iterative] Starting loop. Total Budget: 1800s, Step Budget: 180s
[Fallback] Copied temp_abc_result.aig to current_best.aig
[Iterative] Initial Size: 3447 AND gates.
[Iterative] Iteration 1 (Limit: 180s)...
[C++] Executing eSLIM: PYTHONPATH=$PYTHONPATH:third_party/eslim/src .venv/bin/python3 third_party/eslim/src/reduce.py current_best.aig temp_iter_out.aig 180 --aig --aig-out temp_iter_out.aig --gs 2 --syn-mode sat
INFO:root:Used seed: 4893376134164647739
INFO:root:Available time used up. Nof considered subcircuits: 845
INFO:root:Initial #gates: 3447; Final #gates: 2653
Initial Depth:     19
Initial Nof gates: 3447
Total time: 180.13505220413208
Initial #gates: 3447; current #gates: 2653
Initial depth: 19; current depth: 56
[C++] eSLIM optimization complete. Saved to temp_iter_out.aig
[Iterative] Size change: 3447 -> 2631
[Iterative] Improvement found! Updating best result.
[Fallback] Copied temp_iter_out.aig to current_best.aig
[Iterative] Iteration 2 (Limit: 180s)...
[C++] Executing eSLIM: PYTHONPATH=$PYTHONPATH:third_party/eslim/src .venv/bin/python3 third_party/eslim/src/reduce.py current_best.aig temp_iter_out.aig 180 --aig --aig-out temp_iter_out.aig --gs 2 --syn-mode sat
INFO:root:Used seed: 4803726718573999247
INFO:root:Available time used up. Nof considered subcircuits: 786
INFO:root:Initial #gates: 2631; Final #gates: 2019
Initial Depth:     56
Initial Nof gates: 2631
Total time: 180.15828156471252
Initial #gates: 2631; current #gates: 2019
Initial depth: 56; current depth: 92
[C++] eSLIM optimization complete. Saved to temp_iter_out.aig
[Iterative] Size change: 2631 -> 2008
[Iterative] Improvement found! Updating best result.
[Fallback] Copied temp_iter_out.aig to current_best.aig
[Iterative] Iteration 3 (Limit: 180s)...
[C++] Executing eSLIM: PYTHONPATH=$PYTHONPATH:third_party/eslim/src .venv/bin/python3 third_party/eslim/src/reduce.py current_best.aig temp_iter_out.aig 180 --aig --aig-out temp_iter_out.aig --gs 2 --syn-mode sat
INFO:root:Used seed: 890217848095640447
INFO:root:Available time used up. Nof considered subcircuits: 680
INFO:root:Initial #gates: 2008; Final #gates: 1741
Initial Depth:     92
Initial Nof gates: 2008
Total time: 180.02661323547363
Initial #gates: 2008; current #gates: 1741
Initial depth: 92; current depth: 83
[C++] eSLIM optimization complete. Saved to temp_iter_out.aig
[Iterative] Size change: 2008 -> 1729
[Iterative] Improvement found! Updating best result.
[Fallback] Copied temp_iter_out.aig to current_best.aig
[Iterative] Iteration 4 (Limit: 180s)...
[C++] Executing eSLIM: PYTHONPATH=$PYTHONPATH:third_party/eslim/src .venv/bin/python3 third_party/eslim/src/reduce.py current_best.aig temp_iter_out.aig 180 --aig --aig-out temp_iter_out.aig --gs 2 --syn-mode sat
INFO:root:Used seed: 4209205773646377733
INFO:root:Available time used up. Nof considered subcircuits: 650
INFO:root:Initial #gates: 1729; Final #gates: 1570
Initial Depth:     82
Initial Nof gates: 1729
Total time: 180.12520051002502
Initial #gates: 1729; current #gates: 1570
Initial depth: 82; current depth: 115
[C++] eSLIM optimization complete. Saved to temp_iter_out.aig
[Iterative] Size change: 1729 -> 1569
[Iterative] Improvement found! Updating best result.
[Fallback] Copied temp_iter_out.aig to current_best.aig
[Iterative] Iteration 5 (Limit: 180s)...
[C++] Executing eSLIM: PYTHONPATH=$PYTHONPATH:third_party/eslim/src .venv/bin/python3 third_party/eslim/src/reduce.py current_best.aig temp_iter_out.aig 180 --aig --aig-out temp_iter_out.aig --gs 2 --syn-mode sat
INFO:root:Used seed: 2205877000218996091
INFO:root:Available time used up. Nof considered subcircuits: 626
INFO:root:Initial #gates: 1569; Final #gates: 1455
Initial Depth:     115
Initial Nof gates: 1569
Total time: 181.12311935424805
Initial #gates: 1569; current #gates: 1455
Initial depth: 115; current depth: 87
[C++] eSLIM optimization complete. Saved to temp_iter_out.aig
[Iterative] Size change: 1569 -> 1455
[Iterative] Improvement found! Updating best result.
[Fallback] Copied temp_iter_out.aig to current_best.aig
[Iterative] Iteration 6 (Limit: 180s)...
[C++] Executing eSLIM: PYTHONPATH=$PYTHONPATH:third_party/eslim/src .venv/bin/python3 third_party/eslim/src/reduce.py current_best.aig temp_iter_out.aig 180 --aig --aig-out temp_iter_out.aig --gs 2 --syn-mode sat
INFO:root:Used seed: 5965868792631284726
INFO:root:Available time used up. Nof considered subcircuits: 607
INFO:root:Initial #gates: 1455; Final #gates: 1377
Initial Depth:     87
Initial Nof gates: 1455
Total time: 180.2869634628296
Initial #gates: 1455; current #gates: 1377
Initial depth: 87; current depth: 106
[C++] eSLIM optimization complete. Saved to temp_iter_out.aig
[Iterative] Size change: 1455 -> 1375
[Iterative] Improvement found! Updating best result.
[Fallback] Copied temp_iter_out.aig to current_best.aig
[Iterative] Iteration 7 (Limit: 180s)...
[C++] Executing eSLIM: PYTHONPATH=$PYTHONPATH:third_party/eslim/src .venv/bin/python3 third_party/eslim/src/reduce.py current_best.aig temp_iter_out.aig 180 --aig --aig-out temp_iter_out.aig --gs 2 --syn-mode sat
INFO:root:Used seed: 96126372692901313
INFO:root:Available time used up. Nof considered subcircuits: 611
INFO:root:Initial #gates: 1375; Final #gates: 1291
Initial Depth:     106
Initial Nof gates: 1375
Total time: 180.26976799964905
Initial #gates: 1375; current #gates: 1291
Initial depth: 106; current depth: 102
[C++] eSLIM optimization complete. Saved to temp_iter_out.aig
[Iterative] Size change: 1375 -> 1289
[Iterative] Improvement found! Updating best result.
[Fallback] Copied temp_iter_out.aig to current_best.aig
[Iterative] Iteration 8 (Limit: 180s)...
[C++] Executing eSLIM: PYTHONPATH=$PYTHONPATH:third_party/eslim/src .venv/bin/python3 third_party/eslim/src/reduce.py current_best.aig temp_iter_out.aig 180 --aig --aig-out temp_iter_out.aig --gs 2 --syn-mode sat
INFO:root:Used seed: 74066620217659970
INFO:root:Available time used up. Nof considered subcircuits: 606
INFO:root:Initial #gates: 1289; Final #gates: 1246
Initial Depth:     102
Initial Nof gates: 1289
Total time: 180.165922164917
Initial #gates: 1289; current #gates: 1246
Initial depth: 102; current depth: 92
[C++] eSLIM optimization complete. Saved to temp_iter_out.aig
[Iterative] Size change: 1289 -> 1242
[Iterative] Improvement found! Updating best result.
[Fallback] Copied temp_iter_out.aig to current_best.aig
[Iterative] Iteration 9 (Limit: 180s)...
[C++] Executing eSLIM: PYTHONPATH=$PYTHONPATH:third_party/eslim/src .venv/bin/python3 third_party/eslim/src/reduce.py current_best.aig temp_iter_out.aig 180 --aig --aig-out temp_iter_out.aig --gs 2 --syn-mode sat
INFO:root:Used seed: 9030779997332097641
INFO:root:Available time used up. Nof considered subcircuits: 592
INFO:root:Initial #gates: 1242; Final #gates: 1184
Initial Depth:     92
Initial Nof gates: 1242
Total time: 180.14522457122803
Initial #gates: 1242; current #gates: 1184
Initial depth: 92; current depth: 88
[C++] eSLIM optimization complete. Saved to temp_iter_out.aig
[Iterative] Size change: 1242 -> 1182
[Iterative] Improvement found! Updating best result.
[Fallback] Copied temp_iter_out.aig to current_best.aig
[Iterative] Iteration 10 (Limit: 176s)...
[C++] Executing eSLIM: PYTHONPATH=$PYTHONPATH:third_party/eslim/src .venv/bin/python3 third_party/eslim/src/reduce.py current_best.aig temp_iter_out.aig 176 --aig --aig-out temp_iter_out.aig --gs 2 --syn-mode sat
INFO:root:Used seed: 8254297497378123353
INFO:root:Available time used up. Nof considered subcircuits: 559
INFO:root:Initial #gates: 1182; Final #gates: 1139
Initial Depth:     88
Initial Nof gates: 1182
Total time: 176.09443068504333
Initial #gates: 1182; current #gates: 1139
Initial depth: 88; current depth: 92
[C++] eSLIM optimization complete. Saved to temp_iter_out.aig
[Iterative] Size change: 1182 -> 1138
[Iterative] Improvement found! Updating best result.
[Fallback] Copied temp_iter_out.aig to current_best.aig
[Iterative] Total time limit reached.
[Iterative] Final Result: 1138 AND gates.
--- Iteration 1 / 5 ---
[Timeout] Global time limit reached.

[System] Saved best result to: ./results/2022/ex91.aig
