Phase 1: Initialization
[Config] Total Limit: 1800s | Iteration Limit: 180s
[Main] Detected .truth file. Starting ABC Synthesis...
[ABC] Starting Optimization...
[ABC] Constructing network: 12 inputs, 3 outputs.
[ABC] Optimization successful.
[Main] Starting eSLIM Iterative Minimization...
[Iterative] Starting loop. Total Budget: 1800s, Step Budget: 180s
[Fallback] Copied temp_abc_result.aig to current_best.aig
[Iterative] Initial Size: 1720 AND gates.
[Iterative] Iteration 1 (Limit: 180s)...
[C++] Executing eSLIM: PYTHONPATH=$PYTHONPATH:third_party/eslim/src .venv/bin/python3 third_party/eslim/src/reduce.py current_best.aig temp_iter_out.aig 180 --aig --aig-out temp_iter_out.aig --gs 2 --syn-mode sat
INFO:root:Used seed: 3374011580857402963
INFO:root:Available time used up. Nof considered subcircuits: 1104
INFO:root:Initial #gates: 1720; Final #gates: 48
Initial Depth:     18
Initial Nof gates: 1720
Total time: 180.0650839805603
Initial #gates: 1720; current #gates: 48
Initial depth: 18; current depth: 13
[C++] eSLIM optimization complete. Saved to temp_iter_out.aig
[Iterative] Size change: 1720 -> 48
[Iterative] Improvement found! Updating best result.
[Fallback] Copied temp_iter_out.aig to current_best.aig
[Iterative] Iteration 2 (Limit: 180s)...
[C++] Executing eSLIM: PYTHONPATH=$PYTHONPATH:third_party/eslim/src .venv/bin/python3 third_party/eslim/src/reduce.py current_best.aig temp_iter_out.aig 180 --aig --aig-out temp_iter_out.aig --gs 2 --syn-mode sat
INFO:root:Used seed: 6368754710297473826
INFO:root:Available time used up. Nof considered subcircuits: 779
INFO:root:Initial #gates: 48; Final #gates: 46
Initial Depth:     13
Initial Nof gates: 48
Total time: 180.0678060054779
Initial #gates: 48; current #gates: 46
Initial depth: 13; current depth: 12
[C++] eSLIM optimization complete. Saved to temp_iter_out.aig
[Iterative] Size change: 48 -> 46
[Iterative] Improvement found! Updating best result.
[Fallback] Copied temp_iter_out.aig to current_best.aig
[Iterative] Iteration 3 (Limit: 180s)...
[C++] Executing eSLIM: PYTHONPATH=$PYTHONPATH:third_party/eslim/src .venv/bin/python3 third_party/eslim/src/reduce.py current_best.aig temp_iter_out.aig 180 --aig --aig-out temp_iter_out.aig --gs 2 --syn-mode sat
INFO:root:Used seed: 1427261639984954666
INFO:root:Available time used up. Nof considered subcircuits: 916
INFO:root:Initial #gates: 46; Final #gates: 45
Initial Depth:     12
Initial Nof gates: 46
Total time: 180.39400053024292
Initial #gates: 46; current #gates: 45
Initial depth: 12; current depth: 11
[C++] eSLIM optimization complete. Saved to temp_iter_out.aig
[Iterative] Size change: 46 -> 45
[Iterative] Improvement found! Updating best result.
[Fallback] Copied temp_iter_out.aig to current_best.aig
[Iterative] Iteration 4 (Limit: 180s)...
[C++] Executing eSLIM: PYTHONPATH=$PYTHONPATH:third_party/eslim/src .venv/bin/python3 third_party/eslim/src/reduce.py current_best.aig temp_iter_out.aig 180 --aig --aig-out temp_iter_out.aig --gs 2 --syn-mode sat
INFO:root:Used seed: 7629927140176694628
INFO:root:Available time used up. Nof considered subcircuits: 792
INFO:root:Initial #gates: 45; Final #gates: 45
Initial Depth:     11
Initial Nof gates: 45
Total time: 180.09625363349915
Initial #gates: 45; current #gates: 45
Initial depth: 11; current depth: 11
[C++] eSLIM optimization complete. Saved to temp_iter_out.aig
[Iterative] Size change: 45 -> 45
[Iterative] No improvement (Converged). Stopping.
[Iterative] Final Result: 45 AND gates.
--- Iteration 1 / 5 ---
[Step 1 (Simplifier)] Running... (Max: 1079s)
<Simplifier>(Tue Dec 16 06:14:34 2025) INFO: Processing benchmark tmp_sim_9383_in/tmp_sim_9383.bench.
[Check] Verification FAILED!
--- ABC Output ---

======== ABC command line "read golden.aig; cec temp_next.aig"
Networks are NOT EQUIVALENT.  Time =     0.01 sec
Verification failed for at least 2 outputs:  po1 po2
Output po1: Value in Network1 = 0. Value in Network2 = 1.
Input pattern:  pi08=0 pi01=0 pi07=0 pi04=0 pi00=1 pi11=0 pi03=0 pi05=0 pi06=0 pi09=0 pi10=0
------------------
   [FAIL] Verification Failed. Discarding result.
[Step 2 (eSLIM)] Running... (Max: 1076s)
[Config] Total Limit: 1076s | Iteration Limit: 180s
[Main] Detected .aig file. Starting eSLIM Iterative Minimization...
[Iterative] Starting loop. Total Budget: 1076s, Step Budget: 180s
[Fallback] Copied current_best.aig to temp_next.aig
[Iterative] Initial Size: 45 AND gates.
[Iterative] Iteration 1 (Limit: 180s)...
[C++] Executing eSLIM: PYTHONPATH=$PYTHONPATH:third_party/eslim/src .venv/bin/python3 third_party/eslim/src/reduce.py temp_next.aig temp_iter_out.aig 180 --aig --aig-out temp_iter_out.aig --gs 2 --syn-mode sat
INFO:root:Used seed: 808553517944069906
INFO:root:Available time used up. Nof considered subcircuits: 877
INFO:root:Initial #gates: 45; Final #gates: 44
Initial Depth:     11
Initial Nof gates: 45
Total time: 180.0437366962433
Initial #gates: 45; current #gates: 44
Initial depth: 11; current depth: 12
[C++] eSLIM optimization complete. Saved to temp_iter_out.aig
[Iterative] Size change: 45 -> 44
[Iterative] Improvement found! Updating best result.
[Fallback] Copied temp_iter_out.aig to temp_next.aig
[Iterative] Iteration 2 (Limit: 180s)...
[C++] Executing eSLIM: PYTHONPATH=$PYTHONPATH:third_party/eslim/src .venv/bin/python3 third_party/eslim/src/reduce.py temp_next.aig temp_iter_out.aig 180 --aig --aig-out temp_iter_out.aig --gs 2 --syn-mode sat
INFO:root:Used seed: 4983137367674641431
INFO:root:Available time used up. Nof considered subcircuits: 874
INFO:root:Initial #gates: 44; Final #gates: 44
Initial Depth:     12
Initial Nof gates: 44
Total time: 180.10089945793152
Initial #gates: 44; current #gates: 44
Initial depth: 12; current depth: 11
[C++] eSLIM optimization complete. Saved to temp_iter_out.aig
[Iterative] Size change: 44 -> 44
[Iterative] No improvement (Converged). Stopping.
[Iterative] Final Result: 44 AND gates.
[Check] Equivalent.
   [Pass] Verified.
[Step 3 (Teammate B)] Binary missing (skipping)...
--- Iteration 2 / 5 ---
[Step 1 (Simplifier)] Running... (Max: 716s)
<Simplifier>(Tue Dec 16 06:20:37 2025) INFO: Processing benchmark tmp_sim_9383_in/tmp_sim_9383.bench.
[Check] Verification FAILED!
--- ABC Output ---

======== ABC command line "read golden.aig; cec temp_next.aig"
Networks are NOT EQUIVALENT.  Time =     0.01 sec
Verification failed for at least 2 outputs:  po1 po2
Output po1: Value in Network1 = 0. Value in Network2 = 1.
Input pattern:  pi08=0 pi01=0 pi07=0 pi04=0 pi00=1 pi11=0 pi03=0 pi05=0 pi06=0 pi09=0 pi10=0
------------------
   [FAIL] Verification Failed. Discarding result.
[Step 2 (eSLIM)] Running... (Max: 714s)
[Config] Total Limit: 714s | Iteration Limit: 180s
[Main] Detected .aig file. Starting eSLIM Iterative Minimization...
[Iterative] Starting loop. Total Budget: 714s, Step Budget: 180s
[Fallback] Copied current_best.aig to temp_next.aig
[Iterative] Initial Size: 44 AND gates.
[Iterative] Iteration 1 (Limit: 180s)...
[C++] Executing eSLIM: PYTHONPATH=$PYTHONPATH:third_party/eslim/src .venv/bin/python3 third_party/eslim/src/reduce.py temp_next.aig temp_iter_out.aig 180 --aig --aig-out temp_iter_out.aig --gs 2 --syn-mode sat
INFO:root:Used seed: 5374097087183701475
INFO:root:Available time used up. Nof considered subcircuits: 895
INFO:root:Initial #gates: 44; Final #gates: 44
Initial Depth:     12
Initial Nof gates: 44
Total time: 180.66654634475708
Initial #gates: 44; current #gates: 44
Initial depth: 12; current depth: 10
[C++] eSLIM optimization complete. Saved to temp_iter_out.aig
[Iterative] Size change: 44 -> 44
[Iterative] No improvement (Converged). Stopping.
[Iterative] Final Result: 44 AND gates.
[Check] Equivalent.
   [Pass] Verified.
[Step 3 (Teammate B)] Binary missing (skipping)...
--- Iteration 3 / 5 ---
[Step 1 (Simplifier)] Running... (Max: 533s)
<Simplifier>(Tue Dec 16 06:23:40 2025) INFO: Processing benchmark tmp_sim_9383_in/tmp_sim_9383.bench.
[Check] Verification FAILED!
--- ABC Output ---

======== ABC command line "read golden.aig; cec temp_next.aig"
Networks are NOT EQUIVALENT.  Time =     0.01 sec
Verification failed for at least 2 outputs:  po1 po2
Output po1: Value in Network1 = 0. Value in Network2 = 1.
Input pattern:  pi08=0 pi01=0 pi07=0 pi04=0 pi00=1 pi11=0 pi03=0 pi05=0 pi06=0 pi09=0 pi10=0
------------------
   [FAIL] Verification Failed. Discarding result.
[Step 2 (eSLIM)] Running... (Max: 530s)
[Config] Total Limit: 530s | Iteration Limit: 180s
[Main] Detected .aig file. Starting eSLIM Iterative Minimization...
[Iterative] Starting loop. Total Budget: 530s, Step Budget: 180s
[Fallback] Copied current_best.aig to temp_next.aig
[Iterative] Initial Size: 44 AND gates.
[Iterative] Iteration 1 (Limit: 180s)...
[C++] Executing eSLIM: PYTHONPATH=$PYTHONPATH:third_party/eslim/src .venv/bin/python3 third_party/eslim/src/reduce.py temp_next.aig temp_iter_out.aig 180 --aig --aig-out temp_iter_out.aig --gs 2 --syn-mode sat
INFO:root:Used seed: 6418199743370836637
INFO:root:Available time used up. Nof considered subcircuits: 790
INFO:root:Initial #gates: 44; Final #gates: 44
Initial Depth:     12
Initial Nof gates: 44
Total time: 180.57323598861694
Initial #gates: 44; current #gates: 44
Initial depth: 12; current depth: 11
[C++] eSLIM optimization complete. Saved to temp_iter_out.aig
[Iterative] Size change: 44 -> 44
[Iterative] No improvement (Converged). Stopping.
[Iterative] Final Result: 44 AND gates.
[Check] Equivalent.
   [Pass] Verified.
[Step 3 (Teammate B)] Binary missing (skipping)...
--- Iteration 4 / 5 ---
[Step 1 (Simplifier)] Running... (Max: 349s)
<Simplifier>(Tue Dec 16 06:26:44 2025) INFO: Processing benchmark tmp_sim_9383_in/tmp_sim_9383.bench.
[Check] Verification FAILED!
--- ABC Output ---

======== ABC command line "read golden.aig; cec temp_next.aig"
Networks are NOT EQUIVALENT.  Time =     0.01 sec
Verification failed for at least 2 outputs:  po1 po2
Output po1: Value in Network1 = 0. Value in Network2 = 1.
Input pattern:  pi08=0 pi01=0 pi07=0 pi04=0 pi00=1 pi11=0 pi03=0 pi05=0 pi06=0 pi09=0 pi10=0
------------------
   [FAIL] Verification Failed. Discarding result.
[Step 2 (eSLIM)] Running... (Max: 347s)
[Config] Total Limit: 347s | Iteration Limit: 180s
[Main] Detected .aig file. Starting eSLIM Iterative Minimization...
[Iterative] Starting loop. Total Budget: 347s, Step Budget: 180s
[Fallback] Copied current_best.aig to temp_next.aig
[Iterative] Initial Size: 44 AND gates.
[Iterative] Iteration 1 (Limit: 180s)...
[C++] Executing eSLIM: PYTHONPATH=$PYTHONPATH:third_party/eslim/src .venv/bin/python3 third_party/eslim/src/reduce.py temp_next.aig temp_iter_out.aig 180 --aig --aig-out temp_iter_out.aig --gs 2 --syn-mode sat
INFO:root:Used seed: 5710742037367378920
INFO:root:Available time used up. Nof considered subcircuits: 832
INFO:root:Initial #gates: 44; Final #gates: 44
Initial Depth:     12
Initial Nof gates: 44
Total time: 180.36467456817627
Initial #gates: 44; current #gates: 44
Initial depth: 12; current depth: 10
[C++] eSLIM optimization complete. Saved to temp_iter_out.aig
[Iterative] Size change: 44 -> 44
[Iterative] No improvement (Converged). Stopping.
[Iterative] Final Result: 44 AND gates.
[Check] Equivalent.
   [Pass] Verified.
[Step 3 (Teammate B)] Binary missing (skipping)...
--- Iteration 5 / 5 ---
[Step 1 (Simplifier)] Running... (Max: 166s)
<Simplifier>(Tue Dec 16 06:29:47 2025) INFO: Processing benchmark tmp_sim_9383_in/tmp_sim_9383.bench.
[Check] Verification FAILED!
--- ABC Output ---

======== ABC command line "read golden.aig; cec temp_next.aig"
Networks are NOT EQUIVALENT.  Time =     0.01 sec
Verification failed for at least 2 outputs:  po1 po2
Output po1: Value in Network1 = 0. Value in Network2 = 1.
Input pattern:  pi08=0 pi01=0 pi07=0 pi04=0 pi00=1 pi11=0 pi03=0 pi05=0 pi06=0 pi09=0 pi10=0
------------------
   [FAIL] Verification Failed. Discarding result.
[Step 2 (eSLIM)] Running... (Max: 164s)
[Config] Total Limit: 164s | Iteration Limit: 180s
[Main] Detected .aig file. Starting eSLIM Iterative Minimization...
[Iterative] Starting loop. Total Budget: 164s, Step Budget: 180s
[Fallback] Copied current_best.aig to temp_next.aig
[Iterative] Initial Size: 44 AND gates.
[Iterative] Iteration 1 (Limit: 164s)...
[C++] Executing eSLIM: PYTHONPATH=$PYTHONPATH:third_party/eslim/src .venv/bin/python3 third_party/eslim/src/reduce.py temp_next.aig temp_iter_out.aig 164 --aig --aig-out temp_iter_out.aig --gs 2 --syn-mode sat
INFO:root:Used seed: 6061445750555785324
INFO:root:Available time used up. Nof considered subcircuits: 743
INFO:root:Initial #gates: 44; Final #gates: 44
Initial Depth:     12
Initial Nof gates: 44
Total time: 164.43753695487976
Initial #gates: 44; current #gates: 44
Initial depth: 12; current depth: 12
[C++] eSLIM optimization complete. Saved to temp_iter_out.aig
[Iterative] Size change: 44 -> 44
[Iterative] No improvement (Converged). Stopping.
[Iterative] Final Result: 44 AND gates.
[Check] Equivalent.
   [Pass] Verified.
[Timeout] Time limit reached before Step 3 (Teammate B).

[System] Saved best result to: ./results/2022/ex93.aig
