Phase 1: Initialization
[Config] Total Limit: 1800s | Iteration Limit: 180s
[Main] Detected .truth file. Starting ABC Synthesis...
[ABC] Starting Optimization...
[ABC] Constructing network: 12 inputs, 3 outputs.
[ABC] Optimization successful.
[Main] Starting eSLIM Iterative Minimization...
[Iterative] Starting loop. Total Budget: 1800s, Step Budget: 180s
[Fallback] Copied temp_abc_result.aig to current_best.aig
[Iterative] Initial Size: 1938 AND gates.
[Iterative] Iteration 1 (Limit: 180s)...
[C++] Executing eSLIM: PYTHONPATH=$PYTHONPATH:third_party/eslim/src .venv/bin/python3 third_party/eslim/src/reduce.py current_best.aig temp_iter_out.aig 180 --aig --aig-out temp_iter_out.aig --gs 2 --syn-mode sat
INFO:root:Used seed: 7291494143666811234
INFO:root:Available time used up. Nof considered subcircuits: 1064
INFO:root:Initial #gates: 1938; Final #gates: 205
Initial Depth:     17
Initial Nof gates: 1938
Total time: 180.1717574596405
Initial #gates: 1938; current #gates: 205
Initial depth: 17; current depth: 36
[C++] eSLIM optimization complete. Saved to temp_iter_out.aig
[Iterative] Size change: 1938 -> 205
[Iterative] Improvement found! Updating best result.
[Fallback] Copied temp_iter_out.aig to current_best.aig
[Iterative] Iteration 2 (Limit: 180s)...
[C++] Executing eSLIM: PYTHONPATH=$PYTHONPATH:third_party/eslim/src .venv/bin/python3 third_party/eslim/src/reduce.py current_best.aig temp_iter_out.aig 180 --aig --aig-out temp_iter_out.aig --gs 2 --syn-mode sat
INFO:root:Used seed: 9190050319995093692
INFO:root:Available time used up. Nof considered subcircuits: 696
INFO:root:Initial #gates: 205; Final #gates: 163
Initial Depth:     36
Initial Nof gates: 205
Total time: 180.15761256217957
Initial #gates: 205; current #gates: 163
Initial depth: 36; current depth: 30
[C++] eSLIM optimization complete. Saved to temp_iter_out.aig
[Iterative] Size change: 205 -> 163
[Iterative] Improvement found! Updating best result.
[Fallback] Copied temp_iter_out.aig to current_best.aig
[Iterative] Iteration 3 (Limit: 180s)...
[C++] Executing eSLIM: PYTHONPATH=$PYTHONPATH:third_party/eslim/src .venv/bin/python3 third_party/eslim/src/reduce.py current_best.aig temp_iter_out.aig 180 --aig --aig-out temp_iter_out.aig --gs 2 --syn-mode sat
INFO:root:Used seed: 6429375546695229535
INFO:root:Available time used up. Nof considered subcircuits: 644
INFO:root:Initial #gates: 163; Final #gates: 118
Initial Depth:     30
Initial Nof gates: 163
Total time: 180.00256967544556
Initial #gates: 163; current #gates: 118
Initial depth: 30; current depth: 22
[C++] eSLIM optimization complete. Saved to temp_iter_out.aig
[Iterative] Size change: 163 -> 118
[Iterative] Improvement found! Updating best result.
[Fallback] Copied temp_iter_out.aig to current_best.aig
[Iterative] Iteration 4 (Limit: 180s)...
[C++] Executing eSLIM: PYTHONPATH=$PYTHONPATH:third_party/eslim/src .venv/bin/python3 third_party/eslim/src/reduce.py current_best.aig temp_iter_out.aig 180 --aig --aig-out temp_iter_out.aig --gs 2 --syn-mode sat
INFO:root:Used seed: 3599405686256922692
INFO:root:Available time used up. Nof considered subcircuits: 503
INFO:root:Initial #gates: 118; Final #gates: 82
Initial Depth:     22
Initial Nof gates: 118
Total time: 180.07974338531494
Initial #gates: 118; current #gates: 82
Initial depth: 22; current depth: 14
[C++] eSLIM optimization complete. Saved to temp_iter_out.aig
[Iterative] Size change: 118 -> 82
[Iterative] Improvement found! Updating best result.
[Fallback] Copied temp_iter_out.aig to current_best.aig
[Iterative] Iteration 5 (Limit: 180s)...
[C++] Executing eSLIM: PYTHONPATH=$PYTHONPATH:third_party/eslim/src .venv/bin/python3 third_party/eslim/src/reduce.py current_best.aig temp_iter_out.aig 180 --aig --aig-out temp_iter_out.aig --gs 2 --syn-mode sat
INFO:root:Used seed: 2004693018851436053
INFO:root:Available time used up. Nof considered subcircuits: 557
INFO:root:Initial #gates: 82; Final #gates: 81
Initial Depth:     14
Initial Nof gates: 82
Total time: 180.37712287902832
Initial #gates: 82; current #gates: 81
Initial depth: 14; current depth: 17
[C++] eSLIM optimization complete. Saved to temp_iter_out.aig
[Iterative] Size change: 82 -> 81
[Iterative] Improvement found! Updating best result.
[Fallback] Copied temp_iter_out.aig to current_best.aig
[Iterative] Iteration 6 (Limit: 180s)...
[C++] Executing eSLIM: PYTHONPATH=$PYTHONPATH:third_party/eslim/src .venv/bin/python3 third_party/eslim/src/reduce.py current_best.aig temp_iter_out.aig 180 --aig --aig-out temp_iter_out.aig --gs 2 --syn-mode sat
INFO:root:Used seed: 3321500476997531371
INFO:root:Available time used up. Nof considered subcircuits: 589
INFO:root:Initial #gates: 81; Final #gates: 81
Initial Depth:     17
Initial Nof gates: 81
Total time: 180.13976049423218
Initial #gates: 81; current #gates: 81
Initial depth: 17; current depth: 16
[C++] eSLIM optimization complete. Saved to temp_iter_out.aig
[Iterative] Size change: 81 -> 81
[Iterative] No improvement (Converged). Stopping.
[Iterative] Final Result: 81 AND gates.
--- Iteration 1 / 5 ---
[Step 1 (Simplifier)] Running... (Max: 718s)
<Simplifier>(Tue Dec 16 08:17:54 2025) INFO: Processing benchmark tmp_sim_9383_in/tmp_sim_9383.bench.
[Check] Verification FAILED!
--- ABC Output ---

======== ABC command line "read golden.aig; cec temp_next.aig"
Networks are NOT EQUIVALENT.  Time =     0.01 sec
Verification failed for at least 1 outputs:  po1
Output po1: Value in Network1 = 0. Value in Network2 = 1.
Input pattern:  pi03=0 pi10=0 pi06=0 pi11=0 pi00=1 pi04=0 pi07=0 pi09=0 pi08=0 pi05=0 pi01=0 pi02=0
------------------
   [FAIL] Verification Failed. Discarding result.
[Step 2 (eSLIM)] Running... (Max: 716s)
[Config] Total Limit: 716s | Iteration Limit: 180s
[Main] Detected .aig file. Starting eSLIM Iterative Minimization...
[Iterative] Starting loop. Total Budget: 716s, Step Budget: 180s
[Fallback] Copied current_best.aig to temp_next.aig
[Iterative] Initial Size: 81 AND gates.
[Iterative] Iteration 1 (Limit: 180s)...
[C++] Executing eSLIM: PYTHONPATH=$PYTHONPATH:third_party/eslim/src .venv/bin/python3 third_party/eslim/src/reduce.py temp_next.aig temp_iter_out.aig 180 --aig --aig-out temp_iter_out.aig --gs 2 --syn-mode sat
INFO:root:Used seed: 2949166536853922650
INFO:root:Available time used up. Nof considered subcircuits: 596
INFO:root:Initial #gates: 81; Final #gates: 81
Initial Depth:     17
Initial Nof gates: 81
Total time: 180.272607088089
Initial #gates: 81; current #gates: 81
Initial depth: 17; current depth: 18
[C++] eSLIM optimization complete. Saved to temp_iter_out.aig
[Iterative] Size change: 81 -> 81
[Iterative] No improvement (Converged). Stopping.
[Iterative] Final Result: 81 AND gates.
[Check] Equivalent.
   [Pass] Verified.
[Step 3 (Teammate B)] Binary missing (skipping)...
--- Iteration 2 / 5 ---
[Step 1 (Simplifier)] Running... (Max: 535s)
<Simplifier>(Tue Dec 16 08:20:57 2025) INFO: Processing benchmark tmp_sim_9383_in/tmp_sim_9383.bench.
[Check] Verification FAILED!
--- ABC Output ---

======== ABC command line "read golden.aig; cec temp_next.aig"
Networks are NOT EQUIVALENT.  Time =     0.01 sec
Verification failed for at least 1 outputs:  po1
Output po1: Value in Network1 = 0. Value in Network2 = 1.
Input pattern:  pi03=0 pi10=0 pi06=0 pi11=0 pi00=1 pi04=0 pi07=0 pi09=0 pi08=0 pi05=0 pi01=0 pi02=0
------------------
   [FAIL] Verification Failed. Discarding result.
[Step 2 (eSLIM)] Running... (Max: 533s)
[Config] Total Limit: 533s | Iteration Limit: 180s
[Main] Detected .aig file. Starting eSLIM Iterative Minimization...
[Iterative] Starting loop. Total Budget: 533s, Step Budget: 180s
[Fallback] Copied current_best.aig to temp_next.aig
[Iterative] Initial Size: 81 AND gates.
[Iterative] Iteration 1 (Limit: 180s)...
[C++] Executing eSLIM: PYTHONPATH=$PYTHONPATH:third_party/eslim/src .venv/bin/python3 third_party/eslim/src/reduce.py temp_next.aig temp_iter_out.aig 180 --aig --aig-out temp_iter_out.aig --gs 2 --syn-mode sat
INFO:root:Used seed: 1713530329492534780
INFO:root:Available time used up. Nof considered subcircuits: 558
INFO:root:Initial #gates: 81; Final #gates: 81
Initial Depth:     17
Initial Nof gates: 81
Total time: 180.52641344070435
Initial #gates: 81; current #gates: 81
Initial depth: 17; current depth: 18
[C++] eSLIM optimization complete. Saved to temp_iter_out.aig
[Iterative] Size change: 81 -> 81
[Iterative] No improvement (Converged). Stopping.
[Iterative] Final Result: 81 AND gates.
[Check] Equivalent.
   [Pass] Verified.
[Step 3 (Teammate B)] Binary missing (skipping)...
--- Iteration 3 / 5 ---
[Step 1 (Simplifier)] Running... (Max: 352s)
<Simplifier>(Tue Dec 16 08:24:00 2025) INFO: Processing benchmark tmp_sim_9383_in/tmp_sim_9383.bench.
[Check] Verification FAILED!
--- ABC Output ---

======== ABC command line "read golden.aig; cec temp_next.aig"
Networks are NOT EQUIVALENT.  Time =     0.01 sec
Verification failed for at least 1 outputs:  po1
Output po1: Value in Network1 = 0. Value in Network2 = 1.
Input pattern:  pi03=0 pi10=0 pi06=0 pi11=0 pi00=1 pi04=0 pi07=0 pi09=0 pi08=0 pi05=0 pi01=0 pi02=0
------------------
   [FAIL] Verification Failed. Discarding result.
[Step 2 (eSLIM)] Running... (Max: 349s)
[Config] Total Limit: 349s | Iteration Limit: 180s
[Main] Detected .aig file. Starting eSLIM Iterative Minimization...
[Iterative] Starting loop. Total Budget: 349s, Step Budget: 180s
[Fallback] Copied current_best.aig to temp_next.aig
[Iterative] Initial Size: 81 AND gates.
[Iterative] Iteration 1 (Limit: 180s)...
[C++] Executing eSLIM: PYTHONPATH=$PYTHONPATH:third_party/eslim/src .venv/bin/python3 third_party/eslim/src/reduce.py temp_next.aig temp_iter_out.aig 180 --aig --aig-out temp_iter_out.aig --gs 2 --syn-mode sat
INFO:root:Used seed: 1712968308894384152
INFO:root:Available time used up. Nof considered subcircuits: 601
INFO:root:Initial #gates: 81; Final #gates: 81
Initial Depth:     17
Initial Nof gates: 81
Total time: 180.62759852409363
Initial #gates: 81; current #gates: 81
Initial depth: 17; current depth: 16
[C++] eSLIM optimization complete. Saved to temp_iter_out.aig
[Iterative] Size change: 81 -> 81
[Iterative] No improvement (Converged). Stopping.
[Iterative] Final Result: 81 AND gates.
[Check] Equivalent.
   [Pass] Verified.
[Step 3 (Teammate B)] Binary missing (skipping)...
--- Iteration 4 / 5 ---
[Step 1 (Simplifier)] Running... (Max: 169s)
<Simplifier>(Tue Dec 16 08:27:03 2025) INFO: Processing benchmark tmp_sim_9383_in/tmp_sim_9383.bench.
[Check] Verification FAILED!
--- ABC Output ---

======== ABC command line "read golden.aig; cec temp_next.aig"
Networks are NOT EQUIVALENT.  Time =     0.01 sec
Verification failed for at least 1 outputs:  po1
Output po1: Value in Network1 = 0. Value in Network2 = 1.
Input pattern:  pi03=0 pi10=0 pi06=0 pi11=0 pi00=1 pi04=0 pi07=0 pi09=0 pi08=0 pi05=0 pi01=0 pi02=0
------------------
   [FAIL] Verification Failed. Discarding result.
[Step 2 (eSLIM)] Running... (Max: 166s)
[Config] Total Limit: 166s | Iteration Limit: 180s
[Main] Detected .aig file. Starting eSLIM Iterative Minimization...
[Iterative] Starting loop. Total Budget: 166s, Step Budget: 180s
[Fallback] Copied current_best.aig to temp_next.aig
[Iterative] Initial Size: 81 AND gates.
[Iterative] Iteration 1 (Limit: 166s)...
[C++] Executing eSLIM: PYTHONPATH=$PYTHONPATH:third_party/eslim/src .venv/bin/python3 third_party/eslim/src/reduce.py temp_next.aig temp_iter_out.aig 166 --aig --aig-out temp_iter_out.aig --gs 2 --syn-mode sat
INFO:root:Used seed: 5469001916188158128
INFO:root:Available time used up. Nof considered subcircuits: 487
INFO:root:Initial #gates: 81; Final #gates: 79
Initial Depth:     17
Initial Nof gates: 81
Total time: 166.1043803691864
Initial #gates: 81; current #gates: 79
Initial depth: 17; current depth: 15
[C++] eSLIM optimization complete. Saved to temp_iter_out.aig
[Iterative] Size change: 81 -> 79
[Iterative] Improvement found! Updating best result.
[Fallback] Copied temp_iter_out.aig to temp_next.aig
[Iterative] Total time limit reached.
[Iterative] Final Result: 79 AND gates.
[Check] Equivalent.
   [Pass] Verified.
[Timeout] Time limit reached before Step 3 (Teammate B).

[System] Saved best result to: ./results/2022/ex97.aig
