Phase 1: Initialization
[Config] Total Limit: 1800s | Iteration Limit: 180s
[Main] Detected .truth file. Starting ABC Synthesis...
[ABC] Starting Optimization...
[ABC] Constructing network: 12 inputs, 3 outputs.
[ABC] Optimization successful.
[Main] Starting eSLIM Iterative Minimization...
[Iterative] Starting loop. Total Budget: 1800s, Step Budget: 180s
[Fallback] Copied temp_abc_result.aig to current_best.aig
[Iterative] Initial Size: 2602 AND gates.
[Iterative] Iteration 1 (Limit: 180s)...
[C++] Executing eSLIM: PYTHONPATH=$PYTHONPATH:third_party/eslim/src .venv/bin/python3 third_party/eslim/src/reduce.py current_best.aig temp_iter_out.aig 180 --aig --aig-out temp_iter_out.aig --gs 2 --syn-mode sat
INFO:root:Used seed: 2468752801169895239
INFO:root:Available time used up. Nof considered subcircuits: 1053
INFO:root:Initial #gates: 2602; Final #gates: 675
Initial Depth:     19
Initial Nof gates: 2602
Total time: 180.05033588409424
Initial #gates: 2602; current #gates: 675
Initial depth: 19; current depth: 69
[C++] eSLIM optimization complete. Saved to temp_iter_out.aig
[Iterative] Size change: 2602 -> 666
[Iterative] Improvement found! Updating best result.
[Fallback] Copied temp_iter_out.aig to current_best.aig
[Iterative] Iteration 2 (Limit: 180s)...
[C++] Executing eSLIM: PYTHONPATH=$PYTHONPATH:third_party/eslim/src .venv/bin/python3 third_party/eslim/src/reduce.py current_best.aig temp_iter_out.aig 180 --aig --aig-out temp_iter_out.aig --gs 2 --syn-mode sat
INFO:root:Used seed: 2073424124880128838
INFO:root:Available time used up. Nof considered subcircuits: 822
INFO:root:Initial #gates: 666; Final #gates: 243
Initial Depth:     69
Initial Nof gates: 666
Total time: 180.40878868103027
Initial #gates: 666; current #gates: 243
Initial depth: 69; current depth: 32
[C++] eSLIM optimization complete. Saved to temp_iter_out.aig
[Iterative] Size change: 666 -> 242
[Iterative] Improvement found! Updating best result.
[Fallback] Copied temp_iter_out.aig to current_best.aig
[Iterative] Iteration 3 (Limit: 180s)...
[C++] Executing eSLIM: PYTHONPATH=$PYTHONPATH:third_party/eslim/src .venv/bin/python3 third_party/eslim/src/reduce.py current_best.aig temp_iter_out.aig 180 --aig --aig-out temp_iter_out.aig --gs 2 --syn-mode sat
INFO:root:Used seed: 6303462019698403875
INFO:root:Available time used up. Nof considered subcircuits: 605
INFO:root:Initial #gates: 242; Final #gates: 149
Initial Depth:     32
Initial Nof gates: 242
Total time: 180.0392029285431
Initial #gates: 242; current #gates: 149
Initial depth: 32; current depth: 23
[C++] eSLIM optimization complete. Saved to temp_iter_out.aig
[Iterative] Size change: 242 -> 149
[Iterative] Improvement found! Updating best result.
[Fallback] Copied temp_iter_out.aig to current_best.aig
[Iterative] Iteration 4 (Limit: 180s)...
[C++] Executing eSLIM: PYTHONPATH=$PYTHONPATH:third_party/eslim/src .venv/bin/python3 third_party/eslim/src/reduce.py current_best.aig temp_iter_out.aig 180 --aig --aig-out temp_iter_out.aig --gs 2 --syn-mode sat
INFO:root:Used seed: 4715223540320328862
INFO:root:Available time used up. Nof considered subcircuits: 710
INFO:root:Initial #gates: 149; Final #gates: 130
Initial Depth:     23
Initial Nof gates: 149
Total time: 180.3696050643921
Initial #gates: 149; current #gates: 130
Initial depth: 23; current depth: 24
[C++] eSLIM optimization complete. Saved to temp_iter_out.aig
[Iterative] Size change: 149 -> 130
[Iterative] Improvement found! Updating best result.
[Fallback] Copied temp_iter_out.aig to current_best.aig
[Iterative] Iteration 5 (Limit: 180s)...
[C++] Executing eSLIM: PYTHONPATH=$PYTHONPATH:third_party/eslim/src .venv/bin/python3 third_party/eslim/src/reduce.py current_best.aig temp_iter_out.aig 180 --aig --aig-out temp_iter_out.aig --gs 2 --syn-mode sat
INFO:root:Used seed: 2912322759706435347
INFO:root:Available time used up. Nof considered subcircuits: 595
INFO:root:Initial #gates: 130; Final #gates: 126
Initial Depth:     24
Initial Nof gates: 130
Total time: 180.34613013267517
Initial #gates: 130; current #gates: 126
Initial depth: 24; current depth: 27
[C++] eSLIM optimization complete. Saved to temp_iter_out.aig
[Iterative] Size change: 130 -> 126
[Iterative] Improvement found! Updating best result.
[Fallback] Copied temp_iter_out.aig to current_best.aig
[Iterative] Iteration 6 (Limit: 180s)...
[C++] Executing eSLIM: PYTHONPATH=$PYTHONPATH:third_party/eslim/src .venv/bin/python3 third_party/eslim/src/reduce.py current_best.aig temp_iter_out.aig 180 --aig --aig-out temp_iter_out.aig --gs 2 --syn-mode sat
INFO:root:Used seed: 7074446781803323246
INFO:root:Available time used up. Nof considered subcircuits: 676
INFO:root:Initial #gates: 126; Final #gates: 124
Initial Depth:     27
Initial Nof gates: 126
Total time: 180.03268361091614
Initial #gates: 126; current #gates: 124
Initial depth: 27; current depth: 22
[C++] eSLIM optimization complete. Saved to temp_iter_out.aig
[Iterative] Size change: 126 -> 124
[Iterative] Improvement found! Updating best result.
[Fallback] Copied temp_iter_out.aig to current_best.aig
[Iterative] Iteration 7 (Limit: 180s)...
[C++] Executing eSLIM: PYTHONPATH=$PYTHONPATH:third_party/eslim/src .venv/bin/python3 third_party/eslim/src/reduce.py current_best.aig temp_iter_out.aig 180 --aig --aig-out temp_iter_out.aig --gs 2 --syn-mode sat
INFO:root:Used seed: 4519292048696561991
INFO:root:Available time used up. Nof considered subcircuits: 586
INFO:root:Initial #gates: 124; Final #gates: 118
Initial Depth:     22
Initial Nof gates: 124
Total time: 180.60149598121643
Initial #gates: 124; current #gates: 118
Initial depth: 22; current depth: 25
[C++] eSLIM optimization complete. Saved to temp_iter_out.aig
[Iterative] Size change: 124 -> 118
[Iterative] Improvement found! Updating best result.
[Fallback] Copied temp_iter_out.aig to current_best.aig
[Iterative] Iteration 8 (Limit: 180s)...
[C++] Executing eSLIM: PYTHONPATH=$PYTHONPATH:third_party/eslim/src .venv/bin/python3 third_party/eslim/src/reduce.py current_best.aig temp_iter_out.aig 180 --aig --aig-out temp_iter_out.aig --gs 2 --syn-mode sat
INFO:root:Used seed: 4349362280957388250
INFO:root:Available time used up. Nof considered subcircuits: 607
INFO:root:Initial #gates: 118; Final #gates: 118
Initial Depth:     25
Initial Nof gates: 118
Total time: 180.3917417526245
Initial #gates: 118; current #gates: 118
Initial depth: 25; current depth: 25
[C++] eSLIM optimization complete. Saved to temp_iter_out.aig
[Iterative] Size change: 118 -> 118
[Iterative] No improvement (Converged). Stopping.
[Iterative] Final Result: 118 AND gates.
--- Iteration 1 / 5 ---
[Step 1 (Simplifier)] Running... (Max: 356s)
<Simplifier>(Tue Dec 16 09:23:57 2025) INFO: Processing benchmark tmp_sim_9383_in/tmp_sim_9383.bench.
[Check] Verification FAILED!
--- ABC Output ---

======== ABC command line "read golden.aig; cec temp_next.aig"
Networks are NOT EQUIVALENT.  Time =     0.01 sec
Verification failed for at least 2 outputs:  po0 po1
Output po0: Value in Network1 = 1. Value in Network2 = 0.
Input pattern:  pi04=0 pi02=0 pi08=0 pi05=0 pi07=0 pi00=0 pi01=1 pi09=0 pi03=0 pi10=0 pi06=0 pi11=0
------------------
   [FAIL] Verification Failed. Discarding result.
[Step 2 (eSLIM)] Running... (Max: 354s)
[Config] Total Limit: 354s | Iteration Limit: 180s
[Main] Detected .aig file. Starting eSLIM Iterative Minimization...
[Iterative] Starting loop. Total Budget: 354s, Step Budget: 180s
[Fallback] Copied current_best.aig to temp_next.aig
[Iterative] Initial Size: 118 AND gates.
[Iterative] Iteration 1 (Limit: 180s)...
[C++] Executing eSLIM: PYTHONPATH=$PYTHONPATH:third_party/eslim/src .venv/bin/python3 third_party/eslim/src/reduce.py temp_next.aig temp_iter_out.aig 180 --aig --aig-out temp_iter_out.aig --gs 2 --syn-mode sat
INFO:root:Used seed: 2915300598289000331
INFO:root:Available time used up. Nof considered subcircuits: 607
INFO:root:Initial #gates: 118; Final #gates: 116
Initial Depth:     25
Initial Nof gates: 118
Total time: 180.21462440490723
Initial #gates: 118; current #gates: 116
Initial depth: 25; current depth: 27
[C++] eSLIM optimization complete. Saved to temp_iter_out.aig
[Iterative] Size change: 118 -> 116
[Iterative] Improvement found! Updating best result.
[Fallback] Copied temp_iter_out.aig to temp_next.aig
[Iterative] Iteration 2 (Limit: 174s)...
[C++] Executing eSLIM: PYTHONPATH=$PYTHONPATH:third_party/eslim/src .venv/bin/python3 third_party/eslim/src/reduce.py temp_next.aig temp_iter_out.aig 174 --aig --aig-out temp_iter_out.aig --gs 2 --syn-mode sat
INFO:root:Used seed: 1439024072448281546
INFO:root:Available time used up. Nof considered subcircuits: 576
INFO:root:Initial #gates: 116; Final #gates: 115
Initial Depth:     27
Initial Nof gates: 116
Total time: 174.02744054794312
Initial #gates: 116; current #gates: 115
Initial depth: 27; current depth: 24
[C++] eSLIM optimization complete. Saved to temp_iter_out.aig
[Iterative] Size change: 116 -> 115
[Iterative] Improvement found! Updating best result.
[Fallback] Copied temp_iter_out.aig to temp_next.aig
[Iterative] Total time limit reached.
[Iterative] Final Result: 115 AND gates.
[Check] Equivalent.
   [Pass] Verified.
[Timeout] Time limit reached before Step 3 (Teammate B).

[System] Saved best result to: ./results/2022/ex99.aig
