Phase 1: Initialization (Sandbox: /raid4/courses/eda2025f/eda25f17/AIG-Minimization/temp/run_RzwhIZ)
[Config] Total Limit: 14400s | Iteration Limit: 600s
[Main] Detected .truth file. Starting ABC Synthesis...
[ABC] Starting Optimization...
[ABC] Constructing network: 10 inputs, 10 outputs.
[ABC] Optimization successful.
[Main] Starting eSLIM Iterative Minimization...
[Iterative] Starting loop. Total Budget: 14400s, Step Budget: 600s
[Fallback] Copied /raid4/courses/eda2025f/eda25f17/AIG-Minimization/temp/run_RzwhIZ/current_best.aig.abc_tmp.aig to /raid4/courses/eda2025f/eda25f17/AIG-Minimization/temp/run_RzwhIZ/current_best.aig
[Iterative] Initial Size: 2300 AND gates.
[Iterative] Iteration 1 (Limit: 600s)...
[C++] Executing eSLIM: PYTHONPATH=$PYTHONPATH:third_party/eslim/src .venv/bin/python3 third_party/eslim/src/reduce.py /raid4/courses/eda2025f/eda25f17/AIG-Minimization/temp/run_RzwhIZ/current_best.aig /raid4/courses/eda2025f/eda25f17/AIG-Minimization/temp/run_RzwhIZ/current_best.aig.iter_tmp.aig 600 --aig --aig-out /raid4/courses/eda2025f/eda25f17/AIG-Minimization/temp/run_RzwhIZ/current_best.aig.iter_tmp.aig --gs 2 --syn-mode sat
INFO:root:Used seed: 7910375071118114054
INFO:root:Available time used up. Nof considered subcircuits: 1254
INFO:root:Initial #gates: 2300; Final #gates: 125
Initial Depth:     20
Initial Nof gates: 2300
Total time: 600.1424913406372
Initial #gates: 2300; current #gates: 125
Initial depth: 20; current depth: 21
[C++] eSLIM optimization complete. Saved to /raid4/courses/eda2025f/eda25f17/AIG-Minimization/temp/run_RzwhIZ/current_best.aig.iter_tmp.aig
[Iterative] Size change: 2300 -> 125
[Iterative] Improvement found! Updating best result.
[Fallback] Copied /raid4/courses/eda2025f/eda25f17/AIG-Minimization/temp/run_RzwhIZ/current_best.aig.iter_tmp.aig to /raid4/courses/eda2025f/eda25f17/AIG-Minimization/temp/run_RzwhIZ/current_best.aig
[Iterative] Iteration 2 (Limit: 600s)...
[C++] Executing eSLIM: PYTHONPATH=$PYTHONPATH:third_party/eslim/src .venv/bin/python3 third_party/eslim/src/reduce.py /raid4/courses/eda2025f/eda25f17/AIG-Minimization/temp/run_RzwhIZ/current_best.aig /raid4/courses/eda2025f/eda25f17/AIG-Minimization/temp/run_RzwhIZ/current_best.aig.iter_tmp.aig 600 --aig --aig-out /raid4/courses/eda2025f/eda25f17/AIG-Minimization/temp/run_RzwhIZ/current_best.aig.iter_tmp.aig --gs 2 --syn-mode sat
INFO:root:Used seed: 1298782168192114700
INFO:root:Available time used up. Nof considered subcircuits: 1442
INFO:root:Initial #gates: 125; Final #gates: 63
Initial Depth:     21
Initial Nof gates: 125
Total time: 600.0563018321991
Initial #gates: 125; current #gates: 63
Initial depth: 21; current depth: 12
[C++] eSLIM optimization complete. Saved to /raid4/courses/eda2025f/eda25f17/AIG-Minimization/temp/run_RzwhIZ/current_best.aig.iter_tmp.aig
[Iterative] Size change: 125 -> 63
[Iterative] Improvement found! Updating best result.
[Fallback] Copied /raid4/courses/eda2025f/eda25f17/AIG-Minimization/temp/run_RzwhIZ/current_best.aig.iter_tmp.aig to /raid4/courses/eda2025f/eda25f17/AIG-Minimization/temp/run_RzwhIZ/current_best.aig
[Iterative] Iteration 3 (Limit: 600s)...
[C++] Executing eSLIM: PYTHONPATH=$PYTHONPATH:third_party/eslim/src .venv/bin/python3 third_party/eslim/src/reduce.py /raid4/courses/eda2025f/eda25f17/AIG-Minimization/temp/run_RzwhIZ/current_best.aig /raid4/courses/eda2025f/eda25f17/AIG-Minimization/temp/run_RzwhIZ/current_best.aig.iter_tmp.aig 600 --aig --aig-out /raid4/courses/eda2025f/eda25f17/AIG-Minimization/temp/run_RzwhIZ/current_best.aig.iter_tmp.aig --gs 2 --syn-mode sat
INFO:root:Used seed: 7900822777039508498
INFO:root:Available time used up. Nof considered subcircuits: 2262
INFO:root:Initial #gates: 63; Final #gates: 62
Initial Depth:     12
Initial Nof gates: 63
Total time: 600.2040991783142
Initial #gates: 63; current #gates: 62
Initial depth: 12; current depth: 9
[C++] eSLIM optimization complete. Saved to /raid4/courses/eda2025f/eda25f17/AIG-Minimization/temp/run_RzwhIZ/current_best.aig.iter_tmp.aig
[Iterative] Size change: 63 -> 62
[Iterative] Improvement found! Updating best result.
[Fallback] Copied /raid4/courses/eda2025f/eda25f17/AIG-Minimization/temp/run_RzwhIZ/current_best.aig.iter_tmp.aig to /raid4/courses/eda2025f/eda25f17/AIG-Minimization/temp/run_RzwhIZ/current_best.aig
[Iterative] Iteration 4 (Limit: 600s)...
[C++] Executing eSLIM: PYTHONPATH=$PYTHONPATH:third_party/eslim/src .venv/bin/python3 third_party/eslim/src/reduce.py /raid4/courses/eda2025f/eda25f17/AIG-Minimization/temp/run_RzwhIZ/current_best.aig /raid4/courses/eda2025f/eda25f17/AIG-Minimization/temp/run_RzwhIZ/current_best.aig.iter_tmp.aig 600 --aig --aig-out /raid4/courses/eda2025f/eda25f17/AIG-Minimization/temp/run_RzwhIZ/current_best.aig.iter_tmp.aig --gs 2 --syn-mode sat
INFO:root:Used seed: 6539827485074975915
INFO:root:Available time used up. Nof considered subcircuits: 2391
INFO:root:Initial #gates: 62; Final #gates: 62
Initial Depth:     9
Initial Nof gates: 62
Total time: 600.114771604538
Initial #gates: 62; current #gates: 62
Initial depth: 9; current depth: 11
[C++] eSLIM optimization complete. Saved to /raid4/courses/eda2025f/eda25f17/AIG-Minimization/temp/run_RzwhIZ/current_best.aig.iter_tmp.aig
[Iterative] Size change: 62 -> 62
[Iterative] No improvement (Converged). Stopping.
[Iterative] Final Result: 62 AND gates.
--- Iteration 1 / 5 ---
[Step 1 (Simplifier)] Running... (Max: 11998s)
<Simplifier>(Tue Dec 16 14:28:23 2025) INFO: Processing benchmark tmp_sim_9383_in/tmp_sim_9383.bench.
[Check] Verification FAILED!
--- ABC Output ---

======== ABC command line "read /raid4/courses/eda2025f/eda25f17/AIG-Minimization/temp/run_RzwhIZ/golden.aig; cec /raid4/courses/eda2025f/eda25f17/AIG-Minimization/temp/run_RzwhIZ/temp_next.aig"
Networks have different number of primary inputs.
Miter computation has failed.
------------------
   [FAIL] Verification Failed. Discarding result.
[Step 2 (eSLIM)] Running... (Max: 11995s)
[Config] Total Limit: 11995s | Iteration Limit: 600s
[Main] Detected .aig file. Starting eSLIM Iterative Minimization...
[Iterative] Starting loop. Total Budget: 11995s, Step Budget: 600s
[Fallback] Copied /raid4/courses/eda2025f/eda25f17/AIG-Minimization/temp/run_RzwhIZ/current_best.aig to /raid4/courses/eda2025f/eda25f17/AIG-Minimization/temp/run_RzwhIZ/temp_next.aig
[Iterative] Initial Size: 62 AND gates.
[Iterative] Iteration 1 (Limit: 600s)...
[C++] Executing eSLIM: PYTHONPATH=$PYTHONPATH:third_party/eslim/src .venv/bin/python3 third_party/eslim/src/reduce.py /raid4/courses/eda2025f/eda25f17/AIG-Minimization/temp/run_RzwhIZ/temp_next.aig /raid4/courses/eda2025f/eda25f17/AIG-Minimization/temp/run_RzwhIZ/temp_next.aig.iter_tmp.aig 600 --aig --aig-out /raid4/courses/eda2025f/eda25f17/AIG-Minimization/temp/run_RzwhIZ/temp_next.aig.iter_tmp.aig --gs 2 --syn-mode sat
INFO:root:Used seed: 8709800939705579467
INFO:root:Available time used up. Nof considered subcircuits: 2630
INFO:root:Initial #gates: 62; Final #gates: 62
Initial Depth:     9
Initial Nof gates: 62
Total time: 600.2398481369019
Initial #gates: 62; current #gates: 62
Initial depth: 9; current depth: 9
[C++] eSLIM optimization complete. Saved to /raid4/courses/eda2025f/eda25f17/AIG-Minimization/temp/run_RzwhIZ/temp_next.aig.iter_tmp.aig
[Iterative] Size change: 62 -> 62
[Iterative] No improvement (Converged). Stopping.
[Iterative] Final Result: 62 AND gates.
[Check] Equivalent.
   [Pass] Verified.
[Step 3 (Teammate B)] Binary missing (skipping)...
--- Iteration 2 / 5 ---
[Step 1 (Simplifier)] Running... (Max: 11395s)
<Simplifier>(Tue Dec 16 14:38:26 2025) INFO: Processing benchmark tmp_sim_9383_in.
Can't open file, path is incorrect.
Aborted (core dumped)
[Warning] Simplifier failed. Copying input to output.
[Check] Equivalent.
   [Pass] Verified.
[Step 2 (eSLIM)] Running... (Max: 11392s)
[Config] Total Limit: 11392s | Iteration Limit: 600s
[Main] Detected .aig file. Starting eSLIM Iterative Minimization...
[Iterative] Starting loop. Total Budget: 11392s, Step Budget: 600s
[Fallback] Copied /raid4/courses/eda2025f/eda25f17/AIG-Minimization/temp/run_RzwhIZ/current_best.aig to /raid4/courses/eda2025f/eda25f17/AIG-Minimization/temp/run_RzwhIZ/temp_next.aig
[Iterative] Initial Size: 62 AND gates.
[Iterative] Iteration 1 (Limit: 600s)...
[C++] Executing eSLIM: PYTHONPATH=$PYTHONPATH:third_party/eslim/src .venv/bin/python3 third_party/eslim/src/reduce.py /raid4/courses/eda2025f/eda25f17/AIG-Minimization/temp/run_RzwhIZ/temp_next.aig /raid4/courses/eda2025f/eda25f17/AIG-Minimization/temp/run_RzwhIZ/temp_next.aig.iter_tmp.aig 600 --aig --aig-out /raid4/courses/eda2025f/eda25f17/AIG-Minimization/temp/run_RzwhIZ/temp_next.aig.iter_tmp.aig --gs 2 --syn-mode sat
INFO:root:Used seed: 8470993037338528307
INFO:root:Available time used up. Nof considered subcircuits: 2379
INFO:root:Initial #gates: 62; Final #gates: 62
Initial Depth:     9
Initial Nof gates: 62
Total time: 600.128169298172
Initial #gates: 62; current #gates: 62
Initial depth: 9; current depth: 11
[C++] eSLIM optimization complete. Saved to /raid4/courses/eda2025f/eda25f17/AIG-Minimization/temp/run_RzwhIZ/temp_next.aig.iter_tmp.aig
[Iterative] Size change: 62 -> 62
[Iterative] No improvement (Converged). Stopping.
[Iterative] Final Result: 62 AND gates.
[Check] Equivalent.
   [Pass] Verified.
[Step 3 (Teammate B)] Binary missing (skipping)...
--- Iteration 3 / 5 ---
[Step 1 (Simplifier)] Running... (Max: 10792s)
<Simplifier>(Tue Dec 16 14:48:29 2025) INFO: Processing benchmark tmp_sim_9383_in/tmp_sim_9383.bench.
[Warning] Simplifier failed. Copying input to output.
[Check] Equivalent.
   [Pass] Verified.
[Step 2 (eSLIM)] Running... (Max: 10789s)
[Config] Total Limit: 10789s | Iteration Limit: 600s
[Main] Detected .aig file. Starting eSLIM Iterative Minimization...
[Iterative] Starting loop. Total Budget: 10789s, Step Budget: 600s
[Fallback] Copied /raid4/courses/eda2025f/eda25f17/AIG-Minimization/temp/run_RzwhIZ/current_best.aig to /raid4/courses/eda2025f/eda25f17/AIG-Minimization/temp/run_RzwhIZ/temp_next.aig
[Iterative] Initial Size: 62 AND gates.
[Iterative] Iteration 1 (Limit: 600s)...
[C++] Executing eSLIM: PYTHONPATH=$PYTHONPATH:third_party/eslim/src .venv/bin/python3 third_party/eslim/src/reduce.py /raid4/courses/eda2025f/eda25f17/AIG-Minimization/temp/run_RzwhIZ/temp_next.aig /raid4/courses/eda2025f/eda25f17/AIG-Minimization/temp/run_RzwhIZ/temp_next.aig.iter_tmp.aig 600 --aig --aig-out /raid4/courses/eda2025f/eda25f17/AIG-Minimization/temp/run_RzwhIZ/temp_next.aig.iter_tmp.aig --gs 2 --syn-mode sat
INFO:root:Used seed: 8808951874094189091
INFO:root:Available time used up. Nof considered subcircuits: 2325
INFO:root:Initial #gates: 62; Final #gates: 62
Initial Depth:     9
Initial Nof gates: 62
Total time: 600.0096507072449
Initial #gates: 62; current #gates: 62
Initial depth: 9; current depth: 10
[C++] eSLIM optimization complete. Saved to /raid4/courses/eda2025f/eda25f17/AIG-Minimization/temp/run_RzwhIZ/temp_next.aig.iter_tmp.aig
[Iterative] Size change: 62 -> 62
[Iterative] No improvement (Converged). Stopping.
[Iterative] Final Result: 62 AND gates.
[Check] Equivalent.
   [Pass] Verified.
[Step 3 (Teammate B)] Binary missing (skipping)...
--- Iteration 4 / 5 ---
[Step 1 (Simplifier)] Running... (Max: 10188s)
<Simplifier>(Tue Dec 16 14:58:33 2025) INFO: Processing benchmark tmp_sim_9383_in.
Can't open file, path is incorrect.
Aborted (core dumped)
[Warning] Simplifier failed. Copying input to output.
[Check] Equivalent.
   [Pass] Verified.
[Step 2 (eSLIM)] Running... (Max: 10186s)
[Config] Total Limit: 10186s | Iteration Limit: 600s
[Main] Detected .aig file. Starting eSLIM Iterative Minimization...
[Iterative] Starting loop. Total Budget: 10186s, Step Budget: 600s
[Fallback] Copied /raid4/courses/eda2025f/eda25f17/AIG-Minimization/temp/run_RzwhIZ/current_best.aig to /raid4/courses/eda2025f/eda25f17/AIG-Minimization/temp/run_RzwhIZ/temp_next.aig
[Iterative] Initial Size: 62 AND gates.
[Iterative] Iteration 1 (Limit: 600s)...
[C++] Executing eSLIM: PYTHONPATH=$PYTHONPATH:third_party/eslim/src .venv/bin/python3 third_party/eslim/src/reduce.py /raid4/courses/eda2025f/eda25f17/AIG-Minimization/temp/run_RzwhIZ/temp_next.aig /raid4/courses/eda2025f/eda25f17/AIG-Minimization/temp/run_RzwhIZ/temp_next.aig.iter_tmp.aig 600 --aig --aig-out /raid4/courses/eda2025f/eda25f17/AIG-Minimization/temp/run_RzwhIZ/temp_next.aig.iter_tmp.aig --gs 2 --syn-mode sat
INFO:root:Used seed: 5168248384352092306
INFO:root:Available time used up. Nof considered subcircuits: 2599
INFO:root:Initial #gates: 62; Final #gates: 62
Initial Depth:     9
Initial Nof gates: 62
Total time: 600.235315322876
Initial #gates: 62; current #gates: 62
Initial depth: 9; current depth: 10
[C++] eSLIM optimization complete. Saved to /raid4/courses/eda2025f/eda25f17/AIG-Minimization/temp/run_RzwhIZ/temp_next.aig.iter_tmp.aig
[Iterative] Size change: 62 -> 62
[Iterative] No improvement (Converged). Stopping.
[Iterative] Final Result: 62 AND gates.
[Check] Equivalent.
   [Pass] Verified.
[Step 3 (Teammate B)] Binary missing (skipping)...
--- Iteration 5 / 5 ---
[Step 1 (Simplifier)] Running... (Max: 9585s)
<Simplifier>(Tue Dec 16 15:08:36 2025) INFO: Processing benchmark tmp_sim_9383_in.
Can't open file, path is incorrect.
Aborted (core dumped)
[Warning] Simplifier failed. Copying input to output.
[Check] Equivalent.
   [Pass] Verified.
[Step 2 (eSLIM)] Running... (Max: 9582s)
[Config] Total Limit: 9582s | Iteration Limit: 600s
[Main] Detected .aig file. Starting eSLIM Iterative Minimization...
[Iterative] Starting loop. Total Budget: 9582s, Step Budget: 600s
[Fallback] Copied /raid4/courses/eda2025f/eda25f17/AIG-Minimization/temp/run_RzwhIZ/current_best.aig to /raid4/courses/eda2025f/eda25f17/AIG-Minimization/temp/run_RzwhIZ/temp_next.aig
[Iterative] Initial Size: 62 AND gates.
[Iterative] Iteration 1 (Limit: 600s)...
[C++] Executing eSLIM: PYTHONPATH=$PYTHONPATH:third_party/eslim/src .venv/bin/python3 third_party/eslim/src/reduce.py /raid4/courses/eda2025f/eda25f17/AIG-Minimization/temp/run_RzwhIZ/temp_next.aig /raid4/courses/eda2025f/eda25f17/AIG-Minimization/temp/run_RzwhIZ/temp_next.aig.iter_tmp.aig 600 --aig --aig-out /raid4/courses/eda2025f/eda25f17/AIG-Minimization/temp/run_RzwhIZ/temp_next.aig.iter_tmp.aig --gs 2 --syn-mode sat
INFO:root:Used seed: 3585532435769262491
INFO:root:Available time used up. Nof considered subcircuits: 2689
INFO:root:Initial #gates: 62; Final #gates: 62
Initial Depth:     9
Initial Nof gates: 62
Total time: 601.0103561878204
Initial #gates: 62; current #gates: 62
Initial depth: 9; current depth: 10
[C++] eSLIM optimization complete. Saved to /raid4/courses/eda2025f/eda25f17/AIG-Minimization/temp/run_RzwhIZ/temp_next.aig.iter_tmp.aig
[Iterative] Size change: 62 -> 62
[Iterative] No improvement (Converged). Stopping.
[Iterative] Final Result: 62 AND gates.
[Check] Equivalent.
   [Pass] Verified.
[Step 3 (Teammate B)] Binary missing (skipping)...
[Success] Optimization loop completed.

[System] Saved best result to: ./results/2022/ex21.aig
