Phase 1: Initialization
[Config] Total Limit: 600s | Iteration Limit: 300s
[Main] Detected .truth file. Starting ABC Synthesis...
[ABC] Starting Optimization...
[ABC] Constructing network: 8 inputs, 8 outputs.
[ABC] Optimization successful.
[Main] Starting eSLIM Iterative Minimization...
[Iterative] Starting loop. Total Budget: 600s, Step Budget: 300s
[Fallback] Copied temp_abc_result.aig to current_best.aig
[Iterative] Initial Size: 1185 AND gates.
[Iterative] Iteration 1 (Limit: 300s)...
[C++] Executing eSLIM: PYTHONPATH=$PYTHONPATH:third_party/eslim/src .venv/bin/python3 third_party/eslim/src/reduce.py current_best.aig temp_iter_out.aig 300 --aig --aig-out temp_iter_out.aig --gs 2 --syn-mode sat
INFO:root:Used seed: 6026162524152988936
INFO:root:Available time used up. Nof considered subcircuits: 1518
INFO:root:Initial #gates: 1185; Final #gates: 985
Initial Depth:     14
Initial Nof gates: 1185
Total time: 300.177033662796
Initial #gates: 1185; current #gates: 985
Initial depth: 14; current depth: 67
[C++] eSLIM optimization complete. Saved to temp_iter_out.aig
[Iterative] Size change: 1185 -> 985
[Iterative] Improvement found! Updating best result.
[Fallback] Copied temp_iter_out.aig to current_best.aig
[Iterative] Iteration 2 (Limit: 300s)...
[C++] Executing eSLIM: PYTHONPATH=$PYTHONPATH:third_party/eslim/src .venv/bin/python3 third_party/eslim/src/reduce.py current_best.aig temp_iter_out.aig 300 --aig --aig-out temp_iter_out.aig --gs 2 --syn-mode sat
INFO:root:Used seed: 1597604310137480671
INFO:root:Available time used up. Nof considered subcircuits: 1311
INFO:root:Initial #gates: 985; Final #gates: 919
Initial Depth:     67
Initial Nof gates: 985
Total time: 300.24807476997375
Initial #gates: 985; current #gates: 919
Initial depth: 67; current depth: 72
[C++] eSLIM optimization complete. Saved to temp_iter_out.aig
[Iterative] Size change: 985 -> 918
[Iterative] Improvement found! Updating best result.
[Fallback] Copied temp_iter_out.aig to current_best.aig
[Iterative] Total time limit reached.
[Iterative] Final Result: 918 AND gates.
--- Iteration 1 / 5 ---
[Timeout] Global time limit reached.

[System] Saved best result to: ./results/2022/ex08.aig
