Phase 1: Initialization
[Config] Total Limit: 600s | Iteration Limit: 300s
[Main] Detected .truth file. Starting ABC Synthesis...
[ABC] Starting Optimization...
[ABC] Constructing network: 8 inputs, 8 outputs.
[ABC] Optimization successful.
[Main] Starting eSLIM Iterative Minimization...
[Iterative] Starting loop. Total Budget: 600s, Step Budget: 300s
[Fallback] Copied temp_abc_result.aig to current_best.aig
[Iterative] Initial Size: 1191 AND gates.
[Iterative] Iteration 1 (Limit: 300s)...
[C++] Executing eSLIM: PYTHONPATH=$PYTHONPATH:third_party/eslim/src .venv/bin/python3 third_party/eslim/src/reduce.py current_best.aig temp_iter_out.aig 300 --aig --aig-out temp_iter_out.aig --gs 2 --syn-mode sat
INFO:root:Used seed: 7423542394882885520
INFO:root:Available time used up. Nof considered subcircuits: 1544
INFO:root:Initial #gates: 1191; Final #gates: 976
Initial Depth:     14
Initial Nof gates: 1191
Total time: 300.0115978717804
Initial #gates: 1191; current #gates: 976
Initial depth: 14; current depth: 73
[C++] eSLIM optimization complete. Saved to temp_iter_out.aig
[Iterative] Size change: 1191 -> 976
[Iterative] Improvement found! Updating best result.
[Fallback] Copied temp_iter_out.aig to current_best.aig
[Iterative] Iteration 2 (Limit: 300s)...
[C++] Executing eSLIM: PYTHONPATH=$PYTHONPATH:third_party/eslim/src .venv/bin/python3 third_party/eslim/src/reduce.py current_best.aig temp_iter_out.aig 300 --aig --aig-out temp_iter_out.aig --gs 2 --syn-mode sat
INFO:root:Used seed: 6779027486037227965
INFO:root:Available time used up. Nof considered subcircuits: 1329
INFO:root:Initial #gates: 976; Final #gates: 898
Initial Depth:     73
Initial Nof gates: 976
Total time: 300.1691925525665
Initial #gates: 976; current #gates: 898
Initial depth: 73; current depth: 89
[C++] eSLIM optimization complete. Saved to temp_iter_out.aig
[Iterative] Size change: 976 -> 898
[Iterative] Improvement found! Updating best result.
[Fallback] Copied temp_iter_out.aig to current_best.aig
[Iterative] Total time limit reached.
[Iterative] Final Result: 898 AND gates.
--- Iteration 1 / 5 ---
[Timeout] Global time limit reached.

[System] Saved best result to: ./results/2022/ex09.aig
