Phase 1: Initialization
[Config] Total Limit: 1800s | Iteration Limit: 180s
[Main] Detected .truth file. Starting ABC Synthesis...
[ABC] Starting Optimization...
[ABC] Constructing network: 11 inputs, 11 outputs.
[ABC] Optimization successful.
[Main] Starting eSLIM Iterative Minimization...
[Iterative] Starting loop. Total Budget: 1800s, Step Budget: 180s
[Fallback] Copied temp_abc_result.aig to current_best.aig
[Iterative] Initial Size: 4731 AND gates.
[Iterative] Iteration 1 (Limit: 180s)...
[C++] Executing eSLIM: PYTHONPATH=$PYTHONPATH:third_party/eslim/src .venv/bin/python3 third_party/eslim/src/reduce.py current_best.aig temp_iter_out.aig 180 --aig --aig-out temp_iter_out.aig --gs 2 --syn-mode sat
INFO:root:Used seed: 7045540722817780980
INFO:root:Available time used up. Nof considered subcircuits: 1275
INFO:root:Initial #gates: 4731; Final #gates: 1543
Initial Depth:     22
Initial Nof gates: 4731
Total time: 180.4469006061554
Initial #gates: 4731; current #gates: 1543
Initial depth: 22; current depth: 57
[C++] eSLIM optimization complete. Saved to temp_iter_out.aig
[Iterative] Size change: 4731 -> 1495
[Iterative] Improvement found! Updating best result.
[Fallback] Copied temp_iter_out.aig to current_best.aig
[Iterative] Iteration 2 (Limit: 180s)...
[C++] Executing eSLIM: PYTHONPATH=$PYTHONPATH:third_party/eslim/src .venv/bin/python3 third_party/eslim/src/reduce.py current_best.aig temp_iter_out.aig 180 --aig --aig-out temp_iter_out.aig --gs 2 --syn-mode sat
INFO:root:Used seed: 6712182367936532588
INFO:root:Available time used up. Nof considered subcircuits: 974
INFO:root:Initial #gates: 1495; Final #gates: 256
Initial Depth:     56
Initial Nof gates: 1495
Total time: 180.42600226402283
Initial #gates: 1495; current #gates: 256
Initial depth: 56; current depth: 30
[C++] eSLIM optimization complete. Saved to temp_iter_out.aig
[Iterative] Size change: 1495 -> 253
[Iterative] Improvement found! Updating best result.
[Fallback] Copied temp_iter_out.aig to current_best.aig
[Iterative] Iteration 3 (Limit: 180s)...
[C++] Executing eSLIM: PYTHONPATH=$PYTHONPATH:third_party/eslim/src .venv/bin/python3 third_party/eslim/src/reduce.py current_best.aig temp_iter_out.aig 180 --aig --aig-out temp_iter_out.aig --gs 2 --syn-mode sat
INFO:root:Used seed: 6480949244294511157
INFO:root:Available time used up. Nof considered subcircuits: 609
INFO:root:Initial #gates: 253; Final #gates: 129
Initial Depth:     30
Initial Nof gates: 253
Total time: 180.69283485412598
Initial #gates: 253; current #gates: 129
Initial depth: 30; current depth: 28
[C++] eSLIM optimization complete. Saved to temp_iter_out.aig
[Iterative] Size change: 253 -> 129
[Iterative] Improvement found! Updating best result.
[Fallback] Copied temp_iter_out.aig to current_best.aig
[Iterative] Iteration 4 (Limit: 180s)...
[C++] Executing eSLIM: PYTHONPATH=$PYTHONPATH:third_party/eslim/src .venv/bin/python3 third_party/eslim/src/reduce.py current_best.aig temp_iter_out.aig 180 --aig --aig-out temp_iter_out.aig --gs 2 --syn-mode sat
INFO:root:Used seed: 7317561117636764363
INFO:root:Available time used up. Nof considered subcircuits: 832
INFO:root:Initial #gates: 129; Final #gates: 82
Initial Depth:     28
Initial Nof gates: 129
Total time: 180.04417157173157
Initial #gates: 129; current #gates: 82
Initial depth: 28; current depth: 14
[C++] eSLIM optimization complete. Saved to temp_iter_out.aig
[Iterative] Size change: 129 -> 82
[Iterative] Improvement found! Updating best result.
[Fallback] Copied temp_iter_out.aig to current_best.aig
[Iterative] Iteration 5 (Limit: 180s)...
[C++] Executing eSLIM: PYTHONPATH=$PYTHONPATH:third_party/eslim/src .venv/bin/python3 third_party/eslim/src/reduce.py current_best.aig temp_iter_out.aig 180 --aig --aig-out temp_iter_out.aig --gs 2 --syn-mode sat
INFO:root:Used seed: 7582525855101489820
INFO:root:Available time used up. Nof considered subcircuits: 1075
INFO:root:Initial #gates: 82; Final #gates: 82
Initial Depth:     14
Initial Nof gates: 82
Total time: 180.09769892692566
Initial #gates: 82; current #gates: 82
Initial depth: 14; current depth: 16
[C++] eSLIM optimization complete. Saved to temp_iter_out.aig
[Iterative] Size change: 82 -> 82
[Iterative] No improvement (Converged). Stopping.
[Iterative] Final Result: 82 AND gates.
--- Iteration 1 / 5 ---
[Step 1 (Simplifier)] Running... (Max: 897s)
<Simplifier>(Tue Dec 16 00:28:49 2025) INFO: Processing benchmark tmp_sim_9383_in/tmp_sim_9383.bench.
[Check] Equivalent.
   [Pass] Verified.
[Step 2 (eSLIM)] Running... (Max: 895s)
[Config] Total Limit: 895s | Iteration Limit: 180s
[Main] Detected .aig file. Starting eSLIM Iterative Minimization...
[Iterative] Starting loop. Total Budget: 895s, Step Budget: 180s
[Fallback] Copied current_best.aig to temp_next.aig
[Iterative] Initial Size: 82 AND gates.
[Iterative] Iteration 1 (Limit: 180s)...
[C++] Executing eSLIM: PYTHONPATH=$PYTHONPATH:third_party/eslim/src .venv/bin/python3 third_party/eslim/src/reduce.py temp_next.aig temp_iter_out.aig 180 --aig --aig-out temp_iter_out.aig --gs 2 --syn-mode sat
INFO:root:Used seed: 5212522395293689228
INFO:root:Available time used up. Nof considered subcircuits: 1166
INFO:root:Initial #gates: 82; Final #gates: 82
Initial Depth:     14
Initial Nof gates: 82
Total time: 180.08793020248413
Initial #gates: 82; current #gates: 82
Initial depth: 14; current depth: 14
[C++] eSLIM optimization complete. Saved to temp_iter_out.aig
[Iterative] Size change: 82 -> 82
[Iterative] No improvement (Converged). Stopping.
[Iterative] Final Result: 82 AND gates.
[Check] Equivalent.
   [Pass] Verified.
[Step 3 (Teammate B)] Binary missing (skipping)...
--- Iteration 2 / 5 ---
[Step 1 (Simplifier)] Running... (Max: 714s)
<Simplifier>(Tue Dec 16 00:31:52 2025) INFO: Processing benchmark tmp_sim_9383_in/tmp_sim_9383.bench.
[Check] Equivalent.
   [Pass] Verified.
[Step 2 (eSLIM)] Running... (Max: 712s)
[Config] Total Limit: 712s | Iteration Limit: 180s
[Main] Detected .aig file. Starting eSLIM Iterative Minimization...
[Iterative] Starting loop. Total Budget: 712s, Step Budget: 180s
[Fallback] Copied current_best.aig to temp_next.aig
[Iterative] Initial Size: 82 AND gates.
[Iterative] Iteration 1 (Limit: 180s)...
[C++] Executing eSLIM: PYTHONPATH=$PYTHONPATH:third_party/eslim/src .venv/bin/python3 third_party/eslim/src/reduce.py temp_next.aig temp_iter_out.aig 180 --aig --aig-out temp_iter_out.aig --gs 2 --syn-mode sat
INFO:root:Used seed: 6547538077595834165
INFO:root:Available time used up. Nof considered subcircuits: 1356
INFO:root:Initial #gates: 82; Final #gates: 76
Initial Depth:     14
Initial Nof gates: 82
Total time: 180.1990807056427
Initial #gates: 82; current #gates: 76
Initial depth: 14; current depth: 10
[C++] eSLIM optimization complete. Saved to temp_iter_out.aig
[Iterative] Size change: 82 -> 76
[Iterative] Improvement found! Updating best result.
[Fallback] Copied temp_iter_out.aig to temp_next.aig
[Iterative] Iteration 2 (Limit: 180s)...
[C++] Executing eSLIM: PYTHONPATH=$PYTHONPATH:third_party/eslim/src .venv/bin/python3 third_party/eslim/src/reduce.py temp_next.aig temp_iter_out.aig 180 --aig --aig-out temp_iter_out.aig --gs 2 --syn-mode sat
INFO:root:Used seed: 8853788453999022470
INFO:root:Available time used up. Nof considered subcircuits: 1515
INFO:root:Initial #gates: 76; Final #gates: 76
Initial Depth:     10
Initial Nof gates: 76
Total time: 180.12988543510437
Initial #gates: 76; current #gates: 76
Initial depth: 10; current depth: 11
[C++] eSLIM optimization complete. Saved to temp_iter_out.aig
[Iterative] Size change: 76 -> 76
[Iterative] No improvement (Converged). Stopping.
[Iterative] Final Result: 76 AND gates.
[Check] Equivalent.
   [Pass] Verified.
[Step 3 (Teammate B)] Binary missing (skipping)...
--- Iteration 3 / 5 ---
[Step 1 (Simplifier)] Running... (Max: 351s)
<Simplifier>(Tue Dec 16 00:37:55 2025) INFO: Processing benchmark tmp_sim_9383_in/tmp_sim_9383.bench.
[Check] Equivalent.
   [Pass] Verified.
[Step 2 (eSLIM)] Running... (Max: 349s)
[Config] Total Limit: 349s | Iteration Limit: 180s
[Main] Detected .aig file. Starting eSLIM Iterative Minimization...
[Iterative] Starting loop. Total Budget: 349s, Step Budget: 180s
[Fallback] Copied current_best.aig to temp_next.aig
[Iterative] Initial Size: 75 AND gates.
[Iterative] Iteration 1 (Limit: 180s)...
[C++] Executing eSLIM: PYTHONPATH=$PYTHONPATH:third_party/eslim/src .venv/bin/python3 third_party/eslim/src/reduce.py temp_next.aig temp_iter_out.aig 180 --aig --aig-out temp_iter_out.aig --gs 2 --syn-mode sat
INFO:root:Used seed: 2013053068632126049
INFO:root:Available time used up. Nof considered subcircuits: 1347
INFO:root:Initial #gates: 75; Final #gates: 74
Initial Depth:     10
Initial Nof gates: 75
Total time: 180.09875535964966
Initial #gates: 75; current #gates: 74
Initial depth: 10; current depth: 12
[C++] eSLIM optimization complete. Saved to temp_iter_out.aig
[Iterative] Size change: 75 -> 74
[Iterative] Improvement found! Updating best result.
[Fallback] Copied temp_iter_out.aig to temp_next.aig
[Iterative] Iteration 2 (Limit: 169s)...
[C++] Executing eSLIM: PYTHONPATH=$PYTHONPATH:third_party/eslim/src .venv/bin/python3 third_party/eslim/src/reduce.py temp_next.aig temp_iter_out.aig 169 --aig --aig-out temp_iter_out.aig --gs 2 --syn-mode sat
INFO:root:Used seed: 5918717783239134913
INFO:root:Available time used up. Nof considered subcircuits: 1277
INFO:root:Initial #gates: 74; Final #gates: 74
Initial Depth:     12
Initial Nof gates: 74
Total time: 169.20703125
Initial #gates: 74; current #gates: 74
Initial depth: 12; current depth: 11
[C++] eSLIM optimization complete. Saved to temp_iter_out.aig
[Iterative] Size change: 74 -> 74
[Iterative] No improvement (Converged). Stopping.
[Iterative] Final Result: 74 AND gates.
[Check] Equivalent.
   [Pass] Verified.
[Timeout] Time limit reached before Step 3 (Teammate B).

[System] Saved best result to: ./results/2022/ex22.aig
