Phase 1: Initialization
[Config] Total Limit: 600s | Iteration Limit: 300s
[Main] Detected .truth file. Starting ABC Synthesis...
[ABC] Starting Optimization...
[ABC] Constructing network: 5 inputs, 28 outputs.
[ABC] Optimization successful.
[Main] Starting eSLIM Iterative Minimization...
[Iterative] Starting loop. Total Budget: 600s, Step Budget: 300s
[Fallback] Copied temp_abc_result.aig to current_best.aig
[Iterative] Initial Size: 162 AND gates.
[Iterative] Iteration 1 (Limit: 300s)...
[C++] Executing eSLIM: PYTHONPATH=$PYTHONPATH:third_party/eslim/src .venv/bin/python3 third_party/eslim/src/reduce.py current_best.aig temp_iter_out.aig 300 --aig --aig-out temp_iter_out.aig --gs 2 --syn-mode sat
INFO:root:Used seed: 200259971054875508
INFO:root:Available time used up. Nof considered subcircuits: 1884
INFO:root:Initial #gates: 162; Final #gates: 94
Initial Depth:     8
Initial Nof gates: 162
Total time: 300.27398586273193
Initial #gates: 162; current #gates: 94
Initial depth: 8; current depth: 16
[C++] eSLIM optimization complete. Saved to temp_iter_out.aig
[Iterative] Size change: 162 -> 94
[Iterative] Improvement found! Updating best result.
[Fallback] Copied temp_iter_out.aig to current_best.aig
[Iterative] Iteration 2 (Limit: 300s)...
[C++] Executing eSLIM: PYTHONPATH=$PYTHONPATH:third_party/eslim/src .venv/bin/python3 third_party/eslim/src/reduce.py current_best.aig temp_iter_out.aig 300 --aig --aig-out temp_iter_out.aig --gs 2 --syn-mode sat
INFO:root:Used seed: 3057057851984663308
INFO:root:Available time used up. Nof considered subcircuits: 1494
INFO:root:Initial #gates: 94; Final #gates: 87
Initial Depth:     16
Initial Nof gates: 94
Total time: 300.7865285873413
Initial #gates: 94; current #gates: 87
Initial depth: 16; current depth: 34
[C++] eSLIM optimization complete. Saved to temp_iter_out.aig
[Iterative] Size change: 94 -> 87
[Iterative] Improvement found! Updating best result.
[Fallback] Copied temp_iter_out.aig to current_best.aig
[Iterative] Total time limit reached.
[Iterative] Final Result: 87 AND gates.
--- Iteration 1 / 5 ---
[Timeout] Global time limit reached.

[System] Saved best result to: ./results/2022/ex33.aig
