Phase 1: Initialization
[Config] Total Limit: 600s | Iteration Limit: 300s
[Main] Detected .truth file. Starting ABC Synthesis...
[ABC] Starting Optimization...
[ABC] Constructing network: 8 inputs, 2 outputs.
[ABC] Optimization successful.
[Main] Starting eSLIM Iterative Minimization...
[Iterative] Starting loop. Total Budget: 600s, Step Budget: 300s
[Fallback] Copied temp_abc_result.aig to current_best.aig
[Iterative] Initial Size: 229 AND gates.
[Iterative] Iteration 1 (Limit: 300s)...
[C++] Executing eSLIM: PYTHONPATH=$PYTHONPATH:third_party/eslim/src .venv/bin/python3 third_party/eslim/src/reduce.py current_best.aig temp_iter_out.aig 300 --aig --aig-out temp_iter_out.aig --gs 2 --syn-mode sat
INFO:root:Used seed: 7509087808474047294
INFO:root:Available time used up. Nof considered subcircuits: 1330
INFO:root:Initial #gates: 229; Final #gates: 19
Initial Depth:     14
Initial Nof gates: 229
Total time: 300.780713558197
Initial #gates: 229; current #gates: 19
Initial depth: 14; current depth: 8
[C++] eSLIM optimization complete. Saved to temp_iter_out.aig
[Iterative] Size change: 229 -> 19
[Iterative] Improvement found! Updating best result.
[Fallback] Copied temp_iter_out.aig to current_best.aig
[Iterative] Iteration 2 (Limit: 300s)...
[C++] Executing eSLIM: PYTHONPATH=$PYTHONPATH:third_party/eslim/src .venv/bin/python3 third_party/eslim/src/reduce.py current_best.aig temp_iter_out.aig 300 --aig --aig-out temp_iter_out.aig --gs 2 --syn-mode sat
INFO:root:Used seed: 5891242188740841167
INFO:root:Available time used up. Nof considered subcircuits: 1468
INFO:root:Initial #gates: 19; Final #gates: 19
Initial Depth:     8
Initial Nof gates: 19
Total time: 300.3905153274536
Initial #gates: 19; current #gates: 19
Initial depth: 8; current depth: 9
[C++] eSLIM optimization complete. Saved to temp_iter_out.aig
[Iterative] Size change: 19 -> 19
[Iterative] No improvement (Converged). Stopping.
[Iterative] Final Result: 19 AND gates.
--- Iteration 1 / 5 ---
[Timeout] Global time limit reached.

[System] Saved best result to: ./results/2022/ex50.aig
