Phase 1: Initialization
[Config] Total Limit: 1800s | Iteration Limit: 180s
[Main] Detected .truth file. Starting ABC Synthesis...
[ABC] Starting Optimization...
[ABC] Constructing network: 11 inputs, 3 outputs.
[ABC] Optimization successful.
[Main] Starting eSLIM Iterative Minimization...
[Iterative] Starting loop. Total Budget: 1800s, Step Budget: 180s
[Fallback] Copied temp_abc_result.aig to current_best.aig
[Iterative] Initial Size: 1133 AND gates.
[Iterative] Iteration 1 (Limit: 180s)...
[C++] Executing eSLIM: PYTHONPATH=$PYTHONPATH:third_party/eslim/src .venv/bin/python3 third_party/eslim/src/reduce.py current_best.aig temp_iter_out.aig 180 --aig --aig-out temp_iter_out.aig --gs 2 --syn-mode sat
INFO:root:Used seed: 7427574282824956718
INFO:root:Available time used up. Nof considered subcircuits: 820
INFO:root:Initial #gates: 1133; Final #gates: 53
Initial Depth:     19
Initial Nof gates: 1133
Total time: 180.06831216812134
Initial #gates: 1133; current #gates: 53
Initial depth: 19; current depth: 15
[C++] eSLIM optimization complete. Saved to temp_iter_out.aig
[Iterative] Size change: 1133 -> 53
[Iterative] Improvement found! Updating best result.
[Fallback] Copied temp_iter_out.aig to current_best.aig
[Iterative] Iteration 2 (Limit: 180s)...
[C++] Executing eSLIM: PYTHONPATH=$PYTHONPATH:third_party/eslim/src .venv/bin/python3 third_party/eslim/src/reduce.py current_best.aig temp_iter_out.aig 180 --aig --aig-out temp_iter_out.aig --gs 2 --syn-mode sat
INFO:root:Used seed: 893956843699769806
INFO:root:Available time used up. Nof considered subcircuits: 663
INFO:root:Initial #gates: 53; Final #gates: 53
Initial Depth:     15
Initial Nof gates: 53
Total time: 180.104238986969
Initial #gates: 53; current #gates: 53
Initial depth: 15; current depth: 15
[C++] eSLIM optimization complete. Saved to temp_iter_out.aig
[Iterative] Size change: 53 -> 53
[Iterative] No improvement (Converged). Stopping.
[Iterative] Final Result: 53 AND gates.
--- Iteration 1 / 5 ---
[Step 1 (Simplifier)] Running... (Max: 1439s)
<Simplifier>(Tue Dec 16 06:38:34 2025) INFO: Processing benchmark tmp_sim_9383_in/tmp_sim_9383.bench.
terminate called after throwing an instance of 'std::out_of_range'
  what():  map::at
Aborted (core dumped)
[Warning] Simplifier failed. Copying input to output.
[Check] Equivalent.
   [Pass] Verified.
[Step 2 (eSLIM)] Running... (Max: 1437s)
[Config] Total Limit: 1437s | Iteration Limit: 180s
[Main] Detected .aig file. Starting eSLIM Iterative Minimization...
[Iterative] Starting loop. Total Budget: 1437s, Step Budget: 180s
[Fallback] Copied current_best.aig to temp_next.aig
[Iterative] Initial Size: 53 AND gates.
[Iterative] Iteration 1 (Limit: 180s)...
[C++] Executing eSLIM: PYTHONPATH=$PYTHONPATH:third_party/eslim/src .venv/bin/python3 third_party/eslim/src/reduce.py temp_next.aig temp_iter_out.aig 180 --aig --aig-out temp_iter_out.aig --gs 2 --syn-mode sat
INFO:root:Used seed: 2896334800332901983
INFO:root:Available time used up. Nof considered subcircuits: 741
INFO:root:Initial #gates: 53; Final #gates: 43
Initial Depth:     15
Initial Nof gates: 53
Total time: 180.22524571418762
Initial #gates: 53; current #gates: 43
Initial depth: 15; current depth: 15
[C++] eSLIM optimization complete. Saved to temp_iter_out.aig
[Iterative] Size change: 53 -> 43
[Iterative] Improvement found! Updating best result.
[Fallback] Copied temp_iter_out.aig to temp_next.aig
[Iterative] Iteration 2 (Limit: 180s)...
[C++] Executing eSLIM: PYTHONPATH=$PYTHONPATH:third_party/eslim/src .venv/bin/python3 third_party/eslim/src/reduce.py temp_next.aig temp_iter_out.aig 180 --aig --aig-out temp_iter_out.aig --gs 2 --syn-mode sat
INFO:root:Used seed: 8195441240907151495
INFO:root:Available time used up. Nof considered subcircuits: 858
INFO:root:Initial #gates: 43; Final #gates: 43
Initial Depth:     15
Initial Nof gates: 43
Total time: 180.13274693489075
Initial #gates: 43; current #gates: 43
Initial depth: 15; current depth: 13
[C++] eSLIM optimization complete. Saved to temp_iter_out.aig
[Iterative] Size change: 43 -> 43
[Iterative] No improvement (Converged). Stopping.
[Iterative] Final Result: 43 AND gates.
[Check] Equivalent.
   [Pass] Verified.
[Step 3 (Teammate B)] Binary missing (skipping)...
--- Iteration 2 / 5 ---
[Step 1 (Simplifier)] Running... (Max: 1076s)
<Simplifier>(Tue Dec 16 06:44:38 2025) INFO: Processing benchmark tmp_sim_9383_in/tmp_sim_9383.bench.
[Check] Verification FAILED!
--- ABC Output ---

======== ABC command line "read golden.aig; cec temp_next.aig"
Networks are NOT EQUIVALENT.  Time =     0.01 sec
Verification failed for at least 2 outputs:  po1 po2
Output po1: Value in Network1 = 1. Value in Network2 = 0.
Input pattern:  pi09=0 pi08=0 pi00=1 pi04=0 pi01=0 pi03=0 pi02=0 pi05=0 pi06=0 pi07=0 pi10=0
------------------
   [FAIL] Verification Failed. Discarding result.
[Step 2 (eSLIM)] Running... (Max: 1074s)
[Config] Total Limit: 1074s | Iteration Limit: 180s
[Main] Detected .aig file. Starting eSLIM Iterative Minimization...
[Iterative] Starting loop. Total Budget: 1074s, Step Budget: 180s
[Fallback] Copied current_best.aig to temp_next.aig
[Iterative] Initial Size: 43 AND gates.
[Iterative] Iteration 1 (Limit: 180s)...
[C++] Executing eSLIM: PYTHONPATH=$PYTHONPATH:third_party/eslim/src .venv/bin/python3 third_party/eslim/src/reduce.py temp_next.aig temp_iter_out.aig 180 --aig --aig-out temp_iter_out.aig --gs 2 --syn-mode sat
INFO:root:Used seed: 209626863894331437
INFO:root:Available time used up. Nof considered subcircuits: 700
INFO:root:Initial #gates: 43; Final #gates: 40
Initial Depth:     15
Initial Nof gates: 43
Total time: 180.31671810150146
Initial #gates: 43; current #gates: 40
Initial depth: 15; current depth: 13
[C++] eSLIM optimization complete. Saved to temp_iter_out.aig
[Iterative] Size change: 43 -> 40
[Iterative] Improvement found! Updating best result.
[Fallback] Copied temp_iter_out.aig to temp_next.aig
[Iterative] Iteration 2 (Limit: 180s)...
[C++] Executing eSLIM: PYTHONPATH=$PYTHONPATH:third_party/eslim/src .venv/bin/python3 third_party/eslim/src/reduce.py temp_next.aig temp_iter_out.aig 180 --aig --aig-out temp_iter_out.aig --gs 2 --syn-mode sat
INFO:root:Used seed: 5344249117522594094
INFO:root:Available time used up. Nof considered subcircuits: 886
INFO:root:Initial #gates: 40; Final #gates: 40
Initial Depth:     13
Initial Nof gates: 40
Total time: 180.04659724235535
Initial #gates: 40; current #gates: 40
Initial depth: 13; current depth: 13
[C++] eSLIM optimization complete. Saved to temp_iter_out.aig
[Iterative] Size change: 40 -> 40
[Iterative] No improvement (Converged). Stopping.
[Iterative] Final Result: 40 AND gates.
[Check] Equivalent.
   [Pass] Verified.
[Step 3 (Teammate B)] Binary missing (skipping)...
--- Iteration 3 / 5 ---
[Step 1 (Simplifier)] Running... (Max: 713s)
<Simplifier>(Tue Dec 16 06:50:40 2025) INFO: Processing benchmark tmp_sim_9383_in/tmp_sim_9383.bench.
[Check] Verification FAILED!
--- ABC Output ---

======== ABC command line "read golden.aig; cec temp_next.aig"
Networks are NOT EQUIVALENT.  Time =     0.01 sec
Verification failed for at least 2 outputs:  po0 po1
Output po0: Value in Network1 = 0. Value in Network2 = 1.
Input pattern:  pi07=0 pi06=0 pi10=0 pi05=0 pi08=0 pi00=1 pi04=0 pi01=0 pi03=0 pi02=0 pi09=0
------------------
   [FAIL] Verification Failed. Discarding result.
[Step 2 (eSLIM)] Running... (Max: 711s)
[Config] Total Limit: 711s | Iteration Limit: 180s
[Main] Detected .aig file. Starting eSLIM Iterative Minimization...
[Iterative] Starting loop. Total Budget: 711s, Step Budget: 180s
[Fallback] Copied current_best.aig to temp_next.aig
[Iterative] Initial Size: 40 AND gates.
[Iterative] Iteration 1 (Limit: 180s)...
[C++] Executing eSLIM: PYTHONPATH=$PYTHONPATH:third_party/eslim/src .venv/bin/python3 third_party/eslim/src/reduce.py temp_next.aig temp_iter_out.aig 180 --aig --aig-out temp_iter_out.aig --gs 2 --syn-mode sat
INFO:root:Used seed: 1011156279024004791
INFO:root:Available time used up. Nof considered subcircuits: 802
INFO:root:Initial #gates: 40; Final #gates: 40
Initial Depth:     13
Initial Nof gates: 40
Total time: 180.614750623703
Initial #gates: 40; current #gates: 40
Initial depth: 13; current depth: 14
[C++] eSLIM optimization complete. Saved to temp_iter_out.aig
[Iterative] Size change: 40 -> 40
[Iterative] No improvement (Converged). Stopping.
[Iterative] Final Result: 40 AND gates.
[Check] Equivalent.
   [Pass] Verified.
[Step 3 (Teammate B)] Binary missing (skipping)...
--- Iteration 4 / 5 ---
[Step 1 (Simplifier)] Running... (Max: 530s)
<Simplifier>(Tue Dec 16 06:53:43 2025) INFO: Processing benchmark tmp_sim_9383_in/tmp_sim_9383.bench.
[Check] Verification FAILED!
--- ABC Output ---

======== ABC command line "read golden.aig; cec temp_next.aig"
Networks are NOT EQUIVALENT.  Time =     0.01 sec
Verification failed for at least 2 outputs:  po0 po1
Output po0: Value in Network1 = 0. Value in Network2 = 1.
Input pattern:  pi07=0 pi06=0 pi10=0 pi05=0 pi08=0 pi00=1 pi04=0 pi01=0 pi03=0 pi02=0 pi09=0
------------------
   [FAIL] Verification Failed. Discarding result.
[Step 2 (eSLIM)] Running... (Max: 528s)
[Config] Total Limit: 528s | Iteration Limit: 180s
[Main] Detected .aig file. Starting eSLIM Iterative Minimization...
[Iterative] Starting loop. Total Budget: 528s, Step Budget: 180s
[Fallback] Copied current_best.aig to temp_next.aig
[Iterative] Initial Size: 40 AND gates.
[Iterative] Iteration 1 (Limit: 180s)...
[C++] Executing eSLIM: PYTHONPATH=$PYTHONPATH:third_party/eslim/src .venv/bin/python3 third_party/eslim/src/reduce.py temp_next.aig temp_iter_out.aig 180 --aig --aig-out temp_iter_out.aig --gs 2 --syn-mode sat
INFO:root:Used seed: 3680737350976367196
INFO:root:Available time used up. Nof considered subcircuits: 855
INFO:root:Initial #gates: 40; Final #gates: 40
Initial Depth:     13
Initial Nof gates: 40
Total time: 180.35345602035522
Initial #gates: 40; current #gates: 40
Initial depth: 13; current depth: 14
[C++] eSLIM optimization complete. Saved to temp_iter_out.aig
[Iterative] Size change: 40 -> 40
[Iterative] No improvement (Converged). Stopping.
[Iterative] Final Result: 40 AND gates.
[Check] Equivalent.
   [Pass] Verified.
[Step 3 (Teammate B)] Binary missing (skipping)...
--- Iteration 5 / 5 ---
[Step 1 (Simplifier)] Running... (Max: 347s)
<Simplifier>(Tue Dec 16 06:56:47 2025) INFO: Processing benchmark tmp_sim_9383_in/tmp_sim_9383.bench.
[Check] Verification FAILED!
--- ABC Output ---

======== ABC command line "read golden.aig; cec temp_next.aig"
Networks are NOT EQUIVALENT.  Time =     0.01 sec
Verification failed for at least 2 outputs:  po0 po1
Output po0: Value in Network1 = 0. Value in Network2 = 1.
Input pattern:  pi07=0 pi06=0 pi10=0 pi05=0 pi08=0 pi00=1 pi04=0 pi01=0 pi03=0 pi02=0 pi09=0
------------------
   [FAIL] Verification Failed. Discarding result.
[Step 2 (eSLIM)] Running... (Max: 345s)
[Config] Total Limit: 345s | Iteration Limit: 180s
[Main] Detected .aig file. Starting eSLIM Iterative Minimization...
[Iterative] Starting loop. Total Budget: 345s, Step Budget: 180s
[Fallback] Copied current_best.aig to temp_next.aig
[Iterative] Initial Size: 40 AND gates.
[Iterative] Iteration 1 (Limit: 180s)...
[C++] Executing eSLIM: PYTHONPATH=$PYTHONPATH:third_party/eslim/src .venv/bin/python3 third_party/eslim/src/reduce.py temp_next.aig temp_iter_out.aig 180 --aig --aig-out temp_iter_out.aig --gs 2 --syn-mode sat
INFO:root:Used seed: 2809328919405801918
INFO:root:Available time used up. Nof considered subcircuits: 791
INFO:root:Initial #gates: 40; Final #gates: 40
Initial Depth:     13
Initial Nof gates: 40
Total time: 180.08979439735413
Initial #gates: 40; current #gates: 40
Initial depth: 13; current depth: 12
[C++] eSLIM optimization complete. Saved to temp_iter_out.aig
[Iterative] Size change: 40 -> 40
[Iterative] No improvement (Converged). Stopping.
[Iterative] Final Result: 40 AND gates.
[Check] Equivalent.
   [Pass] Verified.
[Step 3 (Teammate B)] Binary missing (skipping)...
[Success] Optimization loop completed.

[System] Saved best result to: ./results/2022/ex94.aig
