Phase 1: Initialization
[Config] Total Limit: 600s | Iteration Limit: 300s
[Main] Detected .truth file. Starting ABC Synthesis...
[ABC] Starting Optimization...
[ABC] Constructing network: 8 inputs, 1 outputs.
[ABC] Optimization successful.
[Main] Starting eSLIM Iterative Minimization...
[Iterative] Starting loop. Total Budget: 600s, Step Budget: 300s
[Fallback] Copied temp_abc_result.aig to current_best.aig
[Iterative] Initial Size: 190 AND gates.
[Iterative] Iteration 1 (Limit: 300s)...
[C++] Executing eSLIM: PYTHONPATH=$PYTHONPATH:third_party/eslim/src .venv/bin/python3 third_party/eslim/src/reduce.py current_best.aig temp_iter_out.aig 300 --aig --aig-out temp_iter_out.aig --gs 2 --syn-mode sat
INFO:root:Used seed: 610718021338800504
INFO:root:Available time used up. Nof considered subcircuits: 926
INFO:root:Initial #gates: 190; Final #gates: 31
Initial Depth:     14
Initial Nof gates: 190
Total time: 300.1842110157013
Initial #gates: 190; current #gates: 31
Initial depth: 14; current depth: 13
[C++] eSLIM optimization complete. Saved to temp_iter_out.aig
[Iterative] Size change: 190 -> 31
[Iterative] Improvement found! Updating best result.
[Fallback] Copied temp_iter_out.aig to current_best.aig
[Iterative] Iteration 2 (Limit: 300s)...
[C++] Executing eSLIM: PYTHONPATH=$PYTHONPATH:third_party/eslim/src .venv/bin/python3 third_party/eslim/src/reduce.py current_best.aig temp_iter_out.aig 300 --aig --aig-out temp_iter_out.aig --gs 2 --syn-mode sat
INFO:root:Used seed: 2791658603184624385
INFO:root:Available time used up. Nof considered subcircuits: 738
INFO:root:Initial #gates: 31; Final #gates: 30
Initial Depth:     13
Initial Nof gates: 31
Total time: 300.13605189323425
Initial #gates: 31; current #gates: 30
Initial depth: 13; current depth: 11
[C++] eSLIM optimization complete. Saved to temp_iter_out.aig
[Iterative] Size change: 31 -> 30
[Iterative] Improvement found! Updating best result.
[Fallback] Copied temp_iter_out.aig to current_best.aig
[Iterative] Total time limit reached.
[Iterative] Final Result: 30 AND gates.
--- Iteration 1 / 5 ---
[Timeout] Global time limit reached.

[System] Saved best result to: ./results/2022/ex03.aig
