Phase 1: Initialization
[Config] Total Limit: 600s | Iteration Limit: 300s
[Main] Detected .truth file. Starting ABC Synthesis...
[ABC] Starting Optimization...
[ABC] Constructing network: 10 inputs, 1 outputs.
[ABC] Optimization successful.
[Main] Starting eSLIM Iterative Minimization...
[Iterative] Starting loop. Total Budget: 600s, Step Budget: 300s
[Fallback] Copied temp_abc_result.aig to current_best.aig
[Iterative] Initial Size: 945 AND gates.
[Iterative] Iteration 1 (Limit: 300s)...
[C++] Executing eSLIM: PYTHONPATH=$PYTHONPATH:third_party/eslim/src .venv/bin/python3 third_party/eslim/src/reduce.py current_best.aig temp_iter_out.aig 300 --aig --aig-out temp_iter_out.aig --gs 2 --syn-mode sat
INFO:root:Used seed: 5690707532117012052
INFO:root:Available time used up. Nof considered subcircuits: 1079
INFO:root:Initial #gates: 945; Final #gates: 610
Initial Depth:     17
Initial Nof gates: 945
Total time: 300.42967534065247
Initial #gates: 945; current #gates: 610
Initial depth: 17; current depth: 65
[C++] eSLIM optimization complete. Saved to temp_iter_out.aig
[Iterative] Size change: 945 -> 607
[Iterative] Improvement found! Updating best result.
[Fallback] Copied temp_iter_out.aig to current_best.aig
[Iterative] Iteration 2 (Limit: 300s)...
[C++] Executing eSLIM: PYTHONPATH=$PYTHONPATH:third_party/eslim/src .venv/bin/python3 third_party/eslim/src/reduce.py current_best.aig temp_iter_out.aig 300 --aig --aig-out temp_iter_out.aig --gs 2 --syn-mode sat
INFO:root:Used seed: 210186303085978683
INFO:root:Available time used up. Nof considered subcircuits: 974
INFO:root:Initial #gates: 607; Final #gates: 507
Initial Depth:     64
Initial Nof gates: 607
Total time: 300.2848308086395
Initial #gates: 607; current #gates: 507
Initial depth: 64; current depth: 41
[C++] eSLIM optimization complete. Saved to temp_iter_out.aig
[Iterative] Size change: 607 -> 507
[Iterative] Improvement found! Updating best result.
[Fallback] Copied temp_iter_out.aig to current_best.aig
[Iterative] Total time limit reached.
[Iterative] Final Result: 507 AND gates.
--- Iteration 1 / 5 ---
[Timeout] Global time limit reached.

[System] Saved best result to: ./results/2022/ex04.aig
