Phase 1: Initialization
[Config] Total Limit: 600s | Iteration Limit: 300s
[Main] Detected .truth file. Starting ABC Synthesis...
[ABC] Starting Optimization...
[ABC] Constructing network: 12 inputs, 1 outputs.
[ABC] Optimization successful.
[Main] Starting eSLIM Iterative Minimization...
[Iterative] Starting loop. Total Budget: 600s, Step Budget: 300s
[Fallback] Copied temp_abc_result.aig to current_best.aig
[Iterative] Initial Size: 2606 AND gates.
[Iterative] Iteration 1 (Limit: 300s)...
[C++] Executing eSLIM: PYTHONPATH=$PYTHONPATH:third_party/eslim/src .venv/bin/python3 third_party/eslim/src/reduce.py current_best.aig temp_iter_out.aig 300 --aig --aig-out temp_iter_out.aig --gs 2 --syn-mode sat
INFO:root:Used seed: 6284365654605878745
INFO:root:Available time used up. Nof considered subcircuits: 1563
INFO:root:Initial #gates: 2606; Final #gates: 549
Initial Depth:     21
Initial Nof gates: 2606
Total time: 300.5370993614197
Initial #gates: 2606; current #gates: 549
Initial depth: 21; current depth: 84
[C++] eSLIM optimization complete. Saved to temp_iter_out.aig
[Iterative] Size change: 2606 -> 540
[Iterative] Improvement found! Updating best result.
[Fallback] Copied temp_iter_out.aig to current_best.aig
[Iterative] Iteration 2 (Limit: 300s)...
[C++] Executing eSLIM: PYTHONPATH=$PYTHONPATH:third_party/eslim/src .venv/bin/python3 third_party/eslim/src/reduce.py current_best.aig temp_iter_out.aig 300 --aig --aig-out temp_iter_out.aig --gs 2 --syn-mode sat
INFO:root:Used seed: 1806853037965432295
INFO:root:Available time used up. Nof considered subcircuits: 912
INFO:root:Initial #gates: 540; Final #gates: 379
Initial Depth:     83
Initial Nof gates: 540
Total time: 300.265811920166
Initial #gates: 540; current #gates: 379
Initial depth: 83; current depth: 70
[C++] eSLIM optimization complete. Saved to temp_iter_out.aig
[Iterative] Size change: 540 -> 379
[Iterative] Improvement found! Updating best result.
[Fallback] Copied temp_iter_out.aig to current_best.aig
[Iterative] Total time limit reached.
[Iterative] Final Result: 379 AND gates.
--- Iteration 1 / 5 ---
[Timeout] Global time limit reached.

[System] Saved best result to: ./results/2022/ex07.aig
