Phase 1: Initialization
[Config] Total Limit: 600s | Iteration Limit: 300s
[Main] Detected .truth file. Starting ABC Synthesis...
[ABC] Starting Optimization...
[ABC] Constructing network: 12 inputs, 3 outputs.
[ABC] Optimization successful.
[Main] Starting eSLIM Iterative Minimization...
[Iterative] Starting loop. Total Budget: 600s, Step Budget: 300s
[Fallback] Copied temp_abc_result.aig to current_best.aig
[Iterative] Initial Size: 6776 AND gates.
[Iterative] Iteration 1 (Limit: 300s)...
[C++] Executing eSLIM: PYTHONPATH=$PYTHONPATH:third_party/eslim/src .venv/bin/python3 third_party/eslim/src/reduce.py current_best.aig temp_iter_out.aig 300 --aig --aig-out temp_iter_out.aig --gs 2 --syn-mode sat
INFO:root:Used seed: 7341212861717017864
INFO:root:Available time used up. Nof considered subcircuits: 1157
INFO:root:Initial #gates: 6776; Final #gates: 5758
Initial Depth:     21
Initial Nof gates: 6776
Total time: 300.01960921287537
Initial #gates: 6776; current #gates: 5758
Initial depth: 21; current depth: 64
[C++] eSLIM optimization complete. Saved to temp_iter_out.aig
[Iterative] Size change: 6776 -> 5738
[Iterative] Improvement found! Updating best result.
[Fallback] Copied temp_iter_out.aig to current_best.aig
[Iterative] Iteration 2 (Limit: 300s)...
[C++] Executing eSLIM: PYTHONPATH=$PYTHONPATH:third_party/eslim/src .venv/bin/python3 third_party/eslim/src/reduce.py current_best.aig temp_iter_out.aig 300 --aig --aig-out temp_iter_out.aig --gs 2 --syn-mode sat
INFO:root:Used seed: 3053721861351630918
INFO:root:Available time used up. Nof considered subcircuits: 1237
INFO:root:Initial #gates: 5738; Final #gates: 4376
Initial Depth:     64
Initial Nof gates: 5738
Total time: 300.0533752441406
Initial #gates: 5738; current #gates: 4376
Initial depth: 64; current depth: 91
[C++] eSLIM optimization complete. Saved to temp_iter_out.aig
[Iterative] Size change: 5738 -> 4347
[Iterative] Improvement found! Updating best result.
[Fallback] Copied temp_iter_out.aig to current_best.aig
[Iterative] Total time limit reached.
[Iterative] Final Result: 4347 AND gates.
--- Iteration 1 / 5 ---
[Timeout] Global time limit reached.

[System] Saved best result to: ./results/2022/ex75.aig
